{"/home/runner/work/alfresco-extract-system/alfresco-extract-system/frontend/src/App.tsx": {"path":"/home/runner/work/alfresco-extract-system/alfresco-extract-system/frontend/src/App.tsx","all":false,"statementMap":{"0":{"start":{"line":1,"column":0},"end":{"line":1,"column":8}},"1":{"start":{"line":2,"column":0},"end":{"line":2,"column":18}},"2":{"start":{"line":3,"column":0},"end":{"line":3,"column":20}},"3":{"start":{"line":4,"column":0},"end":{"line":4,"column":33}},"4":{"start":{"line":5,"column":0},"end":{"line":5,"column":23}},"5":{"start":{"line":6,"column":0},"end":{"line":6,"column":73}},"6":{"start":{"line":7,"column":0},"end":{"line":7,"column":8}},"7":{"start":{"line":8,"column":0},"end":{"line":8,"column":22}},"8":{"start":{"line":9,"column":0},"end":{"line":9,"column":17}},"9":{"start":{"line":10,"column":0},"end":{"line":10,"column":11}},"10":{"start":{"line":11,"column":0},"end":{"line":11,"column":26}},"11":{"start":{"line":12,"column":0},"end":{"line":12,"column":32}},"12":{"start":{"line":13,"column":0},"end":{"line":13,"column":51}},"13":{"start":{"line":14,"column":0},"end":{"line":14,"column":46}},"14":{"start":{"line":15,"column":0},"end":{"line":15,"column":52}},"15":{"start":{"line":16,"column":0},"end":{"line":16,"column":44}},"16":{"start":{"line":17,"column":0},"end":{"line":17,"column":54}},"17":{"start":{"line":18,"column":0},"end":{"line":18,"column":0}},"18":{"start":{"line":19,"column":0},"end":{"line":19,"column":59}},"19":{"start":{"line":20,"column":0},"end":{"line":20,"column":26}},"20":{"start":{"line":21,"column":0},"end":{"line":21,"column":3}},"21":{"start":{"line":22,"column":0},"end":{"line":22,"column":0}},"22":{"start":{"line":23,"column":0},"end":{"line":23,"column":37}},"23":{"start":{"line":24,"column":0},"end":{"line":24,"column":19}},"24":{"start":{"line":25,"column":0},"end":{"line":25,"column":14}},"25":{"start":{"line":26,"column":0},"end":{"line":26,"column":15}},"26":{"start":{"line":27,"column":0},"end":{"line":27,"column":24}},"27":{"start":{"line":28,"column":0},"end":{"line":28,"column":6}},"28":{"start":{"line":29,"column":0},"end":{"line":29,"column":4}},"29":{"start":{"line":30,"column":0},"end":{"line":30,"column":3}},"30":{"start":{"line":31,"column":0},"end":{"line":31,"column":0}},"31":{"start":{"line":32,"column":0},"end":{"line":32,"column":36}},"32":{"start":{"line":33,"column":0},"end":{"line":33,"column":3}},"33":{"start":{"line":34,"column":0},"end":{"line":34,"column":27}},"34":{"start":{"line":35,"column":0},"end":{"line":35,"column":15}},"35":{"start":{"line":36,"column":0},"end":{"line":36,"column":65}},"36":{"start":{"line":37,"column":0},"end":{"line":37,"column":48}},"37":{"start":{"line":38,"column":0},"end":{"line":38,"column":69}},"38":{"start":{"line":39,"column":0},"end":{"line":39,"column":46}},"39":{"start":{"line":40,"column":0},"end":{"line":40,"column":58}},"40":{"start":{"line":41,"column":0},"end":{"line":41,"column":6}},"41":{"start":{"line":42,"column":0},"end":{"line":42,"column":4}},"42":{"start":{"line":43,"column":0},"end":{"line":43,"column":3}},"43":{"start":{"line":44,"column":0},"end":{"line":44,"column":0}},"44":{"start":{"line":45,"column":0},"end":{"line":45,"column":23}},"45":{"start":{"line":46,"column":0},"end":{"line":46,"column":10}},"46":{"start":{"line":47,"column":0},"end":{"line":47,"column":46}},"47":{"start":{"line":48,"column":0},"end":{"line":48,"column":77}},"48":{"start":{"line":49,"column":0},"end":{"line":49,"column":64}},"49":{"start":{"line":50,"column":0},"end":{"line":50,"column":42}},"50":{"start":{"line":51,"column":0},"end":{"line":51,"column":24}},"51":{"start":{"line":52,"column":0},"end":{"line":52,"column":26}},"52":{"start":{"line":53,"column":0},"end":{"line":53,"column":4}},"53":{"start":{"line":54,"column":0},"end":{"line":54,"column":1}}},"s":{"0":1,"1":1,"2":1,"3":1,"4":1,"5":1,"6":1,"7":1,"8":1,"9":1,"10":1,"11":1,"12":1,"13":1,"14":1,"15":1,"16":1,"17":1,"18":1,"19":1,"20":1,"21":1,"22":1,"23":1,"24":1,"25":1,"26":1,"27":1,"28":1,"29":1,"30":1,"31":1,"32":1,"33":1,"34":1,"35":1,"36":1,"37":1,"38":1,"39":1,"40":1,"41":1,"42":1,"43":1,"44":1,"45":1,"46":1,"47":1,"48":1,"49":1,"50":1,"51":1,"52":1,"53":1},"branchMap":{"0":{"type":"branch","line":45,"loc":{"start":{"line":45,"column":7},"end":{"line":54,"column":1}},"locations":[{"start":{"line":45,"column":7},"end":{"line":54,"column":1}}]}},"b":{"0":[1]},"fnMap":{"0":{"name":"App","decl":{"start":{"line":45,"column":7},"end":{"line":54,"column":1}},"loc":{"start":{"line":45,"column":7},"end":{"line":54,"column":1}},"line":45}},"f":{"0":1}}
,"/home/runner/work/alfresco-extract-system/alfresco-extract-system/frontend/src/theme.ts": {"path":"/home/runner/work/alfresco-extract-system/alfresco-extract-system/frontend/src/theme.ts","all":false,"statementMap":{"0":{"start":{"line":1,"column":0},"end":{"line":1,"column":64}},"1":{"start":{"line":2,"column":0},"end":{"line":2,"column":0}},"2":{"start":{"line":3,"column":0},"end":{"line":3,"column":35}},"3":{"start":{"line":4,"column":0},"end":{"line":4,"column":12}},"4":{"start":{"line":5,"column":0},"end":{"line":5,"column":12}},"5":{"start":{"line":6,"column":0},"end":{"line":6,"column":12}},"6":{"start":{"line":7,"column":0},"end":{"line":7,"column":12}},"7":{"start":{"line":8,"column":0},"end":{"line":8,"column":12}},"8":{"start":{"line":9,"column":0},"end":{"line":9,"column":12}},"9":{"start":{"line":10,"column":0},"end":{"line":10,"column":12}},"10":{"start":{"line":11,"column":0},"end":{"line":11,"column":12}},"11":{"start":{"line":12,"column":0},"end":{"line":12,"column":12}},"12":{"start":{"line":13,"column":0},"end":{"line":13,"column":12}},"13":{"start":{"line":14,"column":0},"end":{"line":14,"column":2}},"14":{"start":{"line":15,"column":0},"end":{"line":15,"column":0}},"15":{"start":{"line":16,"column":0},"end":{"line":16,"column":34}},"16":{"start":{"line":17,"column":0},"end":{"line":17,"column":24}},"17":{"start":{"line":18,"column":0},"end":{"line":18,"column":20}},"18":{"start":{"line":19,"column":0},"end":{"line":19,"column":13}},"19":{"start":{"line":20,"column":0},"end":{"line":20,"column":81}},"20":{"start":{"line":21,"column":0},"end":{"line":21,"column":13}},"21":{"start":{"line":22,"column":0},"end":{"line":22,"column":15}},"22":{"start":{"line":23,"column":0},"end":{"line":23,"column":83}},"23":{"start":{"line":24,"column":0},"end":{"line":24,"column":22}},"24":{"start":{"line":25,"column":0},"end":{"line":25,"column":4}},"25":{"start":{"line":26,"column":0},"end":{"line":26,"column":22}},"26":{"start":{"line":27,"column":0},"end":{"line":27,"column":15}},"27":{"start":{"line":28,"column":0},"end":{"line":28,"column":47}},"28":{"start":{"line":29,"column":0},"end":{"line":29,"column":77}},"29":{"start":{"line":30,"column":0},"end":{"line":30,"column":46}},"30":{"start":{"line":31,"column":0},"end":{"line":31,"column":46}},"31":{"start":{"line":32,"column":0},"end":{"line":32,"column":4}},"32":{"start":{"line":33,"column":0},"end":{"line":33,"column":3}}},"s":{"0":1,"1":1,"2":1,"3":1,"4":1,"5":1,"6":1,"7":1,"8":1,"9":1,"10":1,"11":1,"12":1,"13":1,"14":1,"15":1,"16":1,"17":1,"18":1,"19":1,"20":1,"21":1,"22":1,"23":1,"24":1,"25":1,"26":1,"27":1,"28":1,"29":1,"30":1,"31":1,"32":1},"branchMap":{},"b":{},"fnMap":{},"f":{}}
,"/home/runner/work/alfresco-extract-system/alfresco-extract-system/frontend/src/utils.ts": {"path":"/home/runner/work/alfresco-extract-system/alfresco-extract-system/frontend/src/utils.ts","all":false,"statementMap":{"0":{"start":{"line":1,"column":0},"end":{"line":1,"column":66}},"1":{"start":{"line":2,"column":0},"end":{"line":2,"column":32}},"2":{"start":{"line":3,"column":0},"end":{"line":3,"column":17}},"3":{"start":{"line":4,"column":0},"end":{"line":4,"column":46}},"4":{"start":{"line":5,"column":0},"end":{"line":5,"column":54}},"5":{"start":{"line":6,"column":0},"end":{"line":6,"column":81}},"6":{"start":{"line":7,"column":0},"end":{"line":7,"column":1}},"7":{"start":{"line":8,"column":0},"end":{"line":8,"column":0}},"8":{"start":{"line":9,"column":0},"end":{"line":9,"column":50}},"9":{"start":{"line":10,"column":0},"end":{"line":10,"column":23}},"10":{"start":{"line":11,"column":0},"end":{"line":11,"column":84}},"11":{"start":{"line":12,"column":0},"end":{"line":12,"column":71}},"12":{"start":{"line":13,"column":0},"end":{"line":13,"column":40}},"13":{"start":{"line":14,"column":0},"end":{"line":14,"column":1}}},"s":{"0":1,"1":154,"2":153,"3":153,"4":153,"5":153,"6":153,"7":1,"8":1,"9":48,"10":46,"11":48,"12":48,"13":48},"branchMap":{"0":{"type":"branch","line":1,"loc":{"start":{"line":1,"column":7},"end":{"line":7,"column":1}},"locations":[{"start":{"line":1,"column":7},"end":{"line":7,"column":1}}]},"1":{"type":"branch","line":2,"loc":{"start":{"line":2,"column":19},"end":{"line":2,"column":32}},"locations":[{"start":{"line":2,"column":19},"end":{"line":2,"column":32}}]},"2":{"type":"branch","line":2,"loc":{"start":{"line":2,"column":31},"end":{"line":7,"column":1}},"locations":[{"start":{"line":2,"column":31},"end":{"line":7,"column":1}}]},"3":{"type":"branch","line":9,"loc":{"start":{"line":9,"column":7},"end":{"line":14,"column":1}},"locations":[{"start":{"line":9,"column":7},"end":{"line":14,"column":1}}]},"4":{"type":"branch","line":10,"loc":{"start":{"line":10,"column":12},"end":{"line":10,"column":23}},"locations":[{"start":{"line":10,"column":12},"end":{"line":10,"column":23}}]},"5":{"type":"branch","line":10,"loc":{"start":{"line":10,"column":22},"end":{"line":12,"column":52}},"locations":[{"start":{"line":10,"column":22},"end":{"line":12,"column":52}}]},"6":{"type":"branch","line":10,"loc":{"start":{"line":10,"column":22},"end":{"line":12,"column":35}},"locations":[{"start":{"line":10,"column":22},"end":{"line":12,"column":35}}]},"7":{"type":"branch","line":12,"loc":{"start":{"line":12,"column":31},"end":{"line":12,"column":52}},"locations":[{"start":{"line":12,"column":31},"end":{"line":12,"column":52}}]},"8":{"type":"branch","line":12,"loc":{"start":{"line":12,"column":52},"end":{"line":12,"column":58}},"locations":[{"start":{"line":12,"column":52},"end":{"line":12,"column":58}}]},"9":{"type":"branch","line":12,"loc":{"start":{"line":12,"column":58},"end":{"line":12,"column":70}},"locations":[{"start":{"line":12,"column":58},"end":{"line":12,"column":70}}]}},"b":{"0":[154],"1":[1],"2":[153],"3":[48],"4":[2],"5":[47],"6":[46],"7":[45],"8":[2],"9":[44]},"fnMap":{"0":{"name":"formatBytes","decl":{"start":{"line":1,"column":7},"end":{"line":7,"column":1}},"loc":{"start":{"line":1,"column":7},"end":{"line":7,"column":1}},"line":1},"1":{"name":"formatDate","decl":{"start":{"line":9,"column":7},"end":{"line":14,"column":1}},"loc":{"start":{"line":9,"column":7},"end":{"line":14,"column":1}},"line":9}},"f":{"0":154,"1":48}}
,"/home/runner/work/alfresco-extract-system/alfresco-extract-system/frontend/src/api/client.ts": {"path":"/home/runner/work/alfresco-extract-system/alfresco-extract-system/frontend/src/api/client.ts","all":false,"statementMap":{"0":{"start":{"line":1,"column":0},"end":{"line":1,"column":60}},"1":{"start":{"line":2,"column":0},"end":{"line":2,"column":95}},"2":{"start":{"line":3,"column":0},"end":{"line":3,"column":0}},"3":{"start":{"line":4,"column":0},"end":{"line":4,"column":23}},"4":{"start":{"line":5,"column":0},"end":{"line":5,"column":13}},"5":{"start":{"line":6,"column":0},"end":{"line":6,"column":14}},"6":{"start":{"line":7,"column":0},"end":{"line":7,"column":13}},"7":{"start":{"line":8,"column":0},"end":{"line":8,"column":13}},"8":{"start":{"line":9,"column":0},"end":{"line":9,"column":10}},"9":{"start":{"line":10,"column":0},"end":{"line":10,"column":12}},"10":{"start":{"line":11,"column":0},"end":{"line":11,"column":12}},"11":{"start":{"line":12,"column":0},"end":{"line":12,"column":15}},"12":{"start":{"line":13,"column":0},"end":{"line":13,"column":15}},"13":{"start":{"line":14,"column":0},"end":{"line":14,"column":0}},"14":{"start":{"line":15,"column":0},"end":{"line":15,"column":69}},"15":{"start":{"line":16,"column":0},"end":{"line":16,"column":0}},"16":{"start":{"line":17,"column":0},"end":{"line":17,"column":23}},"17":{"start":{"line":18,"column":0},"end":{"line":18,"column":21}},"18":{"start":{"line":19,"column":0},"end":{"line":19,"column":16}},"19":{"start":{"line":20,"column":0},"end":{"line":20,"column":23}},"20":{"start":{"line":21,"column":0},"end":{"line":21,"column":20}},"21":{"start":{"line":22,"column":0},"end":{"line":22,"column":1}},"22":{"start":{"line":23,"column":0},"end":{"line":23,"column":0}},"23":{"start":{"line":24,"column":0},"end":{"line":24,"column":22}},"24":{"start":{"line":25,"column":0},"end":{"line":25,"column":13}},"25":{"start":{"line":26,"column":0},"end":{"line":26,"column":20}},"26":{"start":{"line":27,"column":0},"end":{"line":27,"column":22}},"27":{"start":{"line":28,"column":0},"end":{"line":28,"column":20}},"28":{"start":{"line":29,"column":0},"end":{"line":29,"column":22}},"29":{"start":{"line":30,"column":0},"end":{"line":30,"column":24}},"30":{"start":{"line":31,"column":0},"end":{"line":31,"column":23}},"31":{"start":{"line":32,"column":0},"end":{"line":32,"column":23}},"32":{"start":{"line":33,"column":0},"end":{"line":33,"column":27}},"33":{"start":{"line":34,"column":0},"end":{"line":34,"column":28}},"34":{"start":{"line":35,"column":0},"end":{"line":35,"column":33}},"35":{"start":{"line":36,"column":0},"end":{"line":36,"column":38}},"36":{"start":{"line":37,"column":0},"end":{"line":37,"column":26}},"37":{"start":{"line":38,"column":0},"end":{"line":38,"column":21}},"38":{"start":{"line":39,"column":0},"end":{"line":39,"column":28}},"39":{"start":{"line":40,"column":0},"end":{"line":40,"column":21}},"40":{"start":{"line":41,"column":0},"end":{"line":41,"column":21}},"41":{"start":{"line":42,"column":0},"end":{"line":42,"column":1}},"42":{"start":{"line":43,"column":0},"end":{"line":43,"column":0}},"43":{"start":{"line":44,"column":0},"end":{"line":44,"column":29}},"44":{"start":{"line":45,"column":0},"end":{"line":45,"column":13}},"45":{"start":{"line":46,"column":0},"end":{"line":46,"column":19}},"46":{"start":{"line":47,"column":0},"end":{"line":47,"column":15}},"47":{"start":{"line":48,"column":0},"end":{"line":48,"column":20}},"48":{"start":{"line":49,"column":0},"end":{"line":49,"column":20}},"49":{"start":{"line":50,"column":0},"end":{"line":50,"column":17}},"50":{"start":{"line":51,"column":0},"end":{"line":51,"column":23}},"51":{"start":{"line":52,"column":0},"end":{"line":52,"column":19}},"52":{"start":{"line":53,"column":0},"end":{"line":53,"column":20}},"53":{"start":{"line":54,"column":0},"end":{"line":54,"column":22}},"54":{"start":{"line":55,"column":0},"end":{"line":55,"column":23}},"55":{"start":{"line":56,"column":0},"end":{"line":56,"column":21}},"56":{"start":{"line":57,"column":0},"end":{"line":57,"column":27}},"57":{"start":{"line":58,"column":0},"end":{"line":58,"column":19}},"58":{"start":{"line":59,"column":0},"end":{"line":59,"column":16}},"59":{"start":{"line":60,"column":0},"end":{"line":60,"column":22}},"60":{"start":{"line":61,"column":0},"end":{"line":61,"column":23}},"61":{"start":{"line":62,"column":0},"end":{"line":62,"column":21}},"62":{"start":{"line":63,"column":0},"end":{"line":63,"column":29}},"63":{"start":{"line":64,"column":0},"end":{"line":64,"column":21}},"64":{"start":{"line":65,"column":0},"end":{"line":65,"column":37}},"65":{"start":{"line":66,"column":0},"end":{"line":66,"column":1}},"66":{"start":{"line":67,"column":0},"end":{"line":67,"column":0}},"67":{"start":{"line":68,"column":0},"end":{"line":68,"column":76}},"68":{"start":{"line":69,"column":0},"end":{"line":69,"column":0}},"69":{"start":{"line":70,"column":0},"end":{"line":70,"column":34}},"70":{"start":{"line":71,"column":0},"end":{"line":71,"column":13}},"71":{"start":{"line":72,"column":0},"end":{"line":72,"column":17}},"72":{"start":{"line":73,"column":0},"end":{"line":73,"column":25}},"73":{"start":{"line":74,"column":0},"end":{"line":74,"column":32}},"74":{"start":{"line":75,"column":0},"end":{"line":75,"column":34}},"75":{"start":{"line":76,"column":0},"end":{"line":76,"column":31}},"76":{"start":{"line":77,"column":0},"end":{"line":77,"column":26}},"77":{"start":{"line":78,"column":0},"end":{"line":78,"column":27}},"78":{"start":{"line":79,"column":0},"end":{"line":79,"column":29}},"79":{"start":{"line":80,"column":0},"end":{"line":80,"column":29}},"80":{"start":{"line":81,"column":0},"end":{"line":81,"column":31}},"81":{"start":{"line":82,"column":0},"end":{"line":82,"column":31}},"82":{"start":{"line":83,"column":0},"end":{"line":83,"column":1}},"83":{"start":{"line":84,"column":0},"end":{"line":84,"column":0}},"84":{"start":{"line":85,"column":0},"end":{"line":85,"column":36}},"85":{"start":{"line":86,"column":0},"end":{"line":86,"column":17}},"86":{"start":{"line":87,"column":0},"end":{"line":87,"column":17}},"87":{"start":{"line":88,"column":0},"end":{"line":88,"column":16}},"88":{"start":{"line":89,"column":0},"end":{"line":89,"column":24}},"89":{"start":{"line":90,"column":0},"end":{"line":90,"column":19}},"90":{"start":{"line":91,"column":0},"end":{"line":91,"column":17}},"91":{"start":{"line":92,"column":0},"end":{"line":92,"column":18}},"92":{"start":{"line":93,"column":0},"end":{"line":93,"column":18}},"93":{"start":{"line":94,"column":0},"end":{"line":94,"column":38}},"94":{"start":{"line":95,"column":0},"end":{"line":95,"column":29}},"95":{"start":{"line":96,"column":0},"end":{"line":96,"column":1}},"96":{"start":{"line":97,"column":0},"end":{"line":97,"column":0}},"97":{"start":{"line":98,"column":0},"end":{"line":98,"column":35}},"98":{"start":{"line":99,"column":0},"end":{"line":99,"column":18}},"99":{"start":{"line":100,"column":0},"end":{"line":100,"column":27}},"100":{"start":{"line":101,"column":0},"end":{"line":101,"column":1}},"101":{"start":{"line":102,"column":0},"end":{"line":102,"column":0}},"102":{"start":{"line":103,"column":0},"end":{"line":103,"column":29}},"103":{"start":{"line":104,"column":0},"end":{"line":104,"column":18}},"104":{"start":{"line":105,"column":0},"end":{"line":105,"column":15}},"105":{"start":{"line":106,"column":0},"end":{"line":106,"column":24}},"106":{"start":{"line":107,"column":0},"end":{"line":107,"column":1}},"107":{"start":{"line":108,"column":0},"end":{"line":108,"column":0}},"108":{"start":{"line":109,"column":0},"end":{"line":109,"column":32}},"109":{"start":{"line":110,"column":0},"end":{"line":110,"column":18}},"110":{"start":{"line":111,"column":0},"end":{"line":111,"column":15}},"111":{"start":{"line":112,"column":0},"end":{"line":112,"column":21}},"112":{"start":{"line":113,"column":0},"end":{"line":113,"column":22}},"113":{"start":{"line":114,"column":0},"end":{"line":114,"column":20}},"114":{"start":{"line":115,"column":0},"end":{"line":115,"column":23}},"115":{"start":{"line":116,"column":0},"end":{"line":116,"column":1}},"116":{"start":{"line":117,"column":0},"end":{"line":117,"column":0}},"117":{"start":{"line":118,"column":0},"end":{"line":118,"column":31}},"118":{"start":{"line":119,"column":0},"end":{"line":119,"column":20}},"119":{"start":{"line":120,"column":0},"end":{"line":120,"column":26}},"120":{"start":{"line":121,"column":0},"end":{"line":121,"column":26}},"121":{"start":{"line":122,"column":0},"end":{"line":122,"column":24}},"122":{"start":{"line":123,"column":0},"end":{"line":123,"column":25}},"123":{"start":{"line":124,"column":0},"end":{"line":124,"column":1}},"124":{"start":{"line":125,"column":0},"end":{"line":125,"column":0}},"125":{"start":{"line":126,"column":0},"end":{"line":126,"column":33}},"126":{"start":{"line":127,"column":0},"end":{"line":127,"column":16}},"127":{"start":{"line":128,"column":0},"end":{"line":128,"column":22}},"128":{"start":{"line":129,"column":0},"end":{"line":129,"column":1}},"129":{"start":{"line":130,"column":0},"end":{"line":130,"column":0}},"130":{"start":{"line":131,"column":0},"end":{"line":131,"column":28}},"131":{"start":{"line":132,"column":0},"end":{"line":132,"column":20}},"132":{"start":{"line":133,"column":0},"end":{"line":133,"column":38}},"133":{"start":{"line":134,"column":0},"end":{"line":134,"column":36}},"134":{"start":{"line":135,"column":0},"end":{"line":135,"column":36}},"135":{"start":{"line":136,"column":0},"end":{"line":136,"column":1}},"136":{"start":{"line":137,"column":0},"end":{"line":137,"column":0}},"137":{"start":{"line":138,"column":0},"end":{"line":138,"column":31}},"138":{"start":{"line":139,"column":0},"end":{"line":139,"column":14}},"139":{"start":{"line":140,"column":0},"end":{"line":140,"column":16}},"140":{"start":{"line":141,"column":0},"end":{"line":141,"column":22}},"141":{"start":{"line":142,"column":0},"end":{"line":142,"column":1}},"142":{"start":{"line":143,"column":0},"end":{"line":143,"column":0}},"143":{"start":{"line":144,"column":0},"end":{"line":144,"column":78}},"144":{"start":{"line":145,"column":0},"end":{"line":145,"column":0}},"145":{"start":{"line":146,"column":0},"end":{"line":146,"column":75}},"146":{"start":{"line":147,"column":0},"end":{"line":147,"column":40}},"147":{"start":{"line":148,"column":0},"end":{"line":148,"column":16}},"148":{"start":{"line":149,"column":0},"end":{"line":149,"column":62}},"149":{"start":{"line":150,"column":0},"end":{"line":150,"column":50}},"150":{"start":{"line":151,"column":0},"end":{"line":151,"column":3}},"151":{"start":{"line":152,"column":0},"end":{"line":152,"column":34}},"152":{"start":{"line":153,"column":0},"end":{"line":153,"column":1}},"153":{"start":{"line":154,"column":0},"end":{"line":154,"column":0}},"154":{"start":{"line":155,"column":0},"end":{"line":155,"column":20}},"155":{"start":{"line":156,"column":0},"end":{"line":156,"column":0}},"156":{"start":{"line":157,"column":0},"end":{"line":157,"column":20}},"157":{"start":{"line":158,"column":0},"end":{"line":158,"column":11}},"158":{"start":{"line":159,"column":0},"end":{"line":159,"column":55}},"159":{"start":{"line":160,"column":0},"end":{"line":160,"column":4}},"160":{"start":{"line":161,"column":0},"end":{"line":161,"column":0}},"161":{"start":{"line":162,"column":0},"end":{"line":162,"column":10}},"162":{"start":{"line":163,"column":0},"end":{"line":163,"column":49}},"163":{"start":{"line":164,"column":0},"end":{"line":164,"column":4}},"164":{"start":{"line":165,"column":0},"end":{"line":165,"column":0}},"165":{"start":{"line":166,"column":0},"end":{"line":166,"column":11}},"166":{"start":{"line":167,"column":0},"end":{"line":167,"column":51}},"167":{"start":{"line":168,"column":0},"end":{"line":168,"column":17}},"168":{"start":{"line":169,"column":0},"end":{"line":169,"column":30}},"169":{"start":{"line":170,"column":0},"end":{"line":170,"column":88}},"170":{"start":{"line":171,"column":0},"end":{"line":171,"column":67}},"171":{"start":{"line":172,"column":0},"end":{"line":172,"column":40}},"172":{"start":{"line":173,"column":0},"end":{"line":173,"column":6}},"173":{"start":{"line":174,"column":0},"end":{"line":174,"column":56}},"174":{"start":{"line":175,"column":0},"end":{"line":175,"column":31}},"175":{"start":{"line":176,"column":0},"end":{"line":176,"column":105}},"176":{"start":{"line":177,"column":0},"end":{"line":177,"column":8}},"177":{"start":{"line":178,"column":0},"end":{"line":178,"column":58}},"178":{"start":{"line":179,"column":0},"end":{"line":179,"column":65}},"179":{"start":{"line":180,"column":0},"end":{"line":180,"column":41}},"180":{"start":{"line":181,"column":0},"end":{"line":181,"column":74}},"181":{"start":{"line":182,"column":0},"end":{"line":182,"column":8}},"182":{"start":{"line":183,"column":0},"end":{"line":183,"column":6}},"183":{"start":{"line":184,"column":0},"end":{"line":184,"column":4}},"184":{"start":{"line":185,"column":0},"end":{"line":185,"column":0}},"185":{"start":{"line":186,"column":0},"end":{"line":186,"column":9}},"186":{"start":{"line":187,"column":0},"end":{"line":187,"column":47}},"187":{"start":{"line":188,"column":0},"end":{"line":188,"column":60}},"188":{"start":{"line":189,"column":0},"end":{"line":189,"column":35}},"189":{"start":{"line":190,"column":0},"end":{"line":190,"column":36}},"190":{"start":{"line":191,"column":0},"end":{"line":191,"column":23}},"191":{"start":{"line":192,"column":0},"end":{"line":192,"column":56}},"192":{"start":{"line":193,"column":0},"end":{"line":193,"column":38}},"193":{"start":{"line":194,"column":0},"end":{"line":194,"column":9}},"194":{"start":{"line":195,"column":0},"end":{"line":195,"column":30}},"195":{"start":{"line":196,"column":0},"end":{"line":196,"column":72}},"196":{"start":{"line":197,"column":0},"end":{"line":197,"column":26}},"197":{"start":{"line":198,"column":0},"end":{"line":198,"column":67}},"198":{"start":{"line":199,"column":0},"end":{"line":199,"column":27}},"199":{"start":{"line":200,"column":0},"end":{"line":200,"column":68}},"200":{"start":{"line":201,"column":0},"end":{"line":201,"column":27}},"201":{"start":{"line":202,"column":0},"end":{"line":202,"column":71}},"202":{"start":{"line":203,"column":0},"end":{"line":203,"column":58}},"203":{"start":{"line":204,"column":0},"end":{"line":204,"column":9}},"204":{"start":{"line":205,"column":0},"end":{"line":205,"column":4}},"205":{"start":{"line":206,"column":0},"end":{"line":206,"column":0}},"206":{"start":{"line":207,"column":0},"end":{"line":207,"column":10}},"207":{"start":{"line":208,"column":0},"end":{"line":208,"column":11}},"208":{"start":{"line":209,"column":0},"end":{"line":209,"column":20}},"209":{"start":{"line":210,"column":0},"end":{"line":210,"column":72}},"210":{"start":{"line":211,"column":0},"end":{"line":211,"column":10}},"211":{"start":{"line":212,"column":0},"end":{"line":212,"column":39}},"212":{"start":{"line":213,"column":0},"end":{"line":213,"column":58}},"213":{"start":{"line":214,"column":0},"end":{"line":214,"column":77}},"214":{"start":{"line":215,"column":0},"end":{"line":215,"column":80}},"215":{"start":{"line":216,"column":0},"end":{"line":216,"column":74}},"216":{"start":{"line":217,"column":0},"end":{"line":217,"column":6}},"217":{"start":{"line":218,"column":0},"end":{"line":218,"column":59}},"218":{"start":{"line":219,"column":0},"end":{"line":219,"column":4}},"219":{"start":{"line":220,"column":0},"end":{"line":220,"column":14}},"220":{"start":{"line":221,"column":0},"end":{"line":221,"column":26}},"221":{"start":{"line":222,"column":0},"end":{"line":222,"column":64}},"222":{"start":{"line":223,"column":0},"end":{"line":223,"column":23}},"223":{"start":{"line":224,"column":0},"end":{"line":224,"column":9}},"224":{"start":{"line":225,"column":0},"end":{"line":225,"column":47}},"225":{"start":{"line":226,"column":0},"end":{"line":226,"column":33}},"226":{"start":{"line":227,"column":0},"end":{"line":227,"column":67}},"227":{"start":{"line":228,"column":0},"end":{"line":228,"column":8}},"228":{"start":{"line":229,"column":0},"end":{"line":229,"column":26}},"229":{"start":{"line":230,"column":0},"end":{"line":230,"column":72}},"230":{"start":{"line":231,"column":0},"end":{"line":231,"column":23}},"231":{"start":{"line":232,"column":0},"end":{"line":232,"column":9}},"232":{"start":{"line":233,"column":0},"end":{"line":233,"column":27}},"233":{"start":{"line":234,"column":0},"end":{"line":234,"column":73}},"234":{"start":{"line":235,"column":0},"end":{"line":235,"column":23}},"235":{"start":{"line":236,"column":0},"end":{"line":236,"column":9}},"236":{"start":{"line":237,"column":0},"end":{"line":237,"column":63}},"237":{"start":{"line":238,"column":0},"end":{"line":238,"column":27}},"238":{"start":{"line":239,"column":0},"end":{"line":239,"column":87}},"239":{"start":{"line":240,"column":0},"end":{"line":240,"column":4}},"240":{"start":{"line":241,"column":0},"end":{"line":241,"column":2}}},"s":{"0":1,"1":1,"2":1,"3":1,"4":1,"5":1,"6":1,"7":1,"8":1,"9":1,"10":1,"11":1,"12":1,"13":1,"14":1,"15":1,"16":1,"17":1,"18":1,"19":1,"20":1,"21":1,"22":1,"23":1,"24":1,"25":1,"26":1,"27":1,"28":1,"29":1,"30":1,"31":1,"32":1,"33":1,"34":1,"35":1,"36":1,"37":1,"38":1,"39":1,"40":1,"41":1,"42":1,"43":1,"44":1,"45":1,"46":1,"47":1,"48":1,"49":1,"50":1,"51":1,"52":1,"53":1,"54":1,"55":1,"56":1,"57":1,"58":1,"59":1,"60":1,"61":1,"62":1,"63":1,"64":1,"65":1,"66":1,"67":1,"68":1,"69":1,"70":1,"71":1,"72":1,"73":1,"74":1,"75":1,"76":1,"77":1,"78":1,"79":1,"80":1,"81":1,"82":1,"83":1,"84":1,"85":1,"86":1,"87":1,"88":1,"89":1,"90":1,"91":1,"92":1,"93":1,"94":1,"95":1,"96":1,"97":1,"98":1,"99":1,"100":1,"101":1,"102":1,"103":1,"104":1,"105":1,"106":1,"107":1,"108":1,"109":1,"110":1,"111":1,"112":1,"113":1,"114":1,"115":1,"116":1,"117":1,"118":1,"119":1,"120":1,"121":1,"122":1,"123":1,"124":1,"125":1,"126":1,"127":1,"128":1,"129":1,"130":1,"131":1,"132":1,"133":1,"134":1,"135":1,"136":1,"137":1,"138":1,"139":1,"140":1,"141":1,"142":1,"143":1,"144":1,"145":20,"146":20,"147":20,"148":2,"149":2,"150":2,"151":17,"152":17,"153":1,"154":1,"155":1,"156":1,"157":1,"158":1,"159":1,"160":1,"161":1,"162":1,"163":1,"164":1,"165":1,"166":1,"167":2,"168":2,"169":1,"170":2,"171":2,"172":1,"173":1,"174":1,"175":1,"176":1,"177":1,"178":1,"179":1,"180":1,"181":1,"182":1,"183":1,"184":1,"185":1,"186":1,"187":1,"188":1,"189":1,"190":1,"191":1,"192":1,"193":1,"194":1,"195":1,"196":1,"197":1,"198":1,"199":1,"200":1,"201":2,"202":2,"203":2,"204":1,"205":1,"206":1,"207":1,"208":1,"209":1,"210":1,"211":1,"212":1,"213":1,"214":1,"215":1,"216":1,"217":1,"218":1,"219":1,"220":1,"221":1,"222":1,"223":1,"224":1,"225":1,"226":1,"227":1,"228":1,"229":1,"230":1,"231":1,"232":1,"233":1,"234":1,"235":1,"236":1,"237":1,"238":1,"239":1,"240":1},"branchMap":{"0":{"type":"branch","line":146,"loc":{"start":{"line":146,"column":0},"end":{"line":153,"column":1}},"locations":[{"start":{"line":146,"column":0},"end":{"line":153,"column":1}}]},"1":{"type":"branch","line":147,"loc":{"start":{"line":147,"column":39},"end":{"line":148,"column":15}},"locations":[{"start":{"line":147,"column":39},"end":{"line":148,"column":15}}]},"2":{"type":"branch","line":148,"loc":{"start":{"line":148,"column":15},"end":{"line":151,"column":3}},"locations":[{"start":{"line":148,"column":15},"end":{"line":151,"column":3}}]},"3":{"type":"branch","line":151,"loc":{"start":{"line":151,"column":2},"end":{"line":153,"column":1}},"locations":[{"start":{"line":151,"column":2},"end":{"line":153,"column":1}}]},"4":{"type":"branch","line":149,"loc":{"start":{"line":149,"column":40},"end":{"line":149,"column":60}},"locations":[{"start":{"line":149,"column":40},"end":{"line":149,"column":60}}]},"5":{"type":"branch","line":159,"loc":{"start":{"line":159,"column":9},"end":{"line":159,"column":55}},"locations":[{"start":{"line":159,"column":9},"end":{"line":159,"column":55}}]},"6":{"type":"branch","line":163,"loc":{"start":{"line":163,"column":10},"end":{"line":163,"column":49}},"locations":[{"start":{"line":163,"column":10},"end":{"line":163,"column":49}}]},"7":{"type":"branch","line":167,"loc":{"start":{"line":167,"column":9},"end":{"line":173,"column":5}},"locations":[{"start":{"line":167,"column":9},"end":{"line":173,"column":5}}]},"8":{"type":"branch","line":170,"loc":{"start":{"line":170,"column":-1},"end":{"line":170,"column":88}},"locations":[{"start":{"line":170,"column":-1},"end":{"line":170,"column":88}}]},"9":{"type":"branch","line":171,"loc":{"start":{"line":171,"column":-1},"end":{"line":171,"column":66}},"locations":[{"start":{"line":171,"column":-1},"end":{"line":171,"column":66}}]},"10":{"type":"branch","line":174,"loc":{"start":{"line":174,"column":12},"end":{"line":177,"column":7}},"locations":[{"start":{"line":174,"column":12},"end":{"line":177,"column":7}}]},"11":{"type":"branch","line":178,"loc":{"start":{"line":178,"column":16},"end":{"line":183,"column":6}},"locations":[{"start":{"line":178,"column":16},"end":{"line":183,"column":6}}]},"12":{"type":"branch","line":179,"loc":{"start":{"line":179,"column":30},"end":{"line":179,"column":53}},"locations":[{"start":{"line":179,"column":30},"end":{"line":179,"column":53}}]},"13":{"type":"branch","line":187,"loc":{"start":{"line":187,"column":10},"end":{"line":187,"column":46}},"locations":[{"start":{"line":187,"column":10},"end":{"line":187,"column":46}}]},"14":{"type":"branch","line":188,"loc":{"start":{"line":188,"column":10},"end":{"line":188,"column":59}},"locations":[{"start":{"line":188,"column":10},"end":{"line":188,"column":59}}]},"15":{"type":"branch","line":189,"loc":{"start":{"line":189,"column":13},"end":{"line":194,"column":8}},"locations":[{"start":{"line":189,"column":13},"end":{"line":194,"column":8}}]},"16":{"type":"branch","line":195,"loc":{"start":{"line":195,"column":16},"end":{"line":196,"column":71}},"locations":[{"start":{"line":195,"column":16},"end":{"line":196,"column":71}}]},"17":{"type":"branch","line":197,"loc":{"start":{"line":197,"column":12},"end":{"line":198,"column":66}},"locations":[{"start":{"line":197,"column":12},"end":{"line":198,"column":66}}]},"18":{"type":"branch","line":199,"loc":{"start":{"line":199,"column":13},"end":{"line":200,"column":67}},"locations":[{"start":{"line":199,"column":13},"end":{"line":200,"column":67}}]},"19":{"type":"branch","line":201,"loc":{"start":{"line":201,"column":13},"end":{"line":204,"column":9}},"locations":[{"start":{"line":201,"column":13},"end":{"line":204,"column":9}}]},"20":{"type":"branch","line":202,"loc":{"start":{"line":202,"column":62},"end":{"line":204,"column":7}},"locations":[{"start":{"line":202,"column":62},"end":{"line":204,"column":7}}]},"21":{"type":"branch","line":203,"loc":{"start":{"line":203,"column":21},"end":{"line":203,"column":58}},"locations":[{"start":{"line":203,"column":21},"end":{"line":203,"column":58}}]},"22":{"type":"branch","line":208,"loc":{"start":{"line":208,"column":10},"end":{"line":217,"column":5}},"locations":[{"start":{"line":208,"column":10},"end":{"line":217,"column":5}}]},"23":{"type":"branch","line":218,"loc":{"start":{"line":218,"column":13},"end":{"line":218,"column":59}},"locations":[{"start":{"line":218,"column":13},"end":{"line":218,"column":59}}]},"24":{"type":"branch","line":221,"loc":{"start":{"line":221,"column":12},"end":{"line":224,"column":8}},"locations":[{"start":{"line":221,"column":12},"end":{"line":224,"column":8}}]},"25":{"type":"branch","line":225,"loc":{"start":{"line":225,"column":9},"end":{"line":228,"column":7}},"locations":[{"start":{"line":225,"column":9},"end":{"line":228,"column":7}}]},"26":{"type":"branch","line":229,"loc":{"start":{"line":229,"column":12},"end":{"line":232,"column":8}},"locations":[{"start":{"line":229,"column":12},"end":{"line":232,"column":8}}]},"27":{"type":"branch","line":233,"loc":{"start":{"line":233,"column":13},"end":{"line":236,"column":8}},"locations":[{"start":{"line":233,"column":13},"end":{"line":236,"column":8}}]},"28":{"type":"branch","line":237,"loc":{"start":{"line":237,"column":13},"end":{"line":237,"column":62}},"locations":[{"start":{"line":237,"column":13},"end":{"line":237,"column":62}}]},"29":{"type":"branch","line":238,"loc":{"start":{"line":238,"column":13},"end":{"line":239,"column":87}},"locations":[{"start":{"line":238,"column":13},"end":{"line":239,"column":87}}]}},"b":{"0":[20],"1":[19],"2":[2],"3":[17],"4":[1],"5":[1],"6":[2],"7":[2],"8":[1],"9":[1],"10":[1],"11":[1],"12":[2],"13":[2],"14":[1],"15":[1],"16":[1],"17":[1],"18":[1],"19":[2],"20":[2],"21":[1],"22":[1],"23":[1],"24":[1],"25":[1],"26":[1],"27":[1],"28":[22],"29":[1]},"fnMap":{"0":{"name":"request","decl":{"start":{"line":146,"column":0},"end":{"line":153,"column":1}},"loc":{"start":{"line":146,"column":0},"end":{"line":153,"column":1}},"line":146},"1":{"name":"get","decl":{"start":{"line":159,"column":9},"end":{"line":159,"column":55}},"loc":{"start":{"line":159,"column":9},"end":{"line":159,"column":55}},"line":159},"2":{"name":"list","decl":{"start":{"line":163,"column":10},"end":{"line":163,"column":49}},"loc":{"start":{"line":163,"column":10},"end":{"line":163,"column":49}},"line":163},"3":{"name":"get","decl":{"start":{"line":167,"column":9},"end":{"line":173,"column":5}},"loc":{"start":{"line":167,"column":9},"end":{"line":173,"column":5}},"line":167},"4":{"name":"search","decl":{"start":{"line":174,"column":12},"end":{"line":177,"column":7}},"loc":{"start":{"line":174,"column":12},"end":{"line":177,"column":7}},"line":174},"5":{"name":"folderSize","decl":{"start":{"line":178,"column":16},"end":{"line":183,"column":6}},"loc":{"start":{"line":178,"column":16},"end":{"line":183,"column":6}},"line":178},"6":{"name":"list","decl":{"start":{"line":187,"column":10},"end":{"line":187,"column":46}},"loc":{"start":{"line":187,"column":10},"end":{"line":187,"column":46}},"line":187},"7":{"name":"get","decl":{"start":{"line":188,"column":10},"end":{"line":188,"column":59}},"loc":{"start":{"line":188,"column":10},"end":{"line":188,"column":59}},"line":188},"8":{"name":"create","decl":{"start":{"line":189,"column":13},"end":{"line":194,"column":8}},"loc":{"start":{"line":189,"column":13},"end":{"line":194,"column":8}},"line":189},"9":{"name":"startCopy","decl":{"start":{"line":195,"column":16},"end":{"line":196,"column":71}},"loc":{"start":{"line":195,"column":16},"end":{"line":196,"column":71}},"line":195},"10":{"name":"pause","decl":{"start":{"line":197,"column":12},"end":{"line":198,"column":66}},"loc":{"start":{"line":197,"column":12},"end":{"line":198,"column":66}},"line":197},"11":{"name":"resume","decl":{"start":{"line":199,"column":13},"end":{"line":200,"column":67}},"loc":{"start":{"line":199,"column":13},"end":{"line":200,"column":67}},"line":199},"12":{"name":"delete","decl":{"start":{"line":201,"column":13},"end":{"line":204,"column":9}},"loc":{"start":{"line":201,"column":13},"end":{"line":204,"column":9}},"line":201},"13":{"name":"list","decl":{"start":{"line":208,"column":10},"end":{"line":217,"column":5}},"loc":{"start":{"line":208,"column":10},"end":{"line":217,"column":5}},"line":208},"14":{"name":"csvUrl","decl":{"start":{"line":218,"column":13},"end":{"line":218,"column":59}},"loc":{"start":{"line":218,"column":13},"end":{"line":218,"column":59}},"line":218},"15":{"name":"start","decl":{"start":{"line":221,"column":12},"end":{"line":224,"column":8}},"loc":{"start":{"line":221,"column":12},"end":{"line":224,"column":8}},"line":221},"16":{"name":"get","decl":{"start":{"line":225,"column":9},"end":{"line":228,"column":7}},"loc":{"start":{"line":225,"column":9},"end":{"line":228,"column":7}},"line":225},"17":{"name":"pause","decl":{"start":{"line":229,"column":12},"end":{"line":232,"column":8}},"loc":{"start":{"line":229,"column":12},"end":{"line":232,"column":8}},"line":229},"18":{"name":"resume","decl":{"start":{"line":233,"column":13},"end":{"line":236,"column":8}},"loc":{"start":{"line":233,"column":13},"end":{"line":236,"column":8}},"line":233},"19":{"name":"sqlUrl","decl":{"start":{"line":237,"column":13},"end":{"line":237,"column":62}},"loc":{"start":{"line":237,"column":13},"end":{"line":237,"column":62}},"line":237},"20":{"name":"revert","decl":{"start":{"line":238,"column":13},"end":{"line":239,"column":87}},"loc":{"start":{"line":238,"column":13},"end":{"line":239,"column":87}},"line":238}},"f":{"0":20,"1":1,"2":2,"3":2,"4":1,"5":1,"6":2,"7":1,"8":1,"9":1,"10":1,"11":1,"12":2,"13":1,"14":1,"15":1,"16":1,"17":1,"18":1,"19":22,"20":1}}
,"/home/runner/work/alfresco-extract-system/alfresco-extract-system/frontend/src/components/SearchResultList.tsx": {"path":"/home/runner/work/alfresco-extract-system/alfresco-extract-system/frontend/src/components/SearchResultList.tsx","all":false,"statementMap":{"0":{"start":{"line":1,"column":0},"end":{"line":1,"column":78}},"1":{"start":{"line":2,"column":0},"end":{"line":2,"column":8}},"2":{"start":{"line":3,"column":0},"end":{"line":3,"column":7}},"3":{"start":{"line":4,"column":0},"end":{"line":4,"column":11}},"4":{"start":{"line":5,"column":0},"end":{"line":5,"column":8}},"5":{"start":{"line":6,"column":0},"end":{"line":6,"column":7}},"6":{"start":{"line":7,"column":0},"end":{"line":7,"column":8}},"7":{"start":{"line":8,"column":0},"end":{"line":8,"column":10}},"8":{"start":{"line":9,"column":0},"end":{"line":9,"column":8}},"9":{"start":{"line":10,"column":0},"end":{"line":10,"column":15}},"10":{"start":{"line":11,"column":0},"end":{"line":11,"column":22}},"11":{"start":{"line":12,"column":0},"end":{"line":12,"column":47}},"12":{"start":{"line":13,"column":0},"end":{"line":13,"column":50}},"13":{"start":{"line":14,"column":0},"end":{"line":14,"column":50}},"14":{"start":{"line":15,"column":0},"end":{"line":15,"column":0}},"15":{"start":{"line":16,"column":0},"end":{"line":16,"column":37}},"16":{"start":{"line":17,"column":0},"end":{"line":17,"column":39}},"17":{"start":{"line":18,"column":0},"end":{"line":18,"column":32}},"18":{"start":{"line":19,"column":0},"end":{"line":19,"column":67}},"19":{"start":{"line":20,"column":0},"end":{"line":20,"column":32}},"20":{"start":{"line":21,"column":0},"end":{"line":21,"column":67}},"21":{"start":{"line":22,"column":0},"end":{"line":22,"column":32}},"22":{"start":{"line":23,"column":0},"end":{"line":23,"column":69}},"23":{"start":{"line":24,"column":0},"end":{"line":24,"column":6}},"24":{"start":{"line":25,"column":0},"end":{"line":25,"column":35}},"25":{"start":{"line":26,"column":0},"end":{"line":26,"column":29}},"26":{"start":{"line":27,"column":0},"end":{"line":27,"column":24}},"27":{"start":{"line":28,"column":0},"end":{"line":28,"column":3}},"28":{"start":{"line":29,"column":0},"end":{"line":29,"column":68}},"29":{"start":{"line":30,"column":0},"end":{"line":30,"column":67}},"30":{"start":{"line":31,"column":0},"end":{"line":31,"column":76}},"31":{"start":{"line":32,"column":0},"end":{"line":32,"column":6}},"32":{"start":{"line":33,"column":0},"end":{"line":33,"column":27}},"33":{"start":{"line":34,"column":0},"end":{"line":34,"column":28}},"34":{"start":{"line":35,"column":0},"end":{"line":35,"column":28}},"35":{"start":{"line":36,"column":0},"end":{"line":36,"column":24}},"36":{"start":{"line":37,"column":0},"end":{"line":37,"column":3}},"37":{"start":{"line":38,"column":0},"end":{"line":38,"column":70}},"38":{"start":{"line":39,"column":0},"end":{"line":39,"column":58}},"39":{"start":{"line":40,"column":0},"end":{"line":40,"column":71}},"40":{"start":{"line":41,"column":0},"end":{"line":41,"column":64}},"41":{"start":{"line":42,"column":0},"end":{"line":42,"column":1}},"42":{"start":{"line":43,"column":0},"end":{"line":43,"column":0}},"43":{"start":{"line":44,"column":0},"end":{"line":44,"column":33}},"44":{"start":{"line":45,"column":0},"end":{"line":45,"column":27}},"45":{"start":{"line":46,"column":0},"end":{"line":46,"column":22}},"46":{"start":{"line":47,"column":0},"end":{"line":47,"column":31}},"47":{"start":{"line":48,"column":0},"end":{"line":48,"column":59}},"48":{"start":{"line":49,"column":0},"end":{"line":49,"column":1}},"49":{"start":{"line":50,"column":0},"end":{"line":50,"column":0}},"50":{"start":{"line":51,"column":0},"end":{"line":51,"column":34}},"51":{"start":{"line":52,"column":0},"end":{"line":52,"column":10}},"52":{"start":{"line":53,"column":0},"end":{"line":53,"column":12}},"53":{"start":{"line":54,"column":0},"end":{"line":54,"column":18}},"54":{"start":{"line":55,"column":0},"end":{"line":55,"column":15}},"55":{"start":{"line":56,"column":0},"end":{"line":56,"column":27}},"56":{"start":{"line":57,"column":0},"end":{"line":57,"column":33}},"57":{"start":{"line":58,"column":0},"end":{"line":58,"column":0}},"58":{"start":{"line":59,"column":0},"end":{"line":59,"column":18}},"59":{"start":{"line":60,"column":0},"end":{"line":60,"column":12}},"60":{"start":{"line":61,"column":0},"end":{"line":61,"column":11}},"61":{"start":{"line":62,"column":0},"end":{"line":62,"column":50}},"62":{"start":{"line":63,"column":0},"end":{"line":63,"column":61}},"63":{"start":{"line":64,"column":0},"end":{"line":64,"column":11}},"64":{"start":{"line":65,"column":0},"end":{"line":65,"column":12}},"65":{"start":{"line":66,"column":0},"end":{"line":66,"column":6}},"66":{"start":{"line":67,"column":0},"end":{"line":67,"column":3}},"67":{"start":{"line":68,"column":0},"end":{"line":68,"column":0}},"68":{"start":{"line":69,"column":0},"end":{"line":69,"column":29}},"69":{"start":{"line":70,"column":0},"end":{"line":70,"column":12}},"70":{"start":{"line":71,"column":0},"end":{"line":71,"column":53}},"71":{"start":{"line":72,"column":0},"end":{"line":72,"column":31}},"72":{"start":{"line":73,"column":0},"end":{"line":73,"column":13}},"73":{"start":{"line":74,"column":0},"end":{"line":74,"column":6}},"74":{"start":{"line":75,"column":0},"end":{"line":75,"column":3}},"75":{"start":{"line":76,"column":0},"end":{"line":76,"column":0}},"76":{"start":{"line":77,"column":0},"end":{"line":77,"column":10}},"77":{"start":{"line":78,"column":0},"end":{"line":78,"column":9}},"78":{"start":{"line":79,"column":0},"end":{"line":79,"column":27}},"79":{"start":{"line":80,"column":0},"end":{"line":80,"column":12}},"80":{"start":{"line":81,"column":0},"end":{"line":81,"column":15}},"81":{"start":{"line":82,"column":0},"end":{"line":82,"column":14}},"82":{"start":{"line":83,"column":0},"end":{"line":83,"column":14}},"83":{"start":{"line":84,"column":0},"end":{"line":84,"column":14}},"84":{"start":{"line":85,"column":0},"end":{"line":85,"column":21}},"85":{"start":{"line":86,"column":0},"end":{"line":86,"column":16}},"86":{"start":{"line":87,"column":0},"end":{"line":87,"column":72}},"87":{"start":{"line":88,"column":0},"end":{"line":88,"column":29}},"88":{"start":{"line":89,"column":0},"end":{"line":89,"column":10}},"89":{"start":{"line":90,"column":0},"end":{"line":90,"column":7}},"90":{"start":{"line":91,"column":0},"end":{"line":91,"column":52}},"91":{"start":{"line":92,"column":0},"end":{"line":92,"column":52}},"92":{"start":{"line":93,"column":0},"end":{"line":93,"column":64}},"93":{"start":{"line":94,"column":0},"end":{"line":94,"column":38}},"94":{"start":{"line":95,"column":0},"end":{"line":95,"column":15}},"95":{"start":{"line":96,"column":0},"end":{"line":96,"column":13}},"96":{"start":{"line":97,"column":0},"end":{"line":97,"column":19}},"97":{"start":{"line":98,"column":0},"end":{"line":98,"column":20}},"98":{"start":{"line":99,"column":0},"end":{"line":99,"column":18}},"99":{"start":{"line":100,"column":0},"end":{"line":100,"column":17}},"100":{"start":{"line":101,"column":0},"end":{"line":101,"column":20}},"101":{"start":{"line":102,"column":0},"end":{"line":102,"column":52}},"102":{"start":{"line":103,"column":0},"end":{"line":103,"column":9}},"103":{"start":{"line":104,"column":0},"end":{"line":104,"column":42}},"104":{"start":{"line":105,"column":0},"end":{"line":105,"column":15}},"105":{"start":{"line":106,"column":0},"end":{"line":106,"column":13}},"106":{"start":{"line":107,"column":0},"end":{"line":107,"column":19}},"107":{"start":{"line":108,"column":0},"end":{"line":108,"column":20}},"108":{"start":{"line":109,"column":0},"end":{"line":109,"column":18}},"109":{"start":{"line":110,"column":0},"end":{"line":110,"column":17}},"110":{"start":{"line":111,"column":0},"end":{"line":111,"column":52}},"111":{"start":{"line":112,"column":0},"end":{"line":112,"column":9}},"112":{"start":{"line":113,"column":0},"end":{"line":113,"column":42}},"113":{"start":{"line":114,"column":0},"end":{"line":114,"column":15}},"114":{"start":{"line":115,"column":0},"end":{"line":115,"column":13}},"115":{"start":{"line":116,"column":0},"end":{"line":116,"column":19}},"116":{"start":{"line":117,"column":0},"end":{"line":117,"column":20}},"117":{"start":{"line":118,"column":0},"end":{"line":118,"column":18}},"118":{"start":{"line":119,"column":0},"end":{"line":119,"column":16}},"119":{"start":{"line":120,"column":0},"end":{"line":120,"column":20}},"120":{"start":{"line":121,"column":0},"end":{"line":121,"column":35}},"121":{"start":{"line":122,"column":0},"end":{"line":122,"column":9}},"122":{"start":{"line":123,"column":0},"end":{"line":123,"column":38}},"123":{"start":{"line":124,"column":0},"end":{"line":124,"column":15}},"124":{"start":{"line":125,"column":0},"end":{"line":125,"column":14}},"125":{"start":{"line":126,"column":0},"end":{"line":126,"column":0}},"126":{"start":{"line":127,"column":0},"end":{"line":127,"column":30}},"127":{"start":{"line":128,"column":0},"end":{"line":128,"column":14}},"128":{"start":{"line":129,"column":0},"end":{"line":129,"column":28}},"129":{"start":{"line":130,"column":0},"end":{"line":130,"column":17}},"130":{"start":{"line":131,"column":0},"end":{"line":131,"column":16}},"131":{"start":{"line":132,"column":0},"end":{"line":132,"column":16}},"132":{"start":{"line":133,"column":0},"end":{"line":133,"column":23}},"133":{"start":{"line":134,"column":0},"end":{"line":134,"column":31}},"134":{"start":{"line":135,"column":0},"end":{"line":135,"column":62}},"135":{"start":{"line":136,"column":0},"end":{"line":136,"column":9}},"136":{"start":{"line":137,"column":0},"end":{"line":137,"column":19}},"137":{"start":{"line":138,"column":0},"end":{"line":138,"column":21}},"138":{"start":{"line":139,"column":0},"end":{"line":139,"column":55}},"139":{"start":{"line":140,"column":0},"end":{"line":140,"column":28}},"140":{"start":{"line":141,"column":0},"end":{"line":141,"column":65}},"141":{"start":{"line":142,"column":0},"end":{"line":142,"column":13}},"142":{"start":{"line":143,"column":0},"end":{"line":143,"column":48}},"143":{"start":{"line":144,"column":0},"end":{"line":144,"column":53}},"144":{"start":{"line":145,"column":0},"end":{"line":145,"column":12}},"145":{"start":{"line":146,"column":0},"end":{"line":146,"column":14}},"146":{"start":{"line":147,"column":0},"end":{"line":147,"column":20}},"147":{"start":{"line":148,"column":0},"end":{"line":148,"column":24}},"148":{"start":{"line":149,"column":0},"end":{"line":149,"column":28}},"149":{"start":{"line":150,"column":0},"end":{"line":150,"column":30}},"150":{"start":{"line":151,"column":0},"end":{"line":151,"column":35}},"151":{"start":{"line":152,"column":0},"end":{"line":152,"column":14}},"152":{"start":{"line":153,"column":0},"end":{"line":153,"column":11}},"153":{"start":{"line":154,"column":0},"end":{"line":154,"column":41}},"154":{"start":{"line":155,"column":0},"end":{"line":155,"column":16}},"155":{"start":{"line":156,"column":0},"end":{"line":156,"column":63}},"156":{"start":{"line":157,"column":0},"end":{"line":157,"column":17}},"157":{"start":{"line":158,"column":0},"end":{"line":158,"column":23}},"158":{"start":{"line":159,"column":0},"end":{"line":159,"column":22}},"159":{"start":{"line":160,"column":0},"end":{"line":160,"column":63}},"160":{"start":{"line":161,"column":0},"end":{"line":161,"column":13}},"161":{"start":{"line":162,"column":0},"end":{"line":162,"column":25}},"162":{"start":{"line":163,"column":0},"end":{"line":163,"column":19}},"163":{"start":{"line":164,"column":0},"end":{"line":164,"column":20}},"164":{"start":{"line":165,"column":0},"end":{"line":165,"column":15}},"165":{"start":{"line":166,"column":0},"end":{"line":166,"column":21}},"166":{"start":{"line":167,"column":0},"end":{"line":167,"column":22}},"167":{"start":{"line":168,"column":0},"end":{"line":168,"column":19}},"168":{"start":{"line":169,"column":0},"end":{"line":169,"column":20}},"169":{"start":{"line":170,"column":0},"end":{"line":170,"column":22}},"170":{"start":{"line":171,"column":0},"end":{"line":171,"column":54}},"171":{"start":{"line":172,"column":0},"end":{"line":172,"column":11}},"172":{"start":{"line":173,"column":0},"end":{"line":173,"column":34}},"173":{"start":{"line":174,"column":0},"end":{"line":174,"column":17}},"174":{"start":{"line":175,"column":0},"end":{"line":175,"column":15}},"175":{"start":{"line":176,"column":0},"end":{"line":176,"column":21}},"176":{"start":{"line":177,"column":0},"end":{"line":177,"column":22}},"177":{"start":{"line":178,"column":0},"end":{"line":178,"column":19}},"178":{"start":{"line":179,"column":0},"end":{"line":179,"column":54}},"179":{"start":{"line":180,"column":0},"end":{"line":180,"column":11}},"180":{"start":{"line":181,"column":0},"end":{"line":181,"column":42}},"181":{"start":{"line":182,"column":0},"end":{"line":182,"column":17}},"182":{"start":{"line":183,"column":0},"end":{"line":183,"column":15}},"183":{"start":{"line":184,"column":0},"end":{"line":184,"column":21}},"184":{"start":{"line":185,"column":0},"end":{"line":185,"column":22}},"185":{"start":{"line":186,"column":0},"end":{"line":186,"column":18}},"186":{"start":{"line":187,"column":0},"end":{"line":187,"column":22}},"187":{"start":{"line":188,"column":0},"end":{"line":188,"column":37}},"188":{"start":{"line":189,"column":0},"end":{"line":189,"column":11}},"189":{"start":{"line":190,"column":0},"end":{"line":190,"column":74}},"190":{"start":{"line":191,"column":0},"end":{"line":191,"column":17}},"191":{"start":{"line":192,"column":0},"end":{"line":192,"column":16}},"192":{"start":{"line":193,"column":0},"end":{"line":193,"column":9}},"193":{"start":{"line":194,"column":0},"end":{"line":194,"column":10}},"194":{"start":{"line":195,"column":0},"end":{"line":195,"column":4}},"195":{"start":{"line":196,"column":0},"end":{"line":196,"column":1}}},"s":{"0":1,"1":1,"2":1,"3":1,"4":1,"5":1,"6":1,"7":1,"8":1,"9":1,"10":1,"11":1,"12":1,"13":1,"14":1,"15":8,"16":8,"17":7,"18":8,"19":6,"20":8,"21":5,"22":8,"23":4,"24":4,"25":8,"26":4,"27":8,"28":8,"29":8,"30":8,"31":2,"32":2,"33":8,"34":8,"35":1,"36":8,"37":8,"38":8,"39":8,"40":0,"41":0,"42":1,"43":1,"44":1,"45":1,"46":1,"47":1,"48":1,"49":1,"50":1,"51":3,"52":3,"53":3,"54":3,"55":3,"56":3,"57":3,"58":3,"59":1,"60":1,"61":1,"62":6,"63":1,"64":1,"65":1,"66":1,"67":2,"68":3,"69":1,"70":1,"71":1,"72":1,"73":1,"74":1,"75":1,"76":1,"77":1,"78":1,"79":1,"80":1,"81":1,"82":1,"83":1,"84":1,"85":1,"86":1,"87":1,"88":1,"89":1,"90":1,"91":1,"92":1,"93":1,"94":1,"95":1,"96":1,"97":1,"98":1,"99":1,"100":1,"101":1,"102":1,"103":1,"104":1,"105":1,"106":1,"107":1,"108":1,"109":1,"110":1,"111":1,"112":1,"113":1,"114":1,"115":1,"116":1,"117":1,"118":1,"119":1,"120":1,"121":1,"122":1,"123":1,"124":1,"125":1,"126":1,"127":8,"128":8,"129":8,"130":8,"131":8,"132":8,"133":8,"134":8,"135":8,"136":8,"137":8,"138":8,"139":8,"140":1,"141":8,"142":8,"143":8,"144":8,"145":8,"146":8,"147":8,"148":8,"149":8,"150":8,"151":8,"152":8,"153":8,"154":8,"155":8,"156":8,"157":8,"158":8,"159":8,"160":8,"161":8,"162":8,"163":8,"164":8,"165":8,"166":8,"167":8,"168":8,"169":8,"170":8,"171":8,"172":8,"173":8,"174":8,"175":8,"176":8,"177":8,"178":8,"179":8,"180":8,"181":8,"182":8,"183":8,"184":8,"185":8,"186":8,"187":8,"188":8,"189":8,"190":8,"191":8,"192":1,"193":1,"194":1,"195":1},"branchMap":{"0":{"type":"branch","line":16,"loc":{"start":{"line":16,"column":0},"end":{"line":42,"column":1}},"locations":[{"start":{"line":16,"column":0},"end":{"line":42,"column":1}}]},"1":{"type":"branch","line":17,"loc":{"start":{"line":17,"column":13},"end":{"line":17,"column":39}},"locations":[{"start":{"line":17,"column":13},"end":{"line":17,"column":39}}]},"2":{"type":"branch","line":17,"loc":{"start":{"line":17,"column":38},"end":{"line":18,"column":32}},"locations":[{"start":{"line":17,"column":38},"end":{"line":18,"column":32}}]},"3":{"type":"branch","line":19,"loc":{"start":{"line":19,"column":4},"end":{"line":19,"column":67}},"locations":[{"start":{"line":19,"column":4},"end":{"line":19,"column":67}}]},"4":{"type":"branch","line":19,"loc":{"start":{"line":19,"column":66},"end":{"line":20,"column":32}},"locations":[{"start":{"line":19,"column":66},"end":{"line":20,"column":32}}]},"5":{"type":"branch","line":21,"loc":{"start":{"line":21,"column":4},"end":{"line":21,"column":67}},"locations":[{"start":{"line":21,"column":4},"end":{"line":21,"column":67}}]},"6":{"type":"branch","line":21,"loc":{"start":{"line":21,"column":66},"end":{"line":22,"column":32}},"locations":[{"start":{"line":21,"column":66},"end":{"line":22,"column":32}}]},"7":{"type":"branch","line":23,"loc":{"start":{"line":23,"column":4},"end":{"line":23,"column":69}},"locations":[{"start":{"line":23,"column":4},"end":{"line":23,"column":69}}]},"8":{"type":"branch","line":23,"loc":{"start":{"line":23,"column":68},"end":{"line":26,"column":26}},"locations":[{"start":{"line":23,"column":68},"end":{"line":26,"column":26}}]},"9":{"type":"branch","line":26,"loc":{"start":{"line":26,"column":26},"end":{"line":27,"column":24}},"locations":[{"start":{"line":26,"column":26},"end":{"line":27,"column":24}}]},"10":{"type":"branch","line":29,"loc":{"start":{"line":29,"column":4},"end":{"line":29,"column":68}},"locations":[{"start":{"line":29,"column":4},"end":{"line":29,"column":68}}]},"11":{"type":"branch","line":29,"loc":{"start":{"line":29,"column":67},"end":{"line":30,"column":66}},"locations":[{"start":{"line":29,"column":67},"end":{"line":30,"column":66}}]},"12":{"type":"branch","line":31,"loc":{"start":{"line":31,"column":4},"end":{"line":31,"column":76}},"locations":[{"start":{"line":31,"column":4},"end":{"line":31,"column":76}}]},"13":{"type":"branch","line":31,"loc":{"start":{"line":31,"column":75},"end":{"line":33,"column":27}},"locations":[{"start":{"line":31,"column":75},"end":{"line":33,"column":27}}]},"14":{"type":"branch","line":33,"loc":{"start":{"line":33,"column":24},"end":{"line":34,"column":25}},"locations":[{"start":{"line":33,"column":24},"end":{"line":34,"column":25}}]},"15":{"type":"branch","line":34,"loc":{"start":{"line":34,"column":25},"end":{"line":35,"column":25}},"locations":[{"start":{"line":34,"column":25},"end":{"line":35,"column":25}}]},"16":{"type":"branch","line":35,"loc":{"start":{"line":35,"column":25},"end":{"line":36,"column":24}},"locations":[{"start":{"line":35,"column":25},"end":{"line":36,"column":24}}]},"17":{"type":"branch","line":38,"loc":{"start":{"line":38,"column":4},"end":{"line":39,"column":30}},"locations":[{"start":{"line":38,"column":4},"end":{"line":39,"column":30}}]},"18":{"type":"branch","line":39,"loc":{"start":{"line":39,"column":26},"end":{"line":39,"column":57}},"locations":[{"start":{"line":39,"column":26},"end":{"line":39,"column":57}}]},"19":{"type":"branch","line":40,"loc":{"start":{"line":40,"column":4},"end":{"line":40,"column":71}},"locations":[{"start":{"line":40,"column":4},"end":{"line":40,"column":71}}]},"20":{"type":"branch","line":40,"loc":{"start":{"line":40,"column":70},"end":{"line":42,"column":1}},"locations":[{"start":{"line":40,"column":70},"end":{"line":42,"column":1}}]},"21":{"type":"branch","line":51,"loc":{"start":{"line":51,"column":7},"end":{"line":196,"column":1}},"locations":[{"start":{"line":51,"column":7},"end":{"line":196,"column":1}}]},"22":{"type":"branch","line":59,"loc":{"start":{"line":59,"column":17},"end":{"line":67,"column":3}},"locations":[{"start":{"line":59,"column":17},"end":{"line":67,"column":3}}]},"23":{"type":"branch","line":67,"loc":{"start":{"line":67,"column":2},"end":{"line":69,"column":28}},"locations":[{"start":{"line":67,"column":2},"end":{"line":69,"column":28}}]},"24":{"type":"branch","line":69,"loc":{"start":{"line":69,"column":28},"end":{"line":196,"column":1}},"locations":[{"start":{"line":69,"column":28},"end":{"line":196,"column":1}}]},"25":{"type":"branch","line":62,"loc":{"start":{"line":62,"column":39},"end":{"line":63,"column":61}},"locations":[{"start":{"line":62,"column":39},"end":{"line":63,"column":61}}]},"26":{"type":"branch","line":127,"loc":{"start":{"line":127,"column":20},"end":{"line":192,"column":16}},"locations":[{"start":{"line":127,"column":20},"end":{"line":192,"column":16}}]},"27":{"type":"branch","line":173,"loc":{"start":{"line":173,"column":26},"end":{"line":173,"column":33}},"locations":[{"start":{"line":173,"column":26},"end":{"line":173,"column":33}}]},"28":{"type":"branch","line":190,"loc":{"start":{"line":190,"column":36},"end":{"line":190,"column":67}},"locations":[{"start":{"line":190,"column":36},"end":{"line":190,"column":67}}]},"29":{"type":"branch","line":190,"loc":{"start":{"line":190,"column":67},"end":{"line":190,"column":73}},"locations":[{"start":{"line":190,"column":67},"end":{"line":190,"column":73}}]},"30":{"type":"branch","line":140,"loc":{"start":{"line":140,"column":23},"end":{"line":141,"column":65}},"locations":[{"start":{"line":140,"column":23},"end":{"line":141,"column":65}}]},"31":{"type":"branch","line":143,"loc":{"start":{"line":143,"column":22},"end":{"line":143,"column":48}},"locations":[{"start":{"line":143,"column":22},"end":{"line":143,"column":48}}]}},"b":{"0":[8],"1":[1],"2":[7],"3":[1],"4":[6],"5":[1],"6":[5],"7":[1],"8":[4],"9":[4],"10":[1],"11":[3],"12":[1],"13":[2],"14":[1],"15":[1],"16":[1],"17":[1],"18":[0],"19":[1],"20":[0],"21":[3],"22":[1],"23":[2],"24":[1],"25":[6],"26":[8],"27":[1],"28":[7],"29":[1],"30":[1],"31":[1]},"fnMap":{"0":{"name":"getMimeIcon","decl":{"start":{"line":16,"column":0},"end":{"line":42,"column":1}},"loc":{"start":{"line":16,"column":0},"end":{"line":42,"column":1}},"line":16},"1":{"name":"SearchResultList","decl":{"start":{"line":51,"column":7},"end":{"line":196,"column":1}},"loc":{"start":{"line":51,"column":7},"end":{"line":196,"column":1}},"line":51},"2":{"name":"onChange","decl":{"start":{"line":140,"column":23},"end":{"line":141,"column":65}},"loc":{"start":{"line":140,"column":23},"end":{"line":141,"column":65}},"line":140},"3":{"name":"onClick","decl":{"start":{"line":143,"column":22},"end":{"line":143,"column":48}},"loc":{"start":{"line":143,"column":22},"end":{"line":143,"column":48}},"line":143}},"f":{"0":8,"1":3,"2":1,"3":1}}
,"/home/runner/work/alfresco-extract-system/alfresco-extract-system/frontend/src/components/StatusBadge.tsx": {"path":"/home/runner/work/alfresco-extract-system/alfresco-extract-system/frontend/src/components/StatusBadge.tsx","all":false,"statementMap":{"0":{"start":{"line":1,"column":0},"end":{"line":1,"column":53}},"1":{"start":{"line":2,"column":0},"end":{"line":2,"column":47}},"2":{"start":{"line":3,"column":0},"end":{"line":3,"column":75}},"3":{"start":{"line":4,"column":0},"end":{"line":4,"column":0}},"4":{"start":{"line":5,"column":0},"end":{"line":5,"column":47}},"5":{"start":{"line":6,"column":0},"end":{"line":6,"column":18}},"6":{"start":{"line":7,"column":0},"end":{"line":7,"column":19}},"7":{"start":{"line":8,"column":0},"end":{"line":8,"column":18}},"8":{"start":{"line":9,"column":0},"end":{"line":9,"column":20}},"9":{"start":{"line":10,"column":0},"end":{"line":10,"column":16}},"10":{"start":{"line":11,"column":0},"end":{"line":11,"column":19}},"11":{"start":{"line":12,"column":0},"end":{"line":12,"column":16}},"12":{"start":{"line":13,"column":0},"end":{"line":13,"column":22}},"13":{"start":{"line":14,"column":0},"end":{"line":14,"column":19}},"14":{"start":{"line":15,"column":0},"end":{"line":15,"column":2}},"15":{"start":{"line":16,"column":0},"end":{"line":16,"column":0}},"16":{"start":{"line":17,"column":0},"end":{"line":17,"column":49}},"17":{"start":{"line":18,"column":0},"end":{"line":18,"column":18}},"18":{"start":{"line":19,"column":0},"end":{"line":19,"column":18}},"19":{"start":{"line":20,"column":0},"end":{"line":20,"column":16}},"20":{"start":{"line":21,"column":0},"end":{"line":21,"column":20}},"21":{"start":{"line":22,"column":0},"end":{"line":22,"column":2}},"22":{"start":{"line":23,"column":0},"end":{"line":23,"column":0}},"23":{"start":{"line":24,"column":0},"end":{"line":24,"column":59}},"24":{"start":{"line":25,"column":0},"end":{"line":25,"column":18}},"25":{"start":{"line":26,"column":0},"end":{"line":26,"column":19}},"26":{"start":{"line":27,"column":0},"end":{"line":27,"column":16}},"27":{"start":{"line":28,"column":0},"end":{"line":28,"column":20}},"28":{"start":{"line":29,"column":0},"end":{"line":29,"column":2}},"29":{"start":{"line":30,"column":0},"end":{"line":30,"column":0}},"30":{"start":{"line":31,"column":0},"end":{"line":31,"column":31}},"31":{"start":{"line":32,"column":0},"end":{"line":32,"column":20}},"32":{"start":{"line":33,"column":0},"end":{"line":33,"column":1}},"33":{"start":{"line":34,"column":0},"end":{"line":34,"column":0}},"34":{"start":{"line":35,"column":0},"end":{"line":35,"column":65}},"35":{"start":{"line":36,"column":0},"end":{"line":36,"column":33}},"36":{"start":{"line":37,"column":0},"end":{"line":37,"column":10}},"37":{"start":{"line":38,"column":0},"end":{"line":38,"column":64}},"38":{"start":{"line":39,"column":0},"end":{"line":39,"column":37}},"39":{"start":{"line":40,"column":0},"end":{"line":40,"column":12}},"40":{"start":{"line":41,"column":0},"end":{"line":41,"column":4}},"41":{"start":{"line":42,"column":0},"end":{"line":42,"column":1}},"42":{"start":{"line":43,"column":0},"end":{"line":43,"column":0}},"43":{"start":{"line":44,"column":0},"end":{"line":44,"column":32}},"44":{"start":{"line":45,"column":0},"end":{"line":45,"column":21}},"45":{"start":{"line":46,"column":0},"end":{"line":46,"column":89}},"46":{"start":{"line":47,"column":0},"end":{"line":47,"column":19}},"47":{"start":{"line":48,"column":0},"end":{"line":48,"column":1}},"48":{"start":{"line":49,"column":0},"end":{"line":49,"column":0}},"49":{"start":{"line":50,"column":0},"end":{"line":50,"column":75}},"50":{"start":{"line":51,"column":0},"end":{"line":51,"column":33}},"51":{"start":{"line":52,"column":0},"end":{"line":52,"column":39}},"52":{"start":{"line":53,"column":0},"end":{"line":53,"column":12}},"53":{"start":{"line":54,"column":0},"end":{"line":54,"column":35}},"54":{"start":{"line":55,"column":0},"end":{"line":55,"column":43}},"55":{"start":{"line":56,"column":0},"end":{"line":56,"column":56}},"56":{"start":{"line":57,"column":0},"end":{"line":57,"column":43}},"57":{"start":{"line":58,"column":0},"end":{"line":58,"column":16}},"58":{"start":{"line":59,"column":0},"end":{"line":59,"column":14}},"59":{"start":{"line":60,"column":0},"end":{"line":60,"column":6}},"60":{"start":{"line":61,"column":0},"end":{"line":61,"column":3}},"61":{"start":{"line":62,"column":0},"end":{"line":62,"column":10}},"62":{"start":{"line":63,"column":0},"end":{"line":63,"column":65}},"63":{"start":{"line":64,"column":0},"end":{"line":64,"column":29}},"64":{"start":{"line":65,"column":0},"end":{"line":65,"column":12}},"65":{"start":{"line":66,"column":0},"end":{"line":66,"column":4}},"66":{"start":{"line":67,"column":0},"end":{"line":67,"column":1}},"67":{"start":{"line":68,"column":0},"end":{"line":68,"column":0}},"68":{"start":{"line":69,"column":0},"end":{"line":69,"column":37}},"69":{"start":{"line":70,"column":0},"end":{"line":70,"column":26}},"70":{"start":{"line":71,"column":0},"end":{"line":71,"column":91}},"71":{"start":{"line":72,"column":0},"end":{"line":72,"column":19}},"72":{"start":{"line":73,"column":0},"end":{"line":73,"column":1}},"73":{"start":{"line":74,"column":0},"end":{"line":74,"column":0}},"74":{"start":{"line":75,"column":0},"end":{"line":75,"column":85}},"75":{"start":{"line":76,"column":0},"end":{"line":76,"column":33}},"76":{"start":{"line":77,"column":0},"end":{"line":77,"column":39}},"77":{"start":{"line":78,"column":0},"end":{"line":78,"column":12}},"78":{"start":{"line":79,"column":0},"end":{"line":79,"column":35}},"79":{"start":{"line":80,"column":0},"end":{"line":80,"column":43}},"80":{"start":{"line":81,"column":0},"end":{"line":81,"column":56}},"81":{"start":{"line":82,"column":0},"end":{"line":82,"column":50}},"82":{"start":{"line":83,"column":0},"end":{"line":83,"column":16}},"83":{"start":{"line":84,"column":0},"end":{"line":84,"column":14}},"84":{"start":{"line":85,"column":0},"end":{"line":85,"column":6}},"85":{"start":{"line":86,"column":0},"end":{"line":86,"column":3}},"86":{"start":{"line":87,"column":0},"end":{"line":87,"column":10}},"87":{"start":{"line":88,"column":0},"end":{"line":88,"column":70}},"88":{"start":{"line":89,"column":0},"end":{"line":89,"column":46}},"89":{"start":{"line":90,"column":0},"end":{"line":90,"column":12}},"90":{"start":{"line":91,"column":0},"end":{"line":91,"column":4}},"91":{"start":{"line":92,"column":0},"end":{"line":92,"column":1}}},"s":{"0":1,"1":1,"2":1,"3":1,"4":1,"5":1,"6":1,"7":1,"8":1,"9":1,"10":1,"11":1,"12":1,"13":1,"14":1,"15":1,"16":1,"17":1,"18":1,"19":1,"20":1,"21":1,"22":1,"23":1,"24":1,"25":1,"26":1,"27":1,"28":1,"29":1,"30":1,"31":1,"32":1,"33":1,"34":1,"35":34,"36":34,"37":34,"38":34,"39":34,"40":34,"41":34,"42":1,"43":1,"44":1,"45":1,"46":1,"47":1,"48":1,"49":1,"50":42,"51":42,"52":4,"53":4,"54":4,"55":4,"56":4,"57":4,"58":4,"59":4,"60":4,"61":38,"62":38,"63":38,"64":38,"65":38,"66":38,"67":1,"68":1,"69":1,"70":1,"71":1,"72":1,"73":1,"74":1,"75":43,"76":43,"77":3,"78":3,"79":3,"80":3,"81":3,"82":3,"83":3,"84":3,"85":3,"86":40,"87":40,"88":40,"89":40,"90":40,"91":40},"branchMap":{"0":{"type":"branch","line":35,"loc":{"start":{"line":35,"column":7},"end":{"line":42,"column":1}},"locations":[{"start":{"line":35,"column":7},"end":{"line":42,"column":1}}]},"1":{"type":"branch","line":38,"loc":{"start":{"line":38,"column":36},"end":{"line":38,"column":47}},"locations":[{"start":{"line":38,"column":36},"end":{"line":38,"column":47}}]},"2":{"type":"branch","line":50,"loc":{"start":{"line":50,"column":7},"end":{"line":67,"column":1}},"locations":[{"start":{"line":50,"column":7},"end":{"line":67,"column":1}}]},"3":{"type":"branch","line":52,"loc":{"start":{"line":52,"column":12},"end":{"line":52,"column":36}},"locations":[{"start":{"line":52,"column":12},"end":{"line":52,"column":36}}]},"4":{"type":"branch","line":52,"loc":{"start":{"line":52,"column":38},"end":{"line":61,"column":3}},"locations":[{"start":{"line":52,"column":38},"end":{"line":61,"column":3}}]},"5":{"type":"branch","line":61,"loc":{"start":{"line":61,"column":2},"end":{"line":67,"column":1}},"locations":[{"start":{"line":61,"column":2},"end":{"line":67,"column":1}}]},"6":{"type":"branch","line":75,"loc":{"start":{"line":75,"column":7},"end":{"line":92,"column":1}},"locations":[{"start":{"line":75,"column":7},"end":{"line":92,"column":1}}]},"7":{"type":"branch","line":77,"loc":{"start":{"line":77,"column":12},"end":{"line":77,"column":36}},"locations":[{"start":{"line":77,"column":12},"end":{"line":77,"column":36}}]},"8":{"type":"branch","line":77,"loc":{"start":{"line":77,"column":38},"end":{"line":86,"column":3}},"locations":[{"start":{"line":77,"column":38},"end":{"line":86,"column":3}}]},"9":{"type":"branch","line":86,"loc":{"start":{"line":86,"column":2},"end":{"line":92,"column":1}},"locations":[{"start":{"line":86,"column":2},"end":{"line":92,"column":1}}]}},"b":{"0":[34],"1":[0],"2":[42],"3":[8],"4":[4],"5":[38],"6":[43],"7":[5],"8":[3],"9":[40]},"fnMap":{"0":{"name":"JobStatusBadge","decl":{"start":{"line":35,"column":7},"end":{"line":42,"column":1}},"loc":{"start":{"line":35,"column":7},"end":{"line":42,"column":1}},"line":35},"1":{"name":"FileStatusBadge","decl":{"start":{"line":50,"column":7},"end":{"line":67,"column":1}},"loc":{"start":{"line":50,"column":7},"end":{"line":67,"column":1}},"line":50},"2":{"name":"MigrationStatusBadge","decl":{"start":{"line":75,"column":7},"end":{"line":92,"column":1}},"loc":{"start":{"line":75,"column":7},"end":{"line":92,"column":1}},"line":75}},"f":{"0":34,"1":42,"2":43}}
,"/home/runner/work/alfresco-extract-system/alfresco-extract-system/frontend/src/hooks/useBrowse.ts": {"path":"/home/runner/work/alfresco-extract-system/alfresco-extract-system/frontend/src/hooks/useBrowse.ts","all":false,"statementMap":{"0":{"start":{"line":1,"column":0},"end":{"line":1,"column":49}},"1":{"start":{"line":2,"column":0},"end":{"line":2,"column":35}},"2":{"start":{"line":3,"column":0},"end":{"line":3,"column":0}},"3":{"start":{"line":4,"column":0},"end":{"line":4,"column":64}},"4":{"start":{"line":5,"column":0},"end":{"line":5,"column":19}},"5":{"start":{"line":6,"column":0},"end":{"line":6,"column":45}},"6":{"start":{"line":7,"column":0},"end":{"line":7,"column":54}},"7":{"start":{"line":8,"column":0},"end":{"line":8,"column":22}},"8":{"start":{"line":9,"column":0},"end":{"line":9,"column":24}},"9":{"start":{"line":10,"column":0},"end":{"line":10,"column":5}},"10":{"start":{"line":11,"column":0},"end":{"line":11,"column":1}},"11":{"start":{"line":12,"column":0},"end":{"line":12,"column":0}},"12":{"start":{"line":13,"column":0},"end":{"line":13,"column":60}},"13":{"start":{"line":14,"column":0},"end":{"line":14,"column":19}},"14":{"start":{"line":15,"column":0},"end":{"line":15,"column":42}},"15":{"start":{"line":16,"column":0},"end":{"line":16,"column":54}},"16":{"start":{"line":17,"column":0},"end":{"line":17,"column":22}},"17":{"start":{"line":18,"column":0},"end":{"line":18,"column":52}},"18":{"start":{"line":19,"column":0},"end":{"line":19,"column":5}},"19":{"start":{"line":20,"column":0},"end":{"line":20,"column":1}}},"s":{"0":1,"1":1,"2":1,"3":1,"4":3,"5":3,"6":3,"7":3,"8":3,"9":3,"10":3,"11":1,"12":1,"13":3,"14":3,"15":3,"16":3,"17":3,"18":3,"19":3},"branchMap":{"0":{"type":"branch","line":4,"loc":{"start":{"line":4,"column":7},"end":{"line":11,"column":1}},"locations":[{"start":{"line":4,"column":7},"end":{"line":11,"column":1}}]},"1":{"type":"branch","line":7,"loc":{"start":{"line":7,"column":13},"end":{"line":7,"column":53}},"locations":[{"start":{"line":7,"column":13},"end":{"line":7,"column":53}}]},"2":{"type":"branch","line":13,"loc":{"start":{"line":13,"column":7},"end":{"line":20,"column":1}},"locations":[{"start":{"line":13,"column":7},"end":{"line":20,"column":1}}]},"3":{"type":"branch","line":16,"loc":{"start":{"line":16,"column":13},"end":{"line":16,"column":53}},"locations":[{"start":{"line":16,"column":13},"end":{"line":16,"column":53}}]}},"b":{"0":[3],"1":[1],"2":[3],"3":[1]},"fnMap":{"0":{"name":"useBrowse","decl":{"start":{"line":4,"column":7},"end":{"line":11,"column":1}},"loc":{"start":{"line":4,"column":7},"end":{"line":11,"column":1}},"line":4},"1":{"name":"queryFn","decl":{"start":{"line":7,"column":13},"end":{"line":7,"column":53}},"loc":{"start":{"line":7,"column":13},"end":{"line":7,"column":53}},"line":7},"2":{"name":"useSearch","decl":{"start":{"line":13,"column":7},"end":{"line":20,"column":1}},"loc":{"start":{"line":13,"column":7},"end":{"line":20,"column":1}},"line":13},"3":{"name":"queryFn","decl":{"start":{"line":16,"column":13},"end":{"line":16,"column":53}},"loc":{"start":{"line":16,"column":13},"end":{"line":16,"column":53}},"line":16}},"f":{"0":3,"1":1,"2":3,"3":1}}
,"/home/runner/work/alfresco-extract-system/alfresco-extract-system/frontend/src/hooks/useJobs.ts": {"path":"/home/runner/work/alfresco-extract-system/alfresco-extract-system/frontend/src/hooks/useJobs.ts","all":false,"statementMap":{"0":{"start":{"line":1,"column":0},"end":{"line":1,"column":78}},"1":{"start":{"line":2,"column":0},"end":{"line":2,"column":58}},"2":{"start":{"line":3,"column":0},"end":{"line":3,"column":0}},"3":{"start":{"line":4,"column":0},"end":{"line":4,"column":27}},"4":{"start":{"line":5,"column":0},"end":{"line":5,"column":19}},"5":{"start":{"line":6,"column":0},"end":{"line":6,"column":23}},"6":{"start":{"line":7,"column":0},"end":{"line":7,"column":27}},"7":{"start":{"line":8,"column":0},"end":{"line":8,"column":27}},"8":{"start":{"line":9,"column":0},"end":{"line":9,"column":5}},"9":{"start":{"line":10,"column":0},"end":{"line":10,"column":1}},"10":{"start":{"line":11,"column":0},"end":{"line":11,"column":0}},"11":{"start":{"line":12,"column":0},"end":{"line":12,"column":36}},"12":{"start":{"line":13,"column":0},"end":{"line":13,"column":19}},"13":{"start":{"line":14,"column":0},"end":{"line":14,"column":27}},"14":{"start":{"line":15,"column":0},"end":{"line":15,"column":36}},"15":{"start":{"line":16,"column":0},"end":{"line":16,"column":33}},"16":{"start":{"line":17,"column":0},"end":{"line":17,"column":46}},"17":{"start":{"line":18,"column":0},"end":{"line":18,"column":37}},"18":{"start":{"line":19,"column":0},"end":{"line":19,"column":31}},"19":{"start":{"line":20,"column":0},"end":{"line":20,"column":30}},"20":{"start":{"line":21,"column":0},"end":{"line":21,"column":15}},"21":{"start":{"line":22,"column":0},"end":{"line":22,"column":16}},"22":{"start":{"line":23,"column":0},"end":{"line":23,"column":6}},"23":{"start":{"line":24,"column":0},"end":{"line":24,"column":5}},"24":{"start":{"line":25,"column":0},"end":{"line":25,"column":1}},"25":{"start":{"line":26,"column":0},"end":{"line":26,"column":0}},"26":{"start":{"line":27,"column":0},"end":{"line":27,"column":32}},"27":{"start":{"line":28,"column":0},"end":{"line":28,"column":30}},"28":{"start":{"line":29,"column":0},"end":{"line":29,"column":22}},"29":{"start":{"line":30,"column":0},"end":{"line":30,"column":65}},"30":{"start":{"line":31,"column":0},"end":{"line":31,"column":66}},"31":{"start":{"line":32,"column":0},"end":{"line":32,"column":5}},"32":{"start":{"line":33,"column":0},"end":{"line":33,"column":1}},"33":{"start":{"line":34,"column":0},"end":{"line":34,"column":0}},"34":{"start":{"line":35,"column":0},"end":{"line":35,"column":32}},"35":{"start":{"line":36,"column":0},"end":{"line":36,"column":30}},"36":{"start":{"line":37,"column":0},"end":{"line":37,"column":22}},"37":{"start":{"line":38,"column":0},"end":{"line":38,"column":52}},"38":{"start":{"line":39,"column":0},"end":{"line":39,"column":66}},"39":{"start":{"line":40,"column":0},"end":{"line":40,"column":5}},"40":{"start":{"line":41,"column":0},"end":{"line":41,"column":1}},"41":{"start":{"line":42,"column":0},"end":{"line":42,"column":0}},"42":{"start":{"line":43,"column":0},"end":{"line":43,"column":42}},"43":{"start":{"line":44,"column":0},"end":{"line":44,"column":30}},"44":{"start":{"line":45,"column":0},"end":{"line":45,"column":28}},"45":{"start":{"line":46,"column":0},"end":{"line":46,"column":49}},"46":{"start":{"line":47,"column":0},"end":{"line":47,"column":53}},"47":{"start":{"line":48,"column":0},"end":{"line":48,"column":4}},"48":{"start":{"line":49,"column":0},"end":{"line":49,"column":33}},"49":{"start":{"line":50,"column":0},"end":{"line":50,"column":45}},"50":{"start":{"line":51,"column":0},"end":{"line":51,"column":26}},"51":{"start":{"line":52,"column":0},"end":{"line":52,"column":5}},"52":{"start":{"line":53,"column":0},"end":{"line":53,"column":29}},"53":{"start":{"line":54,"column":0},"end":{"line":54,"column":41}},"54":{"start":{"line":55,"column":0},"end":{"line":55,"column":26}},"55":{"start":{"line":56,"column":0},"end":{"line":56,"column":5}},"56":{"start":{"line":57,"column":0},"end":{"line":57,"column":30}},"57":{"start":{"line":58,"column":0},"end":{"line":58,"column":42}},"58":{"start":{"line":59,"column":0},"end":{"line":59,"column":26}},"59":{"start":{"line":60,"column":0},"end":{"line":60,"column":5}},"60":{"start":{"line":61,"column":0},"end":{"line":61,"column":38}},"61":{"start":{"line":62,"column":0},"end":{"line":62,"column":1}},"62":{"start":{"line":63,"column":0},"end":{"line":63,"column":0}},"63":{"start":{"line":64,"column":0},"end":{"line":64,"column":28}},"64":{"start":{"line":65,"column":0},"end":{"line":65,"column":16}},"65":{"start":{"line":66,"column":0},"end":{"line":66,"column":19}},"66":{"start":{"line":67,"column":0},"end":{"line":67,"column":22}},"67":{"start":{"line":68,"column":0},"end":{"line":68,"column":22}},"68":{"start":{"line":69,"column":0},"end":{"line":69,"column":21}},"69":{"start":{"line":70,"column":0},"end":{"line":70,"column":3}},"70":{"start":{"line":71,"column":0},"end":{"line":71,"column":19}},"71":{"start":{"line":72,"column":0},"end":{"line":72,"column":64}},"72":{"start":{"line":73,"column":0},"end":{"line":73,"column":18}},"73":{"start":{"line":74,"column":0},"end":{"line":74,"column":29}},"74":{"start":{"line":75,"column":0},"end":{"line":75,"column":15}},"75":{"start":{"line":76,"column":0},"end":{"line":76,"column":14}},"76":{"start":{"line":77,"column":0},"end":{"line":77,"column":35}},"77":{"start":{"line":78,"column":0},"end":{"line":78,"column":9}},"78":{"start":{"line":79,"column":0},"end":{"line":79,"column":20}},"79":{"start":{"line":80,"column":0},"end":{"line":80,"column":74}},"80":{"start":{"line":81,"column":0},"end":{"line":81,"column":5}},"81":{"start":{"line":82,"column":0},"end":{"line":82,"column":1}},"82":{"start":{"line":83,"column":0},"end":{"line":83,"column":0}},"83":{"start":{"line":84,"column":0},"end":{"line":84,"column":88}},"84":{"start":{"line":85,"column":0},"end":{"line":85,"column":19}},"85":{"start":{"line":86,"column":0},"end":{"line":86,"column":60}},"86":{"start":{"line":87,"column":0},"end":{"line":87,"column":57}},"87":{"start":{"line":88,"column":0},"end":{"line":88,"column":12}},"88":{"start":{"line":89,"column":0},"end":{"line":89,"column":20}},"89":{"start":{"line":90,"column":0},"end":{"line":90,"column":73}},"90":{"start":{"line":91,"column":0},"end":{"line":91,"column":33}},"91":{"start":{"line":92,"column":0},"end":{"line":92,"column":77}},"92":{"start":{"line":93,"column":0},"end":{"line":93,"column":73}},"93":{"start":{"line":94,"column":0},"end":{"line":94,"column":82}},"94":{"start":{"line":95,"column":0},"end":{"line":95,"column":46}},"95":{"start":{"line":96,"column":0},"end":{"line":96,"column":52}},"96":{"start":{"line":97,"column":0},"end":{"line":97,"column":6}},"97":{"start":{"line":98,"column":0},"end":{"line":98,"column":5}},"98":{"start":{"line":99,"column":0},"end":{"line":99,"column":1}},"99":{"start":{"line":100,"column":0},"end":{"line":100,"column":0}},"100":{"start":{"line":101,"column":0},"end":{"line":101,"column":52}},"101":{"start":{"line":102,"column":0},"end":{"line":102,"column":30}},"102":{"start":{"line":103,"column":0},"end":{"line":103,"column":28}},"103":{"start":{"line":104,"column":0},"end":{"line":104,"column":69}},"104":{"start":{"line":105,"column":0},"end":{"line":105,"column":56}},"105":{"start":{"line":106,"column":0},"end":{"line":106,"column":49}},"106":{"start":{"line":107,"column":0},"end":{"line":107,"column":4}},"107":{"start":{"line":108,"column":0},"end":{"line":108,"column":29}},"108":{"start":{"line":109,"column":0},"end":{"line":109,"column":49}},"109":{"start":{"line":110,"column":0},"end":{"line":110,"column":26}},"110":{"start":{"line":111,"column":0},"end":{"line":111,"column":5}},"111":{"start":{"line":112,"column":0},"end":{"line":112,"column":29}},"112":{"start":{"line":113,"column":0},"end":{"line":113,"column":49}},"113":{"start":{"line":114,"column":0},"end":{"line":114,"column":26}},"114":{"start":{"line":115,"column":0},"end":{"line":115,"column":5}},"115":{"start":{"line":116,"column":0},"end":{"line":116,"column":30}},"116":{"start":{"line":117,"column":0},"end":{"line":117,"column":50}},"117":{"start":{"line":118,"column":0},"end":{"line":118,"column":26}},"118":{"start":{"line":119,"column":0},"end":{"line":119,"column":5}},"119":{"start":{"line":120,"column":0},"end":{"line":120,"column":30}},"120":{"start":{"line":121,"column":0},"end":{"line":121,"column":50}},"121":{"start":{"line":122,"column":0},"end":{"line":122,"column":26}},"122":{"start":{"line":123,"column":0},"end":{"line":123,"column":5}},"123":{"start":{"line":124,"column":0},"end":{"line":124,"column":42}},"124":{"start":{"line":125,"column":0},"end":{"line":125,"column":1}}},"s":{"0":1,"1":1,"2":1,"3":1,"4":2,"5":2,"6":2,"7":2,"8":2,"9":2,"10":1,"11":1,"12":2,"13":2,"14":2,"15":2,"16":6,"17":6,"18":6,"19":4,"20":2,"21":6,"22":6,"23":2,"24":2,"25":1,"26":1,"27":1,"28":1,"29":1,"30":1,"31":1,"32":1,"33":1,"34":1,"35":1,"36":1,"37":1,"38":1,"39":1,"40":1,"41":1,"42":1,"43":2,"44":2,"45":3,"46":3,"47":2,"48":2,"49":2,"50":2,"51":2,"52":2,"53":2,"54":2,"55":2,"56":2,"57":2,"58":2,"59":2,"60":2,"61":2,"62":1,"63":1,"64":2,"65":2,"66":2,"67":2,"68":2,"69":2,"70":2,"71":2,"72":2,"73":1,"74":1,"75":1,"76":1,"77":2,"78":2,"79":2,"80":2,"81":2,"82":1,"83":1,"84":3,"85":3,"86":3,"87":3,"88":3,"89":3,"90":3,"91":9,"92":9,"93":9,"94":9,"95":9,"96":9,"97":3,"98":3,"99":1,"100":1,"101":1,"102":1,"103":4,"104":4,"105":4,"106":1,"107":1,"108":1,"109":1,"110":1,"111":1,"112":1,"113":1,"114":1,"115":1,"116":1,"117":1,"118":1,"119":1,"120":1,"121":1,"122":1,"123":1,"124":1},"branchMap":{"0":{"type":"branch","line":4,"loc":{"start":{"line":4,"column":7},"end":{"line":10,"column":1}},"locations":[{"start":{"line":4,"column":7},"end":{"line":10,"column":1}}]},"1":{"type":"branch","line":12,"loc":{"start":{"line":12,"column":7},"end":{"line":25,"column":1}},"locations":[{"start":{"line":12,"column":7},"end":{"line":25,"column":1}}]},"2":{"type":"branch","line":15,"loc":{"start":{"line":15,"column":13},"end":{"line":15,"column":35}},"locations":[{"start":{"line":15,"column":13},"end":{"line":15,"column":35}}]},"3":{"type":"branch","line":16,"loc":{"start":{"line":16,"column":22},"end":{"line":23,"column":6}},"locations":[{"start":{"line":16,"column":22},"end":{"line":23,"column":6}}]},"4":{"type":"branch","line":17,"loc":{"start":{"line":17,"column":37},"end":{"line":17,"column":45}},"locations":[{"start":{"line":17,"column":37},"end":{"line":17,"column":45}}]},"5":{"type":"branch","line":18,"loc":{"start":{"line":18,"column":34},"end":{"line":19,"column":28}},"locations":[{"start":{"line":18,"column":34},"end":{"line":19,"column":28}}]},"6":{"type":"branch","line":19,"loc":{"start":{"line":19,"column":28},"end":{"line":20,"column":30}},"locations":[{"start":{"line":19,"column":28},"end":{"line":20,"column":30}}]},"7":{"type":"branch","line":21,"loc":{"start":{"line":21,"column":-1},"end":{"line":21,"column":15}},"locations":[{"start":{"line":21,"column":-1},"end":{"line":21,"column":15}}]},"8":{"type":"branch","line":22,"loc":{"start":{"line":22,"column":-1},"end":{"line":22,"column":15}},"locations":[{"start":{"line":22,"column":-1},"end":{"line":22,"column":15}}]},"9":{"type":"branch","line":27,"loc":{"start":{"line":27,"column":7},"end":{"line":33,"column":1}},"locations":[{"start":{"line":27,"column":7},"end":{"line":33,"column":1}}]},"10":{"type":"branch","line":30,"loc":{"start":{"line":30,"column":17},"end":{"line":30,"column":64}},"locations":[{"start":{"line":30,"column":17},"end":{"line":30,"column":64}}]},"11":{"type":"branch","line":31,"loc":{"start":{"line":31,"column":15},"end":{"line":31,"column":66}},"locations":[{"start":{"line":31,"column":15},"end":{"line":31,"column":66}}]},"12":{"type":"branch","line":35,"loc":{"start":{"line":35,"column":7},"end":{"line":41,"column":1}},"locations":[{"start":{"line":35,"column":7},"end":{"line":41,"column":1}}]},"13":{"type":"branch","line":38,"loc":{"start":{"line":38,"column":17},"end":{"line":38,"column":51}},"locations":[{"start":{"line":38,"column":17},"end":{"line":38,"column":51}}]},"14":{"type":"branch","line":39,"loc":{"start":{"line":39,"column":15},"end":{"line":39,"column":66}},"locations":[{"start":{"line":39,"column":15},"end":{"line":39,"column":66}}]},"15":{"type":"branch","line":43,"loc":{"start":{"line":43,"column":7},"end":{"line":62,"column":1}},"locations":[{"start":{"line":43,"column":7},"end":{"line":62,"column":1}}]},"16":{"type":"branch","line":45,"loc":{"start":{"line":45,"column":21},"end":{"line":48,"column":3}},"locations":[{"start":{"line":45,"column":21},"end":{"line":48,"column":3}}]},"17":{"type":"branch","line":50,"loc":{"start":{"line":50,"column":16},"end":{"line":50,"column":44}},"locations":[{"start":{"line":50,"column":16},"end":{"line":50,"column":44}}]},"18":{"type":"branch","line":54,"loc":{"start":{"line":54,"column":16},"end":{"line":54,"column":40}},"locations":[{"start":{"line":54,"column":16},"end":{"line":54,"column":40}}]},"19":{"type":"branch","line":58,"loc":{"start":{"line":58,"column":16},"end":{"line":58,"column":41}},"locations":[{"start":{"line":58,"column":16},"end":{"line":58,"column":41}}]},"20":{"type":"branch","line":64,"loc":{"start":{"line":64,"column":7},"end":{"line":82,"column":1}},"locations":[{"start":{"line":64,"column":7},"end":{"line":82,"column":1}}]},"21":{"type":"branch","line":80,"loc":{"start":{"line":80,"column":29},"end":{"line":80,"column":57}},"locations":[{"start":{"line":80,"column":29},"end":{"line":80,"column":57}}]},"22":{"type":"branch","line":80,"loc":{"start":{"line":80,"column":65},"end":{"line":80,"column":74}},"locations":[{"start":{"line":80,"column":65},"end":{"line":80,"column":74}}]},"23":{"type":"branch","line":73,"loc":{"start":{"line":73,"column":13},"end":{"line":78,"column":8}},"locations":[{"start":{"line":73,"column":13},"end":{"line":78,"column":8}}]},"24":{"type":"branch","line":84,"loc":{"start":{"line":84,"column":7},"end":{"line":99,"column":1}},"locations":[{"start":{"line":84,"column":7},"end":{"line":99,"column":1}}]},"25":{"type":"branch","line":87,"loc":{"start":{"line":87,"column":13},"end":{"line":87,"column":56}},"locations":[{"start":{"line":87,"column":13},"end":{"line":87,"column":56}}]},"26":{"type":"branch","line":91,"loc":{"start":{"line":91,"column":22},"end":{"line":97,"column":6}},"locations":[{"start":{"line":91,"column":22},"end":{"line":97,"column":6}}]},"27":{"type":"branch","line":95,"loc":{"start":{"line":95,"column":37},"end":{"line":95,"column":45}},"locations":[{"start":{"line":95,"column":37},"end":{"line":95,"column":45}}]},"28":{"type":"branch","line":96,"loc":{"start":{"line":96,"column":35},"end":{"line":96,"column":43}},"locations":[{"start":{"line":96,"column":35},"end":{"line":96,"column":43}}]},"29":{"type":"branch","line":96,"loc":{"start":{"line":96,"column":43},"end":{"line":96,"column":51}},"locations":[{"start":{"line":96,"column":43},"end":{"line":96,"column":51}}]},"30":{"type":"branch","line":101,"loc":{"start":{"line":101,"column":7},"end":{"line":125,"column":1}},"locations":[{"start":{"line":101,"column":7},"end":{"line":125,"column":1}}]},"31":{"type":"branch","line":103,"loc":{"start":{"line":103,"column":21},"end":{"line":107,"column":3}},"locations":[{"start":{"line":103,"column":21},"end":{"line":107,"column":3}}]},"32":{"type":"branch","line":109,"loc":{"start":{"line":109,"column":16},"end":{"line":109,"column":48}},"locations":[{"start":{"line":109,"column":16},"end":{"line":109,"column":48}}]},"33":{"type":"branch","line":113,"loc":{"start":{"line":113,"column":16},"end":{"line":113,"column":48}},"locations":[{"start":{"line":113,"column":16},"end":{"line":113,"column":48}}]},"34":{"type":"branch","line":117,"loc":{"start":{"line":117,"column":16},"end":{"line":117,"column":49}},"locations":[{"start":{"line":117,"column":16},"end":{"line":117,"column":49}}]},"35":{"type":"branch","line":121,"loc":{"start":{"line":121,"column":16},"end":{"line":121,"column":49}},"locations":[{"start":{"line":121,"column":16},"end":{"line":121,"column":49}}]}},"b":{"0":[2],"1":[2],"2":[1],"3":[6],"4":[2],"5":[4],"6":[4],"7":[2],"8":[4],"9":[1],"10":[1],"11":[1],"12":[1],"13":[1],"14":[1],"15":[2],"16":[3],"17":[1],"18":[1],"19":[1],"20":[2],"21":[0],"22":[0],"23":[1],"24":[3],"25":[1],"26":[9],"27":[2],"28":[2],"29":[7],"30":[1],"31":[4],"32":[1],"33":[1],"34":[1],"35":[1]},"fnMap":{"0":{"name":"useJobs","decl":{"start":{"line":4,"column":7},"end":{"line":10,"column":1}},"loc":{"start":{"line":4,"column":7},"end":{"line":10,"column":1}},"line":4},"1":{"name":"useJob","decl":{"start":{"line":12,"column":7},"end":{"line":25,"column":1}},"loc":{"start":{"line":12,"column":7},"end":{"line":25,"column":1}},"line":12},"2":{"name":"queryFn","decl":{"start":{"line":15,"column":13},"end":{"line":15,"column":35}},"loc":{"start":{"line":15,"column":13},"end":{"line":15,"column":35}},"line":15},"3":{"name":"refetchInterval","decl":{"start":{"line":16,"column":22},"end":{"line":23,"column":6}},"loc":{"start":{"line":16,"column":22},"end":{"line":23,"column":6}},"line":16},"4":{"name":"useCreateJob","decl":{"start":{"line":27,"column":7},"end":{"line":33,"column":1}},"loc":{"start":{"line":27,"column":7},"end":{"line":33,"column":1}},"line":27},"5":{"name":"mutationFn","decl":{"start":{"line":30,"column":17},"end":{"line":30,"column":64}},"loc":{"start":{"line":30,"column":17},"end":{"line":30,"column":64}},"line":30},"6":{"name":"onSuccess","decl":{"start":{"line":31,"column":15},"end":{"line":31,"column":66}},"loc":{"start":{"line":31,"column":15},"end":{"line":31,"column":66}},"line":31},"7":{"name":"useDeleteJob","decl":{"start":{"line":35,"column":7},"end":{"line":41,"column":1}},"loc":{"start":{"line":35,"column":7},"end":{"line":41,"column":1}},"line":35},"8":{"name":"mutationFn","decl":{"start":{"line":38,"column":17},"end":{"line":38,"column":51}},"loc":{"start":{"line":38,"column":17},"end":{"line":38,"column":51}},"line":38},"9":{"name":"onSuccess","decl":{"start":{"line":39,"column":15},"end":{"line":39,"column":66}},"loc":{"start":{"line":39,"column":15},"end":{"line":39,"column":66}},"line":39},"10":{"name":"useJobAction","decl":{"start":{"line":43,"column":7},"end":{"line":62,"column":1}},"loc":{"start":{"line":43,"column":7},"end":{"line":62,"column":1}},"line":43},"11":{"name":"invalidate","decl":{"start":{"line":45,"column":21},"end":{"line":48,"column":3}},"loc":{"start":{"line":45,"column":21},"end":{"line":48,"column":3}},"line":45},"12":{"name":"mutationFn","decl":{"start":{"line":50,"column":16},"end":{"line":50,"column":44}},"loc":{"start":{"line":50,"column":16},"end":{"line":50,"column":44}},"line":50},"13":{"name":"mutationFn","decl":{"start":{"line":54,"column":16},"end":{"line":54,"column":40}},"loc":{"start":{"line":54,"column":16},"end":{"line":54,"column":40}},"line":54},"14":{"name":"mutationFn","decl":{"start":{"line":58,"column":16},"end":{"line":58,"column":41}},"loc":{"start":{"line":58,"column":16},"end":{"line":58,"column":41}},"line":58},"15":{"name":"useJobFiles","decl":{"start":{"line":64,"column":7},"end":{"line":82,"column":1}},"loc":{"start":{"line":64,"column":7},"end":{"line":82,"column":1}},"line":64},"16":{"name":"queryFn","decl":{"start":{"line":73,"column":13},"end":{"line":78,"column":8}},"loc":{"start":{"line":73,"column":13},"end":{"line":78,"column":8}},"line":73},"17":{"name":"useMigration","decl":{"start":{"line":84,"column":7},"end":{"line":99,"column":1}},"loc":{"start":{"line":84,"column":7},"end":{"line":99,"column":1}},"line":84},"18":{"name":"queryFn","decl":{"start":{"line":87,"column":13},"end":{"line":87,"column":56}},"loc":{"start":{"line":87,"column":13},"end":{"line":87,"column":56}},"line":87},"19":{"name":"refetchInterval","decl":{"start":{"line":91,"column":22},"end":{"line":97,"column":6}},"loc":{"start":{"line":91,"column":22},"end":{"line":97,"column":6}},"line":91},"20":{"name":"useMigrationActions","decl":{"start":{"line":101,"column":7},"end":{"line":125,"column":1}},"loc":{"start":{"line":101,"column":7},"end":{"line":125,"column":1}},"line":101},"21":{"name":"invalidate","decl":{"start":{"line":103,"column":21},"end":{"line":107,"column":3}},"loc":{"start":{"line":103,"column":21},"end":{"line":107,"column":3}},"line":103},"22":{"name":"mutationFn","decl":{"start":{"line":109,"column":16},"end":{"line":109,"column":48}},"loc":{"start":{"line":109,"column":16},"end":{"line":109,"column":48}},"line":109},"23":{"name":"mutationFn","decl":{"start":{"line":113,"column":16},"end":{"line":113,"column":48}},"loc":{"start":{"line":113,"column":16},"end":{"line":113,"column":48}},"line":113},"24":{"name":"mutationFn","decl":{"start":{"line":117,"column":16},"end":{"line":117,"column":49}},"loc":{"start":{"line":117,"column":16},"end":{"line":117,"column":49}},"line":117},"25":{"name":"mutationFn","decl":{"start":{"line":121,"column":16},"end":{"line":121,"column":49}},"loc":{"start":{"line":121,"column":16},"end":{"line":121,"column":49}},"line":121}},"f":{"0":2,"1":2,"2":1,"3":6,"4":1,"5":1,"6":1,"7":1,"8":1,"9":1,"10":2,"11":3,"12":1,"13":1,"14":1,"15":2,"16":1,"17":3,"18":1,"19":9,"20":1,"21":4,"22":1,"23":1,"24":1,"25":1}}
,"/home/runner/work/alfresco-extract-system/alfresco-extract-system/frontend/src/hooks/useSites.ts": {"path":"/home/runner/work/alfresco-extract-system/alfresco-extract-system/frontend/src/hooks/useSites.ts","all":false,"statementMap":{"0":{"start":{"line":1,"column":0},"end":{"line":1,"column":49}},"1":{"start":{"line":2,"column":0},"end":{"line":2,"column":35}},"2":{"start":{"line":3,"column":0},"end":{"line":3,"column":0}},"3":{"start":{"line":4,"column":0},"end":{"line":4,"column":28}},"4":{"start":{"line":5,"column":0},"end":{"line":5,"column":19}},"5":{"start":{"line":6,"column":0},"end":{"line":6,"column":24}},"6":{"start":{"line":7,"column":0},"end":{"line":7,"column":28}},"7":{"start":{"line":8,"column":0},"end":{"line":8,"column":22}},"8":{"start":{"line":9,"column":0},"end":{"line":9,"column":5}},"9":{"start":{"line":10,"column":0},"end":{"line":10,"column":1}}},"s":{"0":1,"1":1,"2":1,"3":1,"4":2,"5":2,"6":2,"7":2,"8":2,"9":2},"branchMap":{"0":{"type":"branch","line":4,"loc":{"start":{"line":4,"column":7},"end":{"line":10,"column":1}},"locations":[{"start":{"line":4,"column":7},"end":{"line":10,"column":1}}]}},"b":{"0":[2]},"fnMap":{"0":{"name":"useSites","decl":{"start":{"line":4,"column":7},"end":{"line":10,"column":1}},"loc":{"start":{"line":4,"column":7},"end":{"line":10,"column":1}},"line":4}},"f":{"0":2}}
,"/home/runner/work/alfresco-extract-system/alfresco-extract-system/frontend/src/i18n/index.ts": {"path":"/home/runner/work/alfresco-extract-system/alfresco-extract-system/frontend/src/i18n/index.ts","all":false,"statementMap":{"0":{"start":{"line":1,"column":0},"end":{"line":1,"column":27}},"1":{"start":{"line":2,"column":0},"end":{"line":2,"column":49}},"2":{"start":{"line":3,"column":0},"end":{"line":3,"column":64}},"3":{"start":{"line":4,"column":0},"end":{"line":4,"column":35}},"4":{"start":{"line":5,"column":0},"end":{"line":5,"column":35}},"5":{"start":{"line":6,"column":0},"end":{"line":6,"column":0}},"6":{"start":{"line":7,"column":0},"end":{"line":7,"column":4}},"7":{"start":{"line":8,"column":0},"end":{"line":8,"column":24}},"8":{"start":{"line":9,"column":0},"end":{"line":9,"column":24}},"9":{"start":{"line":10,"column":0},"end":{"line":10,"column":9}},"10":{"start":{"line":11,"column":0},"end":{"line":11,"column":16}},"11":{"start":{"line":12,"column":0},"end":{"line":12,"column":30}},"12":{"start":{"line":13,"column":0},"end":{"line":13,"column":30}},"13":{"start":{"line":14,"column":0},"end":{"line":14,"column":6}},"14":{"start":{"line":15,"column":0},"end":{"line":15,"column":22}},"15":{"start":{"line":16,"column":0},"end":{"line":16,"column":32}},"16":{"start":{"line":17,"column":0},"end":{"line":17,"column":42}},"17":{"start":{"line":18,"column":0},"end":{"line":18,"column":16}},"18":{"start":{"line":19,"column":0},"end":{"line":19,"column":43}},"19":{"start":{"line":20,"column":0},"end":{"line":20,"column":31}},"20":{"start":{"line":21,"column":0},"end":{"line":21,"column":41}},"21":{"start":{"line":22,"column":0},"end":{"line":22,"column":6}},"22":{"start":{"line":23,"column":0},"end":{"line":23,"column":5}},"23":{"start":{"line":24,"column":0},"end":{"line":24,"column":0}},"24":{"start":{"line":25,"column":0},"end":{"line":25,"column":20}}},"s":{"0":1,"1":1,"2":1,"3":1,"4":1,"5":1,"6":1,"7":1,"8":1,"9":1,"10":1,"11":1,"12":1,"13":1,"14":1,"15":1,"16":1,"17":1,"18":1,"19":1,"20":1,"21":1,"22":1,"23":1,"24":1},"branchMap":{},"b":{},"fnMap":{},"f":{}}
}
