TN:
SF:src\App.tsx
FN:45,App
FNF:1
FNH:1
FNDA:1,App
DA:1,1
DA:2,1
DA:3,1
DA:4,1
DA:5,1
DA:6,1
DA:7,1
DA:8,1
DA:9,1
DA:10,1
DA:11,1
DA:12,1
DA:13,1
DA:14,1
DA:15,1
DA:16,1
DA:17,1
DA:18,1
DA:19,1
DA:20,1
DA:21,1
DA:22,1
DA:23,1
DA:24,1
DA:25,1
DA:26,1
DA:27,1
DA:28,1
DA:29,1
DA:30,1
DA:31,1
DA:32,1
DA:33,1
DA:34,1
DA:35,1
DA:36,1
DA:37,1
DA:38,1
DA:39,1
DA:40,1
DA:41,1
DA:42,1
DA:43,1
DA:44,1
DA:45,1
DA:46,1
DA:47,1
DA:48,1
DA:49,1
DA:50,1
DA:51,1
DA:52,1
DA:53,1
DA:54,1
LF:54
LH:54
BRDA:45,0,0,1
BRF:1
BRH:1
end_of_record
TN:
SF:src\theme.ts
FNF:0
FNH:0
DA:1,1
DA:2,1
DA:3,1
DA:4,1
DA:5,1
DA:6,1
DA:7,1
DA:8,1
DA:9,1
DA:10,1
DA:11,1
DA:12,1
DA:13,1
DA:14,1
DA:15,1
DA:16,1
DA:17,1
DA:18,1
DA:19,1
DA:20,1
DA:21,1
DA:22,1
DA:23,1
DA:24,1
DA:25,1
DA:26,1
DA:27,1
DA:28,1
DA:29,1
DA:30,1
DA:31,1
DA:32,1
DA:33,1
LF:33
LH:33
BRF:0
BRH:0
end_of_record
TN:
SF:src\utils.ts
FN:2,utcMs
FN:8,formatDuration
FN:18,formatSpeed
FN:28,formatBytes
FN:36,formatDate
FNF:5
FNH:5
FNDA:33,utcMs
FNDA:40,formatDuration
FNDA:16,formatSpeed
FNDA:134,formatBytes
FNDA:48,formatDate
DA:1,1
DA:2,1
DA:3,33
DA:4,33
DA:5,33
DA:6,33
DA:7,1
DA:8,1
DA:9,40
DA:10,40
DA:11,40
DA:12,40
DA:13,40
DA:14,38
DA:15,17
DA:16,17
DA:17,1
DA:18,1
DA:19,16
DA:20,16
DA:21,16
DA:22,16
DA:23,16
DA:24,16
DA:25,0
DA:26,0
DA:27,1
DA:28,1
DA:29,134
DA:30,133
DA:31,133
DA:32,133
DA:33,133
DA:34,133
DA:35,1
DA:36,1
DA:37,48
DA:38,46
DA:39,48
DA:40,48
DA:41,48
LF:41
LH:39
BRDA:2,0,0,33
BRDA:4,1,0,18
BRDA:4,2,0,15
BRDA:4,3,0,18
BRDA:8,4,0,40
BRDA:9,5,0,0
BRDA:13,6,0,38
BRDA:13,7,0,4
BRDA:13,8,0,36
BRDA:14,9,0,19
BRDA:14,10,0,17
BRDA:18,11,0,16
BRDA:19,12,0,0
BRDA:21,13,0,0
BRDA:23,14,0,0
BRDA:24,15,0,0
BRDA:28,16,0,134
BRDA:29,17,0,1
BRDA:29,18,0,133
BRDA:36,19,0,48
BRDA:37,20,0,2
BRDA:37,21,0,47
BRDA:37,22,0,46
BRDA:39,23,0,45
BRDA:39,24,0,2
BRDA:39,25,0,44
BRF:26
BRH:21
end_of_record
TN:
SF:src\api\client.ts
FN:146,request
FN:159,get
FN:163,list
FN:167,get
FN:174,search
FN:178,folderSize
FN:187,list
FN:188,get
FN:189,create
FN:195,startCopy
FN:197,pause
FN:199,resume
FN:201,delete
FN:208,list
FN:218,csvUrl
FN:221,start
FN:225,get
FN:229,pause
FN:233,resume
FN:237,sqlUrl
FN:238,revert
FNF:21
FNH:21
FNDA:20,request
FNDA:1,get
FNDA:2,list
FNDA:2,get
FNDA:1,search
FNDA:1,folderSize
FNDA:2,list
FNDA:1,get
FNDA:1,create
FNDA:1,startCopy
FNDA:1,pause
FNDA:1,resume
FNDA:2,delete
FNDA:1,list
FNDA:1,csvUrl
FNDA:1,start
FNDA:1,get
FNDA:1,pause
FNDA:1,resume
FNDA:22,sqlUrl
FNDA:1,revert
DA:1,1
DA:2,1
DA:3,1
DA:4,1
DA:5,1
DA:6,1
DA:7,1
DA:8,1
DA:9,1
DA:10,1
DA:11,1
DA:12,1
DA:13,1
DA:14,1
DA:15,1
DA:16,1
DA:17,1
DA:18,1
DA:19,1
DA:20,1
DA:21,1
DA:22,1
DA:23,1
DA:24,1
DA:25,1
DA:26,1
DA:27,1
DA:28,1
DA:29,1
DA:30,1
DA:31,1
DA:32,1
DA:33,1
DA:34,1
DA:35,1
DA:36,1
DA:37,1
DA:38,1
DA:39,1
DA:40,1
DA:41,1
DA:42,1
DA:43,1
DA:44,1
DA:45,1
DA:46,1
DA:47,1
DA:48,1
DA:49,1
DA:50,1
DA:51,1
DA:52,1
DA:53,1
DA:54,1
DA:55,1
DA:56,1
DA:57,1
DA:58,1
DA:59,1
DA:60,1
DA:61,1
DA:62,1
DA:63,1
DA:64,1
DA:65,1
DA:66,1
DA:67,1
DA:68,1
DA:69,1
DA:70,1
DA:71,1
DA:72,1
DA:73,1
DA:74,1
DA:75,1
DA:76,1
DA:77,1
DA:78,1
DA:79,1
DA:80,1
DA:81,1
DA:82,1
DA:83,1
DA:84,1
DA:85,1
DA:86,1
DA:87,1
DA:88,1
DA:89,1
DA:90,1
DA:91,1
DA:92,1
DA:93,1
DA:94,1
DA:95,1
DA:96,1
DA:97,1
DA:98,1
DA:99,1
DA:100,1
DA:101,1
DA:102,1
DA:103,1
DA:104,1
DA:105,1
DA:106,1
DA:107,1
DA:108,1
DA:109,1
DA:110,1
DA:111,1
DA:112,1
DA:113,1
DA:114,1
DA:115,1
DA:116,1
DA:117,1
DA:118,1
DA:119,1
DA:120,1
DA:121,1
DA:122,1
DA:123,1
DA:124,1
DA:125,1
DA:126,1
DA:127,1
DA:128,1
DA:129,1
DA:130,1
DA:131,1
DA:132,1
DA:133,1
DA:134,1
DA:135,1
DA:136,1
DA:137,1
DA:138,1
DA:139,1
DA:140,1
DA:141,1
DA:142,1
DA:143,1
DA:144,1
DA:145,1
DA:146,20
DA:147,20
DA:148,20
DA:149,2
DA:150,2
DA:151,2
DA:152,17
DA:153,17
DA:154,1
DA:155,1
DA:156,1
DA:157,1
DA:158,1
DA:159,1
DA:160,1
DA:161,1
DA:162,1
DA:163,1
DA:164,1
DA:165,1
DA:166,1
DA:167,1
DA:168,2
DA:169,2
DA:170,1
DA:171,2
DA:172,2
DA:173,1
DA:174,1
DA:175,1
DA:176,1
DA:177,1
DA:178,1
DA:179,1
DA:180,1
DA:181,1
DA:182,1
DA:183,1
DA:184,1
DA:185,1
DA:186,1
DA:187,1
DA:188,1
DA:189,1
DA:190,1
DA:191,1
DA:192,1
DA:193,1
DA:194,1
DA:195,1
DA:196,1
DA:197,1
DA:198,1
DA:199,1
DA:200,1
DA:201,1
DA:202,2
DA:203,2
DA:204,2
DA:205,1
DA:206,1
DA:207,1
DA:208,1
DA:209,1
DA:210,1
DA:211,1
DA:212,1
DA:213,1
DA:214,1
DA:215,1
DA:216,1
DA:217,1
DA:218,1
DA:219,1
DA:220,1
DA:221,1
DA:222,1
DA:223,1
DA:224,1
DA:225,1
DA:226,1
DA:227,1
DA:228,1
DA:229,1
DA:230,1
DA:231,1
DA:232,1
DA:233,1
DA:234,1
DA:235,1
DA:236,1
DA:237,1
DA:238,1
DA:239,1
DA:240,1
DA:241,1
LF:241
LH:241
BRDA:146,0,0,20
BRDA:147,1,0,19
BRDA:148,2,0,2
BRDA:151,3,0,17
BRDA:149,4,0,1
BRDA:159,5,0,1
BRDA:163,6,0,2
BRDA:167,7,0,2
BRDA:170,8,0,1
BRDA:171,9,0,1
BRDA:174,10,0,1
BRDA:178,11,0,1
BRDA:179,12,0,2
BRDA:187,13,0,2
BRDA:188,14,0,1
BRDA:189,15,0,1
BRDA:195,16,0,1
BRDA:197,17,0,1
BRDA:199,18,0,1
BRDA:201,19,0,2
BRDA:202,20,0,2
BRDA:203,21,0,1
BRDA:208,22,0,1
BRDA:218,23,0,1
BRDA:221,24,0,1
BRDA:225,25,0,1
BRDA:229,26,0,1
BRDA:233,27,0,1
BRDA:237,28,0,22
BRDA:238,29,0,1
BRF:30
BRH:30
end_of_record
TN:
SF:src\components\JobRow.tsx
FN:29,jobDuration
FN:39,JobRow
FN:56,handleAction
FN:76,handleDelete
FN:156,onClick
FN:168,onClick
FN:184,onClick
FN:200,onClick
FNF:8
FNH:7
FNDA:4,jobDuration
FNDA:4,JobRow
FNDA:3,handleAction
FNDA:0,handleDelete
FNDA:1,onClick
FNDA:1,onClick
FNDA:1,onClick
FNDA:1,onClick
DA:1,1
DA:2,1
DA:3,1
DA:4,1
DA:5,1
DA:6,1
DA:7,1
DA:8,1
DA:9,1
DA:10,1
DA:11,1
DA:12,1
DA:13,1
DA:14,1
DA:15,1
DA:16,1
DA:17,1
DA:18,1
DA:19,1
DA:20,1
DA:21,1
DA:22,1
DA:23,1
DA:24,1
DA:25,1
DA:26,1
DA:27,1
DA:28,1
DA:29,1
DA:30,4
DA:31,4
DA:32,4
DA:33,4
DA:34,2
DA:35,4
DA:36,4
DA:37,4
DA:38,1
DA:39,1
DA:40,4
DA:41,4
DA:42,4
DA:43,4
DA:44,4
DA:45,4
DA:46,4
DA:47,4
DA:48,4
DA:49,4
DA:50,4
DA:51,4
DA:52,4
DA:53,4
DA:54,4
DA:55,4
DA:56,4
DA:57,3
DA:58,3
DA:59,3
DA:60,3
DA:61,3
DA:62,3
DA:63,3
DA:64,3
DA:65,3
DA:66,3
DA:67,3
DA:68,0
DA:69,0
DA:70,0
DA:71,0
DA:72,0
DA:73,0
DA:74,4
DA:75,4
DA:76,4
DA:77,0
DA:78,0
DA:79,0
DA:80,0
DA:81,0
DA:82,0
DA:83,0
DA:84,0
DA:85,0
DA:86,0
DA:87,0
DA:88,0
DA:89,0
DA:90,0
DA:91,4
DA:92,4
DA:93,4
DA:94,4
DA:95,4
DA:96,4
DA:97,4
DA:98,4
DA:99,4
DA:100,4
DA:101,4
DA:102,4
DA:103,4
DA:104,4
DA:105,4
DA:106,4
DA:107,4
DA:108,4
DA:109,4
DA:110,4
DA:111,4
DA:112,4
DA:113,4
DA:114,4
DA:115,4
DA:116,4
DA:117,4
DA:118,4
DA:119,4
DA:120,4
DA:121,4
DA:122,4
DA:123,4
DA:124,4
DA:125,4
DA:126,4
DA:127,4
DA:128,4
DA:129,4
DA:130,4
DA:131,4
DA:132,4
DA:133,4
DA:134,4
DA:135,4
DA:136,4
DA:137,4
DA:138,4
DA:139,4
DA:140,4
DA:141,4
DA:142,4
DA:143,4
DA:144,4
DA:145,4
DA:146,4
DA:147,4
DA:148,4
DA:149,4
DA:150,4
DA:151,4
DA:152,4
DA:153,4
DA:154,4
DA:155,4
DA:156,4
DA:157,4
DA:158,4
DA:159,4
DA:160,4
DA:161,4
DA:162,4
DA:163,1
DA:164,1
DA:165,1
DA:166,1
DA:167,1
DA:168,1
DA:169,1
DA:170,1
DA:171,1
DA:172,1
DA:173,1
DA:174,1
DA:175,1
DA:176,4
DA:177,4
DA:178,4
DA:179,1
DA:180,1
DA:181,1
DA:182,1
DA:183,1
DA:184,1
DA:185,1
DA:186,1
DA:187,1
DA:188,1
DA:189,1
DA:190,1
DA:191,1
DA:192,4
DA:193,4
DA:194,4
DA:195,1
DA:196,1
DA:197,1
DA:198,1
DA:199,1
DA:200,1
DA:201,1
DA:202,1
DA:203,1
DA:204,1
DA:205,1
DA:206,1
DA:207,1
DA:208,4
DA:209,4
DA:210,4
DA:211,2
DA:212,2
DA:213,2
DA:214,2
DA:215,2
DA:216,2
DA:217,2
DA:218,2
DA:219,2
DA:220,2
DA:221,2
DA:222,2
DA:223,4
DA:224,4
DA:225,4
DA:226,4
DA:227,4
DA:228,4
DA:229,4
DA:230,4
DA:231,4
DA:232,4
DA:233,4
DA:234,4
DA:235,4
DA:236,4
DA:237,4
DA:238,4
DA:239,4
DA:240,4
DA:241,4
DA:242,4
DA:243,4
DA:244,4
DA:245,4
DA:246,4
DA:247,4
DA:248,4
DA:249,4
DA:250,4
DA:251,4
DA:252,4
DA:253,4
DA:254,4
DA:255,4
DA:256,4
DA:257,4
DA:258,4
DA:259,4
DA:260,4
DA:261,4
DA:262,4
DA:263,4
DA:264,4
DA:265,4
LF:265
LH:245
BRDA:29,0,0,4
BRDA:30,1,0,0
BRDA:33,2,0,3
BRDA:33,3,0,3
BRDA:34,4,0,2
BRDA:35,5,0,2
BRDA:39,6,0,4
BRDA:50,7,0,0
BRDA:54,8,0,0
BRDA:104,9,0,0
BRDA:125,10,0,0
BRDA:162,11,0,1
BRDA:178,12,0,3
BRDA:178,13,0,1
BRDA:194,14,0,3
BRDA:194,15,0,1
BRDA:210,16,0,3
BRDA:210,17,0,2
BRDA:56,18,0,3
BRDA:67,19,0,0
BRDA:156,20,0,1
BRDA:168,21,0,1
BRDA:184,22,0,1
BRDA:200,23,0,1
BRF:24
BRH:18
end_of_record
TN:
SF:src\components\SearchResultList.tsx
FN:16,getMimeIcon
FN:51,SearchResultList
FN:140,onChange
FN:143,onClick
FNF:4
FNH:4
FNDA:8,getMimeIcon
FNDA:3,SearchResultList
FNDA:1,onChange
FNDA:1,onClick
DA:1,1
DA:2,1
DA:3,1
DA:4,1
DA:5,1
DA:6,1
DA:7,1
DA:8,1
DA:9,1
DA:10,1
DA:11,1
DA:12,1
DA:13,1
DA:14,1
DA:15,1
DA:16,8
DA:17,8
DA:18,7
DA:19,8
DA:20,6
DA:21,8
DA:22,5
DA:23,8
DA:24,4
DA:25,4
DA:26,8
DA:27,4
DA:28,8
DA:29,8
DA:30,8
DA:31,8
DA:32,2
DA:33,2
DA:34,8
DA:35,8
DA:36,1
DA:37,8
DA:38,8
DA:39,8
DA:40,8
DA:41,0
DA:42,0
DA:43,1
DA:44,1
DA:45,1
DA:46,1
DA:47,1
DA:48,1
DA:49,1
DA:50,1
DA:51,1
DA:52,3
DA:53,3
DA:54,3
DA:55,3
DA:56,3
DA:57,3
DA:58,3
DA:59,3
DA:60,1
DA:61,1
DA:62,1
DA:63,6
DA:64,1
DA:65,1
DA:66,1
DA:67,1
DA:68,2
DA:69,3
DA:70,1
DA:71,1
DA:72,1
DA:73,1
DA:74,1
DA:75,1
DA:76,1
DA:77,1
DA:78,1
DA:79,1
DA:80,1
DA:81,1
DA:82,1
DA:83,1
DA:84,1
DA:85,1
DA:86,1
DA:87,1
DA:88,1
DA:89,1
DA:90,1
DA:91,1
DA:92,1
DA:93,1
DA:94,1
DA:95,1
DA:96,1
DA:97,1
DA:98,1
DA:99,1
DA:100,1
DA:101,1
DA:102,1
DA:103,1
DA:104,1
DA:105,1
DA:106,1
DA:107,1
DA:108,1
DA:109,1
DA:110,1
DA:111,1
DA:112,1
DA:113,1
DA:114,1
DA:115,1
DA:116,1
DA:117,1
DA:118,1
DA:119,1
DA:120,1
DA:121,1
DA:122,1
DA:123,1
DA:124,1
DA:125,1
DA:126,1
DA:127,1
DA:128,8
DA:129,8
DA:130,8
DA:131,8
DA:132,8
DA:133,8
DA:134,8
DA:135,8
DA:136,8
DA:137,8
DA:138,8
DA:139,8
DA:140,8
DA:141,1
DA:142,8
DA:143,8
DA:144,8
DA:145,8
DA:146,8
DA:147,8
DA:148,8
DA:149,8
DA:150,8
DA:151,8
DA:152,8
DA:153,8
DA:154,8
DA:155,8
DA:156,8
DA:157,8
DA:158,8
DA:159,8
DA:160,8
DA:161,8
DA:162,8
DA:163,8
DA:164,8
DA:165,8
DA:166,8
DA:167,8
DA:168,8
DA:169,8
DA:170,8
DA:171,8
DA:172,8
DA:173,8
DA:174,8
DA:175,8
DA:176,8
DA:177,8
DA:178,8
DA:179,8
DA:180,8
DA:181,8
DA:182,8
DA:183,8
DA:184,8
DA:185,8
DA:186,8
DA:187,8
DA:188,8
DA:189,8
DA:190,8
DA:191,8
DA:192,8
DA:193,1
DA:194,1
DA:195,1
DA:196,1
LF:196
LH:194
BRDA:16,0,0,8
BRDA:17,1,0,1
BRDA:17,2,0,7
BRDA:19,3,0,1
BRDA:19,4,0,6
BRDA:21,5,0,1
BRDA:21,6,0,5
BRDA:23,7,0,1
BRDA:23,8,0,4
BRDA:26,9,0,4
BRDA:29,10,0,1
BRDA:29,11,0,3
BRDA:31,12,0,1
BRDA:31,13,0,2
BRDA:33,14,0,1
BRDA:34,15,0,1
BRDA:35,16,0,1
BRDA:38,17,0,1
BRDA:39,18,0,0
BRDA:40,19,0,1
BRDA:40,20,0,0
BRDA:51,21,0,3
BRDA:59,22,0,1
BRDA:67,23,0,2
BRDA:69,24,0,1
BRDA:62,25,0,6
BRDA:127,26,0,8
BRDA:173,27,0,1
BRDA:190,28,0,7
BRDA:190,29,0,1
BRDA:140,30,0,1
BRDA:143,31,0,1
BRF:32
BRH:30
end_of_record
TN:
SF:src\components\StatusBadge.tsx
FN:35,JobStatusBadge
FN:50,FileStatusBadge
FN:75,MigrationStatusBadge
FNF:3
FNH:3
FNDA:30,JobStatusBadge
FNDA:34,FileStatusBadge
FNDA:43,MigrationStatusBadge
DA:1,1
DA:2,1
DA:3,1
DA:4,1
DA:5,1
DA:6,1
DA:7,1
DA:8,1
DA:9,1
DA:10,1
DA:11,1
DA:12,1
DA:13,1
DA:14,1
DA:15,1
DA:16,1
DA:17,1
DA:18,1
DA:19,1
DA:20,1
DA:21,1
DA:22,1
DA:23,1
DA:24,1
DA:25,1
DA:26,1
DA:27,1
DA:28,1
DA:29,1
DA:30,1
DA:31,1
DA:32,1
DA:33,1
DA:34,1
DA:35,1
DA:36,30
DA:37,30
DA:38,30
DA:39,30
DA:40,30
DA:41,30
DA:42,30
DA:43,1
DA:44,1
DA:45,1
DA:46,1
DA:47,1
DA:48,1
DA:49,1
DA:50,1
DA:51,34
DA:52,34
DA:53,4
DA:54,4
DA:55,4
DA:56,4
DA:57,4
DA:58,4
DA:59,4
DA:60,4
DA:61,4
DA:62,30
DA:63,30
DA:64,30
DA:65,30
DA:66,30
DA:67,30
DA:68,1
DA:69,1
DA:70,1
DA:71,1
DA:72,1
DA:73,1
DA:74,1
DA:75,1
DA:76,43
DA:77,43
DA:78,3
DA:79,3
DA:80,3
DA:81,3
DA:82,3
DA:83,3
DA:84,3
DA:85,3
DA:86,3
DA:87,40
DA:88,40
DA:89,40
DA:90,40
DA:91,40
DA:92,40
LF:92
LH:92
BRDA:35,0,0,30
BRDA:38,1,0,0
BRDA:50,2,0,34
BRDA:52,3,0,8
BRDA:52,4,0,4
BRDA:61,5,0,30
BRDA:75,6,0,43
BRDA:77,7,0,5
BRDA:77,8,0,3
BRDA:86,9,0,40
BRF:10
BRH:9
end_of_record
TN:
SF:src\components\file-tree\ColumnContext.tsx
FN:38,setColWidths
FN:40,setColOrder
FNF:2
FNH:0
FNDA:0,setColWidths
FNDA:0,setColOrder
DA:1,1
DA:2,1
DA:3,1
DA:4,1
DA:5,1
DA:6,1
DA:7,1
DA:8,1
DA:9,1
DA:10,1
DA:11,1
DA:12,1
DA:13,1
DA:14,1
DA:15,1
DA:16,1
DA:17,1
DA:18,1
DA:19,1
DA:20,1
DA:21,1
DA:22,1
DA:23,1
DA:24,1
DA:25,1
DA:26,1
DA:27,1
DA:28,1
DA:29,1
DA:30,1
DA:31,1
DA:32,1
DA:33,1
DA:34,1
DA:35,1
DA:36,1
DA:37,1
DA:38,1
DA:39,1
DA:40,1
DA:41,1
DA:42,1
DA:43,1
DA:44,1
DA:45,1
DA:46,1
DA:47,1
DA:48,1
DA:49,1
DA:50,1
DA:51,1
DA:52,1
DA:53,1
DA:54,1
DA:55,1
DA:56,1
DA:57,1
DA:58,1
DA:59,1
DA:60,1
DA:61,1
DA:62,1
DA:63,1
DA:64,1
DA:65,1
DA:66,1
DA:67,1
DA:68,1
LF:68
LH:68
BRF:0
BRH:0
end_of_record
TN:
SF:src\components\file-tree\FileRow.tsx
FN:17,getMimeIcon
FN:46,FileRow
FN:59,getCellValue
FN:79,onChange
FN:80,onClick
FNF:5
FNH:5
FNDA:17,getMimeIcon
FNDA:17,FileRow
FNDA:51,getCellValue
FNDA:1,onChange
FNDA:1,onClick
DA:1,1
DA:2,1
DA:3,1
DA:4,1
DA:5,1
DA:6,1
DA:7,1
DA:8,1
DA:9,1
DA:10,1
DA:11,1
DA:12,1
DA:13,1
DA:14,1
DA:15,1
DA:16,1
DA:17,1
DA:18,17
DA:19,17
DA:20,17
DA:21,17
DA:22,17
DA:23,17
DA:24,17
DA:25,17
DA:26,17
DA:27,17
DA:28,17
DA:29,17
DA:30,17
DA:31,17
DA:32,17
DA:33,17
DA:34,17
DA:35,17
DA:36,17
DA:37,0
DA:38,17
DA:39,17
DA:40,17
DA:41,17
DA:42,0
DA:43,0
DA:44,1
DA:45,1
DA:46,1
DA:47,17
DA:48,17
DA:49,17
DA:50,17
DA:51,17
DA:52,17
DA:53,17
DA:54,17
DA:55,17
DA:56,17
DA:57,17
DA:58,17
DA:59,17
DA:60,51
DA:61,51
DA:62,51
DA:63,17
DA:64,17
DA:65,17
DA:66,17
DA:67,17
DA:68,17
DA:69,17
DA:70,17
DA:71,17
DA:72,17
DA:73,17
DA:74,17
DA:75,17
DA:76,17
DA:77,17
DA:78,17
DA:79,17
DA:80,17
DA:81,17
DA:82,17
DA:83,17
DA:84,17
DA:85,17
DA:86,17
DA:87,17
DA:88,17
DA:89,17
DA:90,17
DA:91,17
DA:92,17
DA:93,17
DA:94,17
DA:95,17
DA:96,17
DA:97,17
DA:98,17
DA:99,17
DA:100,17
DA:101,17
DA:102,17
DA:103,51
DA:104,51
DA:105,51
DA:106,51
DA:107,51
DA:108,51
DA:109,51
DA:110,51
DA:111,51
DA:112,51
DA:113,51
DA:114,51
DA:115,51
DA:116,51
DA:117,17
DA:118,17
DA:119,17
DA:120,17
LF:120
LH:117
BRDA:17,0,0,17
BRDA:18,1,0,0
BRDA:20,2,0,0
BRDA:22,3,0,0
BRDA:24,4,0,0
BRDA:30,5,0,0
BRDA:32,6,0,0
BRDA:34,7,0,2
BRDA:35,8,0,2
BRDA:36,9,0,0
BRDA:39,10,0,0
BRDA:41,11,0,0
BRDA:46,12,0,17
BRDA:59,13,0,51
BRDA:60,14,0,17
BRDA:60,15,0,0
BRDA:60,16,0,34
BRDA:61,17,0,17
BRDA:62,18,0,0
BRDA:79,19,0,1
BRDA:80,20,0,1
BRDA:102,21,0,51
BRF:22
BRH:11
end_of_record
TN:
SF:src\components\file-tree\FolderTreeNode.tsx
FN:16,collectFileIds
FN:25,collectFolderIds
FN:35,updateNode
FN:69,FolderTreeNode
FN:200,onChange
FN:208,onClick
FNF:6
FNH:6
FNDA:2,collectFileIds
FNDA:2,collectFolderIds
FNDA:8,updateNode
FNDA:21,FolderTreeNode
FNDA:1,onChange
FNDA:1,onClick
DA:1,1
DA:2,1
DA:3,1
DA:4,1
DA:5,1
DA:6,1
DA:7,1
DA:8,1
DA:9,1
DA:10,1
DA:11,1
DA:12,1
DA:13,1
DA:14,1
DA:15,1
DA:16,1
DA:17,2
DA:18,2
DA:19,1
DA:20,1
DA:21,2
DA:22,2
DA:23,1
DA:24,1
DA:25,1
DA:26,2
DA:27,2
DA:28,1
DA:29,1
DA:30,1
DA:31,2
DA:32,2
DA:33,1
DA:34,1
DA:35,1
DA:36,8
DA:37,8
DA:38,8
DA:39,8
DA:40,8
DA:41,8
DA:42,0
DA:43,0
DA:44,0
DA:45,8
DA:46,8
DA:47,1
DA:48,1
DA:49,1
DA:50,1
DA:51,1
DA:52,1
DA:53,1
DA:54,1
DA:55,1
DA:56,1
DA:57,1
DA:58,1
DA:59,1
DA:60,1
DA:61,1
DA:62,1
DA:63,1
DA:64,1
DA:65,1
DA:66,1
DA:67,1
DA:68,1
DA:69,1
DA:70,21
DA:71,21
DA:72,21
DA:73,21
DA:74,21
DA:75,21
DA:76,21
DA:77,21
DA:78,21
DA:79,21
DA:80,21
DA:81,21
DA:82,21
DA:83,21
DA:84,21
DA:85,5
DA:86,1
DA:87,1
DA:88,1
DA:89,5
DA:90,1
DA:91,1
DA:92,1
DA:93,1
DA:94,1
DA:95,1
DA:96,1
DA:97,1
DA:98,1
DA:99,3
DA:100,3
DA:101,3
DA:102,2
DA:103,1
DA:104,1
DA:105,1
DA:106,2
DA:107,2
DA:108,2
DA:109,2
DA:110,2
DA:111,2
DA:112,2
DA:113,2
DA:114,2
DA:115,2
DA:116,2
DA:117,2
DA:118,2
DA:119,2
DA:120,2
DA:121,2
DA:122,2
DA:123,2
DA:124,2
DA:125,2
DA:126,2
DA:127,2
DA:128,2
DA:129,2
DA:130,2
DA:131,5
DA:132,1
DA:133,1
DA:134,1
DA:135,1
DA:136,1
DA:137,5
DA:138,1
DA:139,1
DA:140,21
DA:141,21
DA:142,21
DA:143,21
DA:144,21
DA:145,21
DA:146,21
DA:147,21
DA:148,21
DA:149,21
DA:150,21
DA:151,21
DA:152,21
DA:153,21
DA:154,21
DA:155,21
DA:156,21
DA:157,21
DA:158,21
DA:159,21
DA:160,21
DA:161,21
DA:162,21
DA:163,21
DA:164,21
DA:165,21
DA:166,21
DA:167,21
DA:168,21
DA:169,21
DA:170,21
DA:171,21
DA:172,21
DA:173,21
DA:174,21
DA:175,21
DA:176,21
DA:177,21
DA:178,21
DA:179,21
DA:180,21
DA:181,21
DA:182,21
DA:183,21
DA:184,21
DA:185,6
DA:186,15
DA:187,3
DA:188,12
DA:189,12
DA:190,12
DA:191,12
DA:192,12
DA:193,21
DA:194,21
DA:195,21
DA:196,21
DA:197,21
DA:198,21
DA:199,21
DA:200,21
DA:201,1
DA:202,1
DA:203,1
DA:204,1
DA:205,1
DA:206,1
DA:207,1
DA:208,21
DA:209,21
DA:210,21
DA:211,21
DA:212,21
DA:213,21
DA:214,21
DA:215,21
DA:216,21
DA:217,21
DA:218,21
DA:219,21
DA:220,3
DA:221,3
DA:222,3
DA:223,3
DA:224,3
DA:225,18
DA:226,18
DA:227,18
DA:228,18
DA:229,18
DA:230,18
DA:231,21
DA:232,21
DA:233,21
DA:234,21
DA:235,21
DA:236,21
DA:237,21
DA:238,21
DA:239,21
DA:240,21
DA:241,63
DA:242,21
DA:243,21
DA:244,21
DA:245,21
DA:246,21
DA:247,3
DA:248,3
DA:249,2
DA:250,2
DA:251,2
DA:252,2
DA:253,2
DA:254,2
DA:255,2
DA:256,3
DA:257,3
DA:258,3
DA:259,1
DA:260,1
DA:261,1
DA:262,1
DA:263,1
DA:264,1
DA:265,1
DA:266,1
DA:267,1
DA:268,3
DA:269,3
DA:270,3
DA:271,2
DA:272,2
DA:273,2
DA:274,2
DA:275,2
DA:276,2
DA:277,2
DA:278,2
DA:279,2
DA:280,2
DA:281,2
DA:282,2
DA:283,2
DA:284,2
DA:285,3
DA:286,3
DA:287,21
DA:288,21
DA:289,21
DA:290,21
LF:290
LH:287
BRDA:16,0,0,2
BRDA:17,1,0,1
BRDA:18,2,0,1
BRDA:18,3,0,1
BRDA:17,4,0,1
BRDA:25,5,0,2
BRDA:27,6,0,1
BRDA:27,7,0,1
BRDA:35,8,0,8
BRDA:40,9,0,8
BRDA:41,10,0,0
BRDA:69,11,0,21
BRDA:178,12,0,2
BRDA:180,13,0,3
BRDA:180,14,0,18
BRDA:184,15,0,6
BRDA:186,16,0,15
BRDA:186,17,0,3
BRDA:188,18,0,12
BRDA:191,19,0,10
BRDA:191,20,0,2
BRDA:219,21,0,3
BRDA:225,22,0,18
BRDA:246,23,0,3
BRDA:258,24,0,1
BRDA:258,25,0,1
BRDA:84,26,0,5
BRDA:85,27,0,1
BRDA:88,28,0,4
BRDA:89,29,0,1
BRDA:94,30,0,0
BRDA:98,31,0,3
BRDA:101,32,0,2
BRDA:131,33,0,1
BRDA:137,34,0,1
BRDA:92,35,0,1
BRDA:94,36,0,1
BRDA:102,37,0,1
BRDA:115,38,0,1
BRDA:115,39,0,0
BRDA:118,40,0,1
BRDA:121,41,0,1
BRDA:124,42,0,1
BRDA:125,43,0,1
BRDA:132,44,0,1
BRDA:134,45,0,1
BRDA:200,46,0,1
BRDA:208,47,0,1
BRDA:240,48,0,63
BRDA:248,49,0,2
BRDA:270,50,0,2
BRF:51
BRH:48
end_of_record
TN:
SF:src\components\file-tree\TreeHeader.tsx
FN:13,ResizeHandle
FN:28,onMouseMove
FN:35,onMouseUp
FN:51,onMouseEnter
FN:52,onMouseLeave
FN:84,TreeHeader
FN:111,onDragStart
FN:115,onDragEnd
FN:119,onDragOver
FN:125,onDragLeave
FN:126,onDrop
FNF:11
FNH:9
FNDA:55,ResizeHandle
FNDA:1,onMouseMove
FNDA:1,onMouseUp
FNDA:1,onMouseEnter
FNDA:1,onMouseLeave
FNDA:21,TreeHeader
FNDA:1,onDragStart
FNDA:0,onDragEnd
FNDA:1,onDragOver
FNDA:0,onDragLeave
FNDA:1,onDrop
DA:1,1
DA:2,1
DA:3,1
DA:4,1
DA:5,1
DA:6,1
DA:7,1
DA:8,1
DA:9,1
DA:10,1
DA:11,1
DA:12,1
DA:13,1
DA:14,55
DA:15,55
DA:16,55
DA:17,55
DA:18,55
DA:19,55
DA:20,1
DA:21,1
DA:22,1
DA:23,1
DA:24,1
DA:25,1
DA:26,1
DA:27,1
DA:28,1
DA:29,1
DA:30,1
DA:31,1
DA:32,1
DA:33,1
DA:34,1
DA:35,1
DA:36,1
DA:37,1
DA:38,1
DA:39,1
DA:40,1
DA:41,1
DA:42,1
DA:43,1
DA:44,55
DA:45,55
DA:46,55
DA:47,55
DA:48,55
DA:49,55
DA:50,55
DA:51,55
DA:52,55
DA:53,55
DA:54,55
DA:55,55
DA:56,55
DA:57,55
DA:58,55
DA:59,55
DA:60,55
DA:61,55
DA:62,55
DA:63,55
DA:64,55
DA:65,55
DA:66,55
DA:67,55
DA:68,55
DA:69,55
DA:70,55
DA:71,55
DA:72,55
DA:73,55
DA:74,4
DA:75,55
DA:76,55
DA:77,55
DA:78,55
DA:79,55
DA:80,55
DA:81,55
DA:82,1
DA:83,1
DA:84,1
DA:85,21
DA:86,21
DA:87,21
DA:88,21
DA:89,21
DA:90,21
DA:91,21
DA:92,21
DA:93,21
DA:94,21
DA:95,21
DA:96,21
DA:97,21
DA:98,21
DA:99,21
DA:100,21
DA:101,21
DA:102,21
DA:103,21
DA:104,21
DA:105,21
DA:106,21
DA:107,21
DA:108,63
DA:109,63
DA:110,63
DA:111,63
DA:112,1
DA:113,1
DA:114,1
DA:115,63
DA:116,0
DA:117,0
DA:118,0
DA:119,63
DA:120,1
DA:121,1
DA:122,1
DA:123,1
DA:124,1
DA:125,63
DA:126,63
DA:127,1
DA:128,1
DA:129,1
DA:130,1
DA:131,1
DA:132,1
DA:133,1
DA:134,1
DA:135,1
DA:136,1
DA:137,1
DA:138,1
DA:139,1
DA:140,63
DA:141,63
DA:142,63
DA:143,63
DA:144,63
DA:145,63
DA:146,63
DA:147,63
DA:148,2
DA:149,63
DA:150,63
DA:151,63
DA:152,63
DA:153,63
DA:154,63
DA:155,63
DA:156,63
DA:157,63
DA:158,21
DA:159,21
DA:160,21
DA:161,21
LF:161
LH:158
BRDA:13,0,0,55
BRDA:73,1,0,51
BRDA:74,2,0,4
BRDA:75,3,0,51
BRDA:19,4,0,1
BRDA:28,5,0,1
BRDA:30,6,0,1
BRDA:35,7,0,1
BRDA:51,8,0,1
BRDA:52,9,0,1
BRDA:84,10,0,21
BRDA:107,11,0,63
BRDA:148,12,0,2
BRDA:149,13,0,61
BRDA:111,14,0,1
BRDA:119,15,0,1
BRDA:126,16,0,1
BRDA:129,17,0,0
BRDA:130,18,0,1
BRF:19
BRH:18
end_of_record
TN:
SF:src\components\job-detail\FilesTab.tsx
FN:38,fileProgressProps
FN:63,FilesTab
FN:108,onChange
FN:124,onClick
FNF:4
FNH:3
FNDA:29,fileProgressProps
FNDA:18,FilesTab
FNDA:0,onChange
FNDA:1,onClick
DA:1,1
DA:2,1
DA:3,1
DA:4,1
DA:5,1
DA:6,1
DA:7,1
DA:8,1
DA:9,1
DA:10,1
DA:11,1
DA:12,1
DA:13,1
DA:14,1
DA:15,1
DA:16,1
DA:17,1
DA:18,1
DA:19,1
DA:20,1
DA:21,1
DA:22,1
DA:23,1
DA:24,1
DA:25,1
DA:26,1
DA:27,1
DA:28,1
DA:29,1
DA:30,1
DA:31,1
DA:32,1
DA:33,1
DA:34,1
DA:35,1
DA:36,1
DA:37,1
DA:38,29
DA:39,29
DA:40,29
DA:41,13
DA:42,29
DA:43,13
DA:44,29
DA:45,0
DA:46,29
DA:47,3
DA:48,3
DA:49,3
DA:50,3
DA:51,3
DA:52,29
DA:53,29
DA:54,1
DA:55,1
DA:56,1
DA:57,1
DA:58,1
DA:59,1
DA:60,1
DA:61,1
DA:62,1
DA:63,1
DA:64,18
DA:65,18
DA:66,18
DA:67,18
DA:68,18
DA:69,18
DA:70,18
DA:71,18
DA:72,18
DA:73,18
DA:74,18
DA:75,18
DA:76,18
DA:77,18
DA:78,18
DA:79,18
DA:80,18
DA:81,18
DA:82,11
DA:83,11
DA:84,1
DA:85,1
DA:86,11
DA:87,18
DA:88,18
DA:89,18
DA:90,18
DA:91,18
DA:92,18
DA:93,18
DA:94,18
DA:95,18
DA:96,18
DA:97,18
DA:98,18
DA:99,18
DA:100,18
DA:101,18
DA:102,18
DA:103,18
DA:104,18
DA:105,18
DA:106,18
DA:107,18
DA:108,18
DA:109,0
DA:110,0
DA:111,0
DA:112,18
DA:113,18
DA:114,18
DA:115,18
DA:116,18
DA:117,18
DA:118,18
DA:119,18
DA:120,18
DA:121,18
DA:122,18
DA:123,18
DA:124,18
DA:125,1
DA:126,1
DA:127,1
DA:128,18
DA:129,18
DA:130,18
DA:131,18
DA:132,18
DA:133,18
DA:134,18
DA:135,18
DA:136,1
DA:137,1
DA:138,8
DA:139,1
DA:140,1
DA:141,18
DA:142,18
DA:143,18
DA:144,2
DA:145,2
DA:146,2
DA:147,18
DA:148,18
DA:149,18
DA:150,16
DA:151,16
DA:152,16
DA:153,16
DA:154,16
DA:155,16
DA:156,16
DA:157,16
DA:158,16
DA:159,16
DA:160,16
DA:161,16
DA:162,16
DA:163,16
DA:164,16
DA:165,29
DA:166,29
DA:167,29
DA:168,29
DA:169,29
DA:170,29
DA:171,29
DA:172,29
DA:173,29
DA:174,29
DA:175,29
DA:176,29
DA:177,29
DA:178,29
DA:179,29
DA:180,29
DA:181,29
DA:182,29
DA:183,29
DA:184,29
DA:185,29
DA:186,29
DA:187,29
DA:188,29
DA:189,29
DA:190,29
DA:191,29
DA:192,29
DA:193,29
DA:194,29
DA:195,29
DA:196,29
DA:197,16
DA:198,29
DA:199,29
DA:200,29
DA:201,29
DA:202,29
DA:203,29
DA:204,16
DA:205,29
DA:206,29
DA:207,29
DA:208,29
DA:209,29
DA:210,29
DA:211,29
DA:212,29
DA:213,29
DA:214,29
DA:215,29
DA:216,29
DA:217,29
DA:218,29
DA:219,29
DA:220,29
DA:221,29
DA:222,29
DA:223,29
DA:224,29
DA:225,29
DA:226,13
DA:227,13
DA:228,13
DA:229,13
DA:230,13
DA:231,13
DA:232,13
DA:233,13
DA:234,13
DA:235,13
DA:236,13
DA:237,16
DA:238,16
DA:239,16
DA:240,16
DA:241,29
DA:242,29
DA:243,29
DA:244,29
DA:245,16
DA:246,16
DA:247,16
DA:248,16
DA:249,18
DA:250,18
DA:251,18
DA:252,0
DA:253,0
DA:254,0
DA:255,0
DA:256,0
DA:257,0
DA:258,0
DA:259,0
DA:260,18
DA:261,18
DA:262,18
DA:263,18
LF:263
LH:251
BRDA:38,0,0,29
BRDA:40,1,0,13
BRDA:42,2,0,13
BRDA:44,3,0,0
BRDA:46,4,0,3
BRDA:48,5,0,0
BRDA:63,6,0,18
BRDA:89,7,0,0
BRDA:135,8,0,1
BRDA:143,9,0,2
BRDA:149,10,0,16
BRDA:251,11,0,0
BRDA:81,12,0,11
BRDA:83,13,0,1
BRDA:83,14,0,1
BRDA:124,15,0,1
BRDA:137,16,0,8
BRDA:164,17,0,29
BRDA:197,18,0,16
BRDA:198,19,0,13
BRDA:204,20,0,16
BRDA:205,21,0,13
BRDA:221,22,0,0
BRDA:225,23,0,13
BRDA:237,24,0,16
BRF:25
BRH:20
end_of_record
TN:
SF:src\components\job-detail\JobActionButtons.tsx
FN:22,JobActionButtons
FNF:1
FNH:1
FNDA:17,JobActionButtons
DA:1,1
DA:2,1
DA:3,1
DA:4,1
DA:5,1
DA:6,1
DA:7,1
DA:8,1
DA:9,1
DA:10,1
DA:11,1
DA:12,1
DA:13,1
DA:14,1
DA:15,1
DA:16,1
DA:17,1
DA:18,1
DA:19,1
DA:20,1
DA:21,1
DA:22,1
DA:23,17
DA:24,17
DA:25,17
DA:26,17
DA:27,17
DA:28,17
DA:29,17
DA:30,17
DA:31,17
DA:32,17
DA:33,17
DA:34,17
DA:35,17
DA:36,17
DA:37,2
DA:38,2
DA:39,2
DA:40,2
DA:41,2
DA:42,2
DA:43,2
DA:44,2
DA:45,2
DA:46,17
DA:47,17
DA:48,17
DA:49,5
DA:50,5
DA:51,5
DA:52,5
DA:53,5
DA:54,5
DA:55,5
DA:56,5
DA:57,5
DA:58,5
DA:59,17
DA:60,17
DA:61,17
DA:62,6
DA:63,6
DA:64,6
DA:65,6
DA:66,6
DA:67,6
DA:68,6
DA:69,6
DA:70,6
DA:71,6
DA:72,17
DA:73,17
DA:74,17
DA:75,17
DA:76,17
DA:77,17
DA:78,17
DA:79,17
DA:80,17
DA:81,17
DA:82,17
DA:83,17
DA:84,17
DA:85,17
DA:86,17
DA:87,17
DA:88,17
DA:89,17
DA:90,17
DA:91,17
DA:92,17
DA:93,17
DA:94,17
DA:95,17
DA:96,17
DA:97,17
DA:98,17
DA:99,17
DA:100,17
DA:101,17
DA:102,17
LF:102
LH:102
BRDA:22,0,0,17
BRDA:36,1,0,2
BRDA:48,2,0,12
BRDA:48,3,0,5
BRDA:61,4,0,11
BRDA:61,5,0,6
BRF:6
BRH:6
end_of_record
TN:
SF:src\components\job-detail\JobProgressPanel.tsx
FN:18,JobProgressPanel
FNF:1
FNH:1
FNDA:17,JobProgressPanel
DA:1,1
DA:2,1
DA:3,1
DA:4,1
DA:5,1
DA:6,1
DA:7,1
DA:8,1
DA:9,1
DA:10,1
DA:11,1
DA:12,1
DA:13,1
DA:14,1
DA:15,1
DA:16,1
DA:17,1
DA:18,1
DA:19,17
DA:20,17
DA:21,17
DA:22,17
DA:23,17
DA:24,17
DA:25,17
DA:26,17
DA:27,17
DA:28,17
DA:29,17
DA:30,17
DA:31,17
DA:32,17
DA:33,17
DA:34,17
DA:35,17
DA:36,17
DA:37,17
DA:38,17
DA:39,17
DA:40,17
DA:41,17
DA:42,17
DA:43,17
DA:44,17
DA:45,17
DA:46,17
DA:47,17
DA:48,17
DA:49,17
DA:50,17
DA:51,17
DA:52,17
DA:53,17
DA:54,17
DA:55,17
DA:56,17
DA:57,17
DA:58,17
DA:59,17
DA:60,17
DA:61,17
DA:62,17
DA:63,17
DA:64,17
DA:65,17
DA:66,17
DA:67,17
DA:68,17
DA:69,17
DA:70,17
DA:71,17
DA:72,17
DA:73,17
DA:74,17
DA:75,17
DA:76,17
DA:77,17
DA:78,17
DA:79,17
DA:80,17
DA:81,17
DA:82,17
DA:83,17
DA:84,17
DA:85,9
DA:86,17
DA:87,17
DA:88,17
DA:89,17
DA:90,17
DA:91,17
DA:92,17
DA:93,17
DA:94,17
DA:95,5
DA:96,5
DA:97,5
DA:98,5
DA:99,5
DA:100,5
DA:101,5
DA:102,0
DA:103,5
DA:104,5
DA:105,5
DA:106,5
DA:107,5
DA:108,5
DA:109,5
DA:110,5
DA:111,5
DA:112,0
DA:113,5
DA:114,5
DA:115,5
DA:116,5
DA:117,17
DA:118,17
DA:119,17
DA:120,17
DA:121,17
DA:122,17
DA:123,17
DA:124,17
LF:124
LH:122
BRDA:18,0,0,17
BRDA:85,1,0,9
BRDA:86,2,0,8
BRDA:90,3,0,9
BRDA:90,4,0,8
BRDA:94,5,0,5
BRDA:102,6,0,0
BRDA:112,7,0,0
BRF:8
BRH:6
end_of_record
TN:
SF:src\components\job-detail\MigrationTab.tsx
FN:55,MigrationTab
FN:129,handleStartMigration
FN:144,handlePauseMigration
FN:159,handleResumeMigration
FN:174,handleRevertMigration
FN:287,onClick
FNF:6
FNH:5
FNDA:22,MigrationTab
FNDA:2,handleStartMigration
FNDA:1,handlePauseMigration
FNDA:1,handleResumeMigration
FNDA:1,handleRevertMigration
FNDA:0,onClick
DA:1,1
DA:2,1
DA:3,1
DA:4,1
DA:5,1
DA:6,1
DA:7,1
DA:8,1
DA:9,1
DA:10,1
DA:11,1
DA:12,1
DA:13,1
DA:14,1
DA:15,1
DA:16,1
DA:17,1
DA:18,1
DA:19,1
DA:20,1
DA:21,1
DA:22,1
DA:23,1
DA:24,1
DA:25,1
DA:26,1
DA:27,1
DA:28,1
DA:29,1
DA:30,1
DA:31,1
DA:32,1
DA:33,1
DA:34,1
DA:35,1
DA:36,1
DA:37,1
DA:38,1
DA:39,1
DA:40,1
DA:41,1
DA:42,1
DA:43,1
DA:44,1
DA:45,1
DA:46,1
DA:47,1
DA:48,1
DA:49,1
DA:50,1
DA:51,1
DA:52,1
DA:53,1
DA:54,1
DA:55,1
DA:56,22
DA:57,22
DA:58,22
DA:59,22
DA:60,22
DA:61,22
DA:62,22
DA:63,22
DA:64,22
DA:65,22
DA:66,22
DA:67,22
DA:68,22
DA:69,22
DA:70,22
DA:71,22
DA:72,22
DA:73,22
DA:74,22
DA:75,22
DA:76,22
DA:77,22
DA:78,22
DA:79,22
DA:80,22
DA:81,22
DA:82,22
DA:83,8
DA:84,7
DA:85,7
DA:86,7
DA:87,1
DA:88,8
DA:89,0
DA:90,0
DA:91,0
DA:92,0
DA:93,0
DA:94,0
DA:95,0
DA:96,1
DA:97,22
DA:98,22
DA:99,22
DA:100,8
DA:101,1
DA:102,1
DA:103,1
DA:104,0
DA:105,1
DA:106,1
DA:107,22
DA:108,22
DA:109,22
DA:110,22
DA:111,0
DA:112,22
DA:113,22
DA:114,22
DA:115,22
DA:116,21
DA:117,21
DA:118,21
DA:119,6
DA:120,6
DA:121,6
DA:122,6
DA:123,22
DA:124,22
DA:125,22
DA:126,21
DA:127,22
DA:128,22
DA:129,22
DA:130,2
DA:131,2
DA:132,1
DA:133,1
DA:134,1
DA:135,1
DA:136,1
DA:137,1
DA:138,1
DA:139,1
DA:140,1
DA:141,1
DA:142,22
DA:143,22
DA:144,22
DA:145,1
DA:146,1
DA:147,1
DA:148,1
DA:149,1
DA:150,1
DA:151,1
DA:152,0
DA:153,0
DA:154,0
DA:155,0
DA:156,0
DA:157,22
DA:158,22
DA:159,22
DA:160,1
DA:161,1
DA:162,0
DA:163,0
DA:164,0
DA:165,0
DA:166,1
DA:167,1
DA:168,1
DA:169,1
DA:170,1
DA:171,1
DA:172,22
DA:173,22
DA:174,22
DA:175,1
DA:176,1
DA:177,1
DA:178,1
DA:179,1
DA:180,1
DA:181,1
DA:182,1
DA:183,0
DA:184,0
DA:185,0
DA:186,0
DA:187,0
DA:188,22
DA:189,22
DA:190,22
DA:191,22
DA:192,22
DA:193,22
DA:194,22
DA:195,22
DA:196,22
DA:197,22
DA:198,22
DA:199,22
DA:200,22
DA:201,22
DA:202,22
DA:203,22
DA:204,22
DA:205,22
DA:206,22
DA:207,22
DA:208,22
DA:209,22
DA:210,22
DA:211,22
DA:212,22
DA:213,22
DA:214,22
DA:215,22
DA:216,22
DA:217,22
DA:218,22
DA:219,22
DA:220,22
DA:221,22
DA:222,22
DA:223,6
DA:224,6
DA:225,6
DA:226,6
DA:227,6
DA:228,6
DA:229,6
DA:230,6
DA:231,6
DA:232,22
DA:233,22
DA:234,2
DA:235,2
DA:236,2
DA:237,2
DA:238,2
DA:239,2
DA:240,2
DA:241,2
DA:242,2
DA:243,2
DA:244,22
DA:245,22
DA:246,6
DA:247,6
DA:248,6
DA:249,6
DA:250,6
DA:251,6
DA:252,6
DA:253,6
DA:254,6
DA:255,6
DA:256,22
DA:257,22
DA:258,21
DA:259,21
DA:260,21
DA:261,21
DA:262,21
DA:263,21
DA:264,21
DA:265,21
DA:266,21
DA:267,21
DA:268,22
DA:269,22
DA:270,22
DA:271,22
DA:272,19
DA:273,19
DA:274,19
DA:275,19
DA:276,19
DA:277,19
DA:278,19
DA:279,19
DA:280,19
DA:281,19
DA:282,22
DA:283,22
DA:284,22
DA:285,22
DA:286,22
DA:287,22
DA:288,22
DA:289,22
DA:290,22
DA:291,22
DA:292,22
DA:293,22
DA:294,22
DA:295,22
DA:296,22
DA:297,3
DA:298,3
DA:299,3
DA:300,2
DA:301,2
DA:302,2
DA:303,3
DA:304,3
DA:305,22
DA:306,22
DA:307,22
DA:308,22
DA:309,19
DA:310,19
DA:311,19
DA:312,19
DA:313,19
DA:314,19
DA:315,19
DA:316,19
DA:317,19
DA:318,19
DA:319,19
DA:320,19
DA:321,19
DA:322,19
DA:323,19
DA:324,19
DA:325,19
DA:326,19
DA:327,19
DA:328,19
DA:329,19
DA:330,19
DA:331,19
DA:332,19
DA:333,19
DA:334,19
DA:335,19
DA:336,19
DA:337,19
DA:338,19
DA:339,19
DA:340,19
DA:341,19
DA:342,19
DA:343,19
DA:344,19
DA:345,19
DA:346,19
DA:347,19
DA:348,95
DA:349,95
DA:350,95
DA:351,95
DA:352,95
DA:353,95
DA:354,95
DA:355,95
DA:356,95
DA:357,95
DA:358,95
DA:359,95
DA:360,95
DA:361,95
DA:362,38
DA:363,38
DA:364,38
DA:365,95
DA:366,95
DA:367,95
DA:368,19
DA:369,19
DA:370,19
DA:371,19
DA:372,19
DA:373,19
DA:374,19
DA:375,19
DA:376,19
DA:377,19
DA:378,19
DA:379,0
DA:380,19
DA:381,19
DA:382,19
DA:383,19
DA:384,19
DA:385,19
DA:386,19
DA:387,19
DA:388,19
DA:389,19
DA:390,19
DA:391,19
DA:392,19
DA:393,19
DA:394,6
DA:395,19
DA:396,19
DA:397,19
DA:398,19
DA:399,19
DA:400,6
DA:401,13
DA:402,19
DA:403,19
DA:404,19
DA:405,19
DA:406,2
DA:407,2
DA:408,2
DA:409,2
DA:410,2
DA:411,2
DA:412,2
DA:413,0
DA:414,2
DA:415,2
DA:416,2
DA:417,2
DA:418,2
DA:419,2
DA:420,2
DA:421,2
DA:422,2
DA:423,0
DA:424,2
DA:425,2
DA:426,2
DA:427,2
DA:428,19
DA:429,19
DA:430,19
DA:431,19
DA:432,19
DA:433,22
DA:434,22
DA:435,22
DA:436,22
DA:437,19
DA:438,19
DA:439,19
DA:440,19
DA:441,19
DA:442,19
DA:443,19
DA:444,19
DA:445,19
DA:446,19
DA:447,19
DA:448,19
DA:449,19
DA:450,19
DA:451,19
DA:452,19
DA:453,19
DA:454,38
DA:455,38
DA:456,38
DA:457,38
DA:458,38
DA:459,38
DA:460,38
DA:461,38
DA:462,38
DA:463,38
DA:464,38
DA:465,38
DA:466,38
DA:467,38
DA:468,38
DA:469,38
DA:470,38
DA:471,38
DA:472,38
DA:473,38
DA:474,38
DA:475,38
DA:476,38
DA:477,38
DA:478,38
DA:479,38
DA:480,38
DA:481,38
DA:482,38
DA:483,38
DA:484,38
DA:485,38
DA:486,38
DA:487,38
DA:488,38
DA:489,38
DA:490,38
DA:491,19
DA:492,19
DA:493,38
DA:494,38
DA:495,38
DA:496,38
DA:497,38
DA:498,38
DA:499,38
DA:500,38
DA:501,38
DA:502,38
DA:503,38
DA:504,38
DA:505,38
DA:506,38
DA:507,38
DA:508,38
DA:509,38
DA:510,38
DA:511,38
DA:512,38
DA:513,19
DA:514,19
DA:515,19
DA:516,19
DA:517,19
DA:518,19
DA:519,19
DA:520,19
DA:521,19
DA:522,19
DA:523,19
DA:524,19
DA:525,19
DA:526,19
DA:527,19
DA:528,38
DA:529,38
DA:530,38
DA:531,19
DA:532,19
DA:533,19
DA:534,19
DA:535,22
DA:536,22
DA:537,22
DA:538,22
DA:539,22
DA:540,2
DA:541,2
DA:542,2
DA:543,22
DA:544,22
DA:545,22
DA:546,0
DA:547,0
DA:548,0
DA:549,0
DA:550,0
DA:551,0
DA:552,0
DA:553,0
DA:554,22
DA:555,22
DA:556,22
DA:557,22
LF:557
LH:523
BRDA:55,0,0,22
BRDA:67,1,0,21
BRDA:71,2,0,21
BRDA:97,3,0,21
BRDA:107,4,0,21
BRDA:110,5,0,2
BRDA:110,6,0,0
BRDA:111,7,0,0
BRDA:115,8,0,21
BRDA:115,9,0,21
BRDA:119,10,0,6
BRDA:123,11,0,16
BRDA:126,12,0,21
BRDA:127,13,0,1
BRDA:220,14,0,21
BRDA:220,15,0,16
BRDA:221,16,0,15
BRDA:221,17,0,16
BRDA:222,18,0,15
BRDA:222,19,0,6
BRDA:233,20,0,21
BRDA:233,21,0,2
BRDA:245,22,0,21
BRDA:245,23,0,6
BRDA:245,24,0,6
BRDA:245,25,0,6
BRDA:257,26,0,21
BRDA:257,27,0,21
BRDA:269,28,0,21
BRDA:270,29,0,21
BRDA:271,30,0,19
BRDA:295,31,0,21
BRDA:295,32,0,3
BRDA:296,33,0,2
BRDA:296,34,0,3
BRDA:299,35,0,2
BRDA:299,36,0,2
BRDA:299,37,0,1
BRDA:299,38,0,2
BRDA:308,39,0,21
BRDA:308,40,0,19
BRDA:330,41,0,0
BRDA:379,42,0,0
BRDA:394,43,0,6
BRDA:395,44,0,13
BRDA:400,45,0,6
BRDA:401,46,0,13
BRDA:405,47,0,2
BRDA:413,48,0,0
BRDA:423,49,0,0
BRDA:436,50,0,21
BRDA:436,51,0,19
BRDA:537,52,0,21
BRDA:538,53,0,2
BRDA:539,54,0,2
BRDA:545,55,0,0
BRDA:82,56,0,8
BRDA:83,57,0,7
BRDA:83,58,0,7
BRDA:86,59,0,1
BRDA:88,60,0,0
BRDA:95,61,0,1
BRDA:99,62,0,8
BRDA:100,63,0,1
BRDA:100,64,0,7
BRDA:100,65,0,1
BRDA:106,66,0,1
BRDA:129,67,0,2
BRDA:131,68,0,1
BRDA:144,69,0,1
BRDA:151,70,0,0
BRDA:159,71,0,1
BRDA:161,72,0,0
BRDA:174,73,0,1
BRDA:182,74,0,0
BRDA:347,75,0,95
BRDA:361,76,0,38
BRDA:453,77,0,38
BRDA:460,78,0,19
BRDA:462,79,0,19
BRDA:471,80,0,19
BRDA:473,81,0,19
BRDA:478,82,0,19
BRDA:491,83,0,19
BRDA:492,84,0,19
BRDA:493,85,0,0
BRDA:498,86,0,19
BRDA:503,87,0,19
BRDA:508,88,0,19
BRDA:508,89,0,19
BRDA:512,90,0,19
BRDA:524,91,0,19
BRF:92
BRH:80
end_of_record
TN:
SF:src\hooks\useBrowse.ts
FN:4,useBrowse
FN:7,queryFn
FN:13,useSearch
FN:16,queryFn
FNF:4
FNH:4
FNDA:3,useBrowse
FNDA:1,queryFn
FNDA:3,useSearch
FNDA:1,queryFn
DA:1,1
DA:2,1
DA:3,1
DA:4,1
DA:5,3
DA:6,3
DA:7,3
DA:8,3
DA:9,3
DA:10,3
DA:11,3
DA:12,1
DA:13,1
DA:14,3
DA:15,3
DA:16,3
DA:17,3
DA:18,3
DA:19,3
DA:20,3
LF:20
LH:20
BRDA:4,0,0,3
BRDA:7,1,0,1
BRDA:13,2,0,3
BRDA:16,3,0,1
BRF:4
BRH:4
end_of_record
TN:
SF:src\hooks\useJobDetail.ts
FN:13,useJobDetail
FN:93,handleStartCopy
FN:108,handlePause
FN:123,handleResume
FN:138,handleDelete
FNF:5
FNH:5
FNDA:19,useJobDetail
FNDA:2,handleStartCopy
FNDA:2,handlePause
FNDA:2,handleResume
FNDA:2,handleDelete
DA:1,1
DA:2,1
DA:3,1
DA:4,1
DA:5,1
DA:6,1
DA:7,1
DA:8,1
DA:9,1
DA:10,1
DA:11,1
DA:12,1
DA:13,1
DA:14,19
DA:15,19
DA:16,19
DA:17,19
DA:18,19
DA:19,19
DA:20,19
DA:21,19
DA:22,19
DA:23,19
DA:24,19
DA:25,19
DA:26,19
DA:27,19
DA:28,19
DA:29,19
DA:30,19
DA:31,19
DA:32,19
DA:33,19
DA:34,19
DA:35,19
DA:36,19
DA:37,19
DA:38,19
DA:39,19
DA:40,12
DA:41,10
DA:42,10
DA:43,10
DA:44,2
DA:45,12
DA:46,0
DA:47,0
DA:48,0
DA:49,0
DA:50,0
DA:51,0
DA:52,2
DA:53,19
DA:54,19
DA:55,19
DA:56,10
DA:57,2
DA:58,2
DA:59,2
DA:60,1
DA:61,2
DA:62,2
DA:63,19
DA:64,19
DA:65,19
DA:66,19
DA:67,17
DA:68,17
DA:69,17
DA:70,9
DA:71,19
DA:72,19
DA:73,19
DA:74,19
DA:75,19
DA:76,19
DA:77,19
DA:78,19
DA:79,19
DA:80,17
DA:81,19
DA:82,19
DA:83,19
DA:84,19
DA:85,17
DA:86,19
DA:87,19
DA:88,19
DA:89,19
DA:90,19
DA:91,19
DA:92,19
DA:93,19
DA:94,2
DA:95,2
DA:96,1
DA:97,1
DA:98,1
DA:99,1
DA:100,1
DA:101,1
DA:102,1
DA:103,1
DA:104,1
DA:105,1
DA:106,19
DA:107,19
DA:108,19
DA:109,2
DA:110,2
DA:111,1
DA:112,1
DA:113,1
DA:114,1
DA:115,1
DA:116,1
DA:117,1
DA:118,1
DA:119,1
DA:120,1
DA:121,19
DA:122,19
DA:123,19
DA:124,2
DA:125,2
DA:126,1
DA:127,1
DA:128,1
DA:129,1
DA:130,1
DA:131,1
DA:132,1
DA:133,1
DA:134,1
DA:135,1
DA:136,19
DA:137,19
DA:138,19
DA:139,2
DA:140,2
DA:141,1
DA:142,1
DA:143,1
DA:144,1
DA:145,1
DA:146,1
DA:147,1
DA:148,1
DA:149,1
DA:150,1
DA:151,1
DA:152,19
DA:153,19
DA:154,19
DA:155,19
DA:156,19
DA:157,19
DA:158,19
DA:159,19
DA:160,19
DA:161,19
DA:162,19
DA:163,19
DA:164,19
DA:165,19
DA:166,19
DA:167,19
DA:168,19
DA:169,19
DA:170,19
DA:171,19
DA:172,19
DA:173,19
DA:174,19
DA:175,19
DA:176,19
DA:177,19
DA:178,19
LF:178
LH:172
BRDA:13,0,0,19
BRDA:29,1,0,17
BRDA:29,2,0,14
BRDA:30,3,0,12
BRDA:30,4,0,14
BRDA:31,5,0,12
BRDA:32,6,0,17
BRDA:53,7,0,17
BRDA:53,8,0,17
BRDA:63,9,0,17
BRDA:66,10,0,17
BRDA:66,11,0,17
BRDA:67,12,0,14
BRDA:68,13,0,14
BRDA:70,14,0,9
BRDA:71,15,0,10
BRDA:74,16,0,17
BRDA:74,17,0,2
BRDA:74,18,0,17
BRDA:74,19,0,2
BRDA:76,20,0,5
BRDA:76,21,0,0
BRDA:79,22,0,17
BRDA:80,23,0,17
BRDA:81,24,0,2
BRDA:84,25,0,17
BRDA:85,26,0,17
BRDA:86,27,0,2
BRDA:39,28,0,12
BRDA:40,29,0,10
BRDA:40,30,0,10
BRDA:43,31,0,2
BRDA:45,32,0,0
BRDA:51,33,0,2
BRDA:55,34,0,10
BRDA:56,35,0,2
BRDA:56,36,0,8
BRDA:56,37,0,2
BRDA:59,38,0,1
BRDA:62,39,0,2
BRDA:93,40,0,2
BRDA:95,41,0,1
BRDA:108,42,0,2
BRDA:110,43,0,1
BRDA:123,44,0,2
BRDA:125,45,0,1
BRDA:138,46,0,2
BRDA:140,47,0,1
BRF:48
BRH:46
end_of_record
TN:
SF:src\hooks\useJobs.ts
FN:4,useJobs
FN:12,useJob
FN:15,queryFn
FN:16,refetchInterval
FN:27,useCreateJob
FN:30,mutationFn
FN:31,onSuccess
FN:35,useDeleteJob
FN:38,mutationFn
FN:39,onSuccess
FN:43,useJobAction
FN:45,invalidate
FN:50,mutationFn
FN:54,mutationFn
FN:58,mutationFn
FN:64,useJobFiles
FN:73,queryFn
FN:84,useMigration
FN:87,queryFn
FN:91,refetchInterval
FN:101,useMigrationActions
FN:103,invalidate
FN:109,mutationFn
FN:113,mutationFn
FN:117,mutationFn
FN:121,mutationFn
FNF:26
FNH:26
FNDA:2,useJobs
FNDA:2,useJob
FNDA:1,queryFn
FNDA:6,refetchInterval
FNDA:1,useCreateJob
FNDA:1,mutationFn
FNDA:1,onSuccess
FNDA:1,useDeleteJob
FNDA:1,mutationFn
FNDA:1,onSuccess
FNDA:2,useJobAction
FNDA:3,invalidate
FNDA:1,mutationFn
FNDA:1,mutationFn
FNDA:1,mutationFn
FNDA:2,useJobFiles
FNDA:1,queryFn
FNDA:3,useMigration
FNDA:1,queryFn
FNDA:9,refetchInterval
FNDA:1,useMigrationActions
FNDA:4,invalidate
FNDA:1,mutationFn
FNDA:1,mutationFn
FNDA:1,mutationFn
FNDA:1,mutationFn
DA:1,1
DA:2,1
DA:3,1
DA:4,1
DA:5,2
DA:6,2
DA:7,2
DA:8,2
DA:9,2
DA:10,2
DA:11,1
DA:12,1
DA:13,2
DA:14,2
DA:15,2
DA:16,2
DA:17,6
DA:18,6
DA:19,6
DA:20,4
DA:21,2
DA:22,6
DA:23,6
DA:24,2
DA:25,2
DA:26,1
DA:27,1
DA:28,1
DA:29,1
DA:30,1
DA:31,1
DA:32,1
DA:33,1
DA:34,1
DA:35,1
DA:36,1
DA:37,1
DA:38,1
DA:39,1
DA:40,1
DA:41,1
DA:42,1
DA:43,1
DA:44,2
DA:45,2
DA:46,3
DA:47,3
DA:48,2
DA:49,2
DA:50,2
DA:51,2
DA:52,2
DA:53,2
DA:54,2
DA:55,2
DA:56,2
DA:57,2
DA:58,2
DA:59,2
DA:60,2
DA:61,2
DA:62,2
DA:63,1
DA:64,1
DA:65,2
DA:66,2
DA:67,2
DA:68,2
DA:69,2
DA:70,2
DA:71,2
DA:72,2
DA:73,2
DA:74,1
DA:75,1
DA:76,1
DA:77,1
DA:78,2
DA:79,2
DA:80,2
DA:81,2
DA:82,2
DA:83,1
DA:84,1
DA:85,3
DA:86,3
DA:87,3
DA:88,3
DA:89,3
DA:90,3
DA:91,3
DA:92,9
DA:93,9
DA:94,9
DA:95,9
DA:96,9
DA:97,9
DA:98,3
DA:99,3
DA:100,1
DA:101,1
DA:102,1
DA:103,1
DA:104,4
DA:105,4
DA:106,4
DA:107,1
DA:108,1
DA:109,1
DA:110,1
DA:111,1
DA:112,1
DA:113,1
DA:114,1
DA:115,1
DA:116,1
DA:117,1
DA:118,1
DA:119,1
DA:120,1
DA:121,1
DA:122,1
DA:123,1
DA:124,1
DA:125,1
LF:125
LH:125
BRDA:4,0,0,2
BRDA:12,1,0,2
BRDA:15,2,0,1
BRDA:16,3,0,6
BRDA:17,4,0,2
BRDA:18,5,0,4
BRDA:19,6,0,4
BRDA:21,7,0,2
BRDA:22,8,0,4
BRDA:27,9,0,1
BRDA:30,10,0,1
BRDA:31,11,0,1
BRDA:35,12,0,1
BRDA:38,13,0,1
BRDA:39,14,0,1
BRDA:43,15,0,2
BRDA:45,16,0,3
BRDA:50,17,0,1
BRDA:54,18,0,1
BRDA:58,19,0,1
BRDA:64,20,0,2
BRDA:80,21,0,0
BRDA:80,22,0,0
BRDA:73,23,0,1
BRDA:84,24,0,3
BRDA:87,25,0,1
BRDA:91,26,0,9
BRDA:95,27,0,2
BRDA:96,28,0,2
BRDA:96,29,0,7
BRDA:101,30,0,1
BRDA:103,31,0,4
BRDA:109,32,0,1
BRDA:113,33,0,1
BRDA:117,34,0,1
BRDA:121,35,0,1
BRF:36
BRH:34
end_of_record
TN:
SF:src\hooks\useSites.ts
FN:4,useSites
FNF:1
FNH:1
FNDA:2,useSites
DA:1,1
DA:2,1
DA:3,1
DA:4,1
DA:5,2
DA:6,2
DA:7,2
DA:8,2
DA:9,2
DA:10,2
LF:10
LH:10
BRDA:4,0,0,2
BRF:1
BRH:1
end_of_record
TN:
SF:src\i18n\index.ts
FNF:0
FNH:0
DA:1,1
DA:2,1
DA:3,1
DA:4,1
DA:5,1
DA:6,1
DA:7,1
DA:8,1
DA:9,1
DA:10,1
DA:11,1
DA:12,1
DA:13,1
DA:14,1
DA:15,1
DA:16,1
DA:17,1
DA:18,1
DA:19,1
DA:20,1
DA:21,1
DA:22,1
DA:23,1
DA:24,1
DA:25,1
LF:25
LH:25
BRF:0
BRH:0
end_of_record
