TN:
SF:src/App.tsx
FN:45,App
FNF:1
FNH:1
FNDA:1,App
DA:1,1
DA:2,1
DA:3,1
DA:4,1
DA:5,1
DA:6,1
DA:7,1
DA:8,1
DA:9,1
DA:10,1
DA:11,1
DA:12,1
DA:13,1
DA:14,1
DA:15,1
DA:16,1
DA:17,1
DA:18,1
DA:19,1
DA:20,1
DA:21,1
DA:22,1
DA:23,1
DA:24,1
DA:25,1
DA:26,1
DA:27,1
DA:28,1
DA:29,1
DA:30,1
DA:31,1
DA:32,1
DA:33,1
DA:34,1
DA:35,1
DA:36,1
DA:37,1
DA:38,1
DA:39,1
DA:40,1
DA:41,1
DA:42,1
DA:43,1
DA:44,1
DA:45,1
DA:46,1
DA:47,1
DA:48,1
DA:49,1
DA:50,1
DA:51,1
DA:52,1
DA:53,1
DA:54,1
LF:54
LH:54
BRDA:45,0,0,1
BRF:1
BRH:1
end_of_record
TN:
SF:src/theme.ts
FNF:0
FNH:0
DA:1,1
DA:2,1
DA:3,1
DA:4,1
DA:5,1
DA:6,1
DA:7,1
DA:8,1
DA:9,1
DA:10,1
DA:11,1
DA:12,1
DA:13,1
DA:14,1
DA:15,1
DA:16,1
DA:17,1
DA:18,1
DA:19,1
DA:20,1
DA:21,1
DA:22,1
DA:23,1
DA:24,1
DA:25,1
DA:26,1
DA:27,1
DA:28,1
DA:29,1
DA:30,1
DA:31,1
DA:32,1
DA:33,1
LF:33
LH:33
BRF:0
BRH:0
end_of_record
TN:
SF:src/utils.ts
FN:1,formatBytes
FN:9,formatDate
FNF:2
FNH:2
FNDA:154,formatBytes
FNDA:48,formatDate
DA:1,1
DA:2,154
DA:3,153
DA:4,153
DA:5,153
DA:6,153
DA:7,153
DA:8,1
DA:9,1
DA:10,48
DA:11,46
DA:12,48
DA:13,48
DA:14,48
LF:14
LH:14
BRDA:1,0,0,154
BRDA:2,1,0,1
BRDA:2,2,0,153
BRDA:9,3,0,48
BRDA:10,4,0,2
BRDA:10,5,0,47
BRDA:10,6,0,46
BRDA:12,7,0,45
BRDA:12,8,0,2
BRDA:12,9,0,44
BRF:10
BRH:10
end_of_record
TN:
SF:src/api/client.ts
FN:146,request
FN:159,get
FN:163,list
FN:167,get
FN:174,search
FN:178,folderSize
FN:187,list
FN:188,get
FN:189,create
FN:195,startCopy
FN:197,pause
FN:199,resume
FN:201,delete
FN:208,list
FN:218,csvUrl
FN:221,start
FN:225,get
FN:229,pause
FN:233,resume
FN:237,sqlUrl
FN:238,revert
FNF:21
FNH:21
FNDA:20,request
FNDA:1,get
FNDA:2,list
FNDA:2,get
FNDA:1,search
FNDA:1,folderSize
FNDA:2,list
FNDA:1,get
FNDA:1,create
FNDA:1,startCopy
FNDA:1,pause
FNDA:1,resume
FNDA:2,delete
FNDA:1,list
FNDA:1,csvUrl
FNDA:1,start
FNDA:1,get
FNDA:1,pause
FNDA:1,resume
FNDA:22,sqlUrl
FNDA:1,revert
DA:1,1
DA:2,1
DA:3,1
DA:4,1
DA:5,1
DA:6,1
DA:7,1
DA:8,1
DA:9,1
DA:10,1
DA:11,1
DA:12,1
DA:13,1
DA:14,1
DA:15,1
DA:16,1
DA:17,1
DA:18,1
DA:19,1
DA:20,1
DA:21,1
DA:22,1
DA:23,1
DA:24,1
DA:25,1
DA:26,1
DA:27,1
DA:28,1
DA:29,1
DA:30,1
DA:31,1
DA:32,1
DA:33,1
DA:34,1
DA:35,1
DA:36,1
DA:37,1
DA:38,1
DA:39,1
DA:40,1
DA:41,1
DA:42,1
DA:43,1
DA:44,1
DA:45,1
DA:46,1
DA:47,1
DA:48,1
DA:49,1
DA:50,1
DA:51,1
DA:52,1
DA:53,1
DA:54,1
DA:55,1
DA:56,1
DA:57,1
DA:58,1
DA:59,1
DA:60,1
DA:61,1
DA:62,1
DA:63,1
DA:64,1
DA:65,1
DA:66,1
DA:67,1
DA:68,1
DA:69,1
DA:70,1
DA:71,1
DA:72,1
DA:73,1
DA:74,1
DA:75,1
DA:76,1
DA:77,1
DA:78,1
DA:79,1
DA:80,1
DA:81,1
DA:82,1
DA:83,1
DA:84,1
DA:85,1
DA:86,1
DA:87,1
DA:88,1
DA:89,1
DA:90,1
DA:91,1
DA:92,1
DA:93,1
DA:94,1
DA:95,1
DA:96,1
DA:97,1
DA:98,1
DA:99,1
DA:100,1
DA:101,1
DA:102,1
DA:103,1
DA:104,1
DA:105,1
DA:106,1
DA:107,1
DA:108,1
DA:109,1
DA:110,1
DA:111,1
DA:112,1
DA:113,1
DA:114,1
DA:115,1
DA:116,1
DA:117,1
DA:118,1
DA:119,1
DA:120,1
DA:121,1
DA:122,1
DA:123,1
DA:124,1
DA:125,1
DA:126,1
DA:127,1
DA:128,1
DA:129,1
DA:130,1
DA:131,1
DA:132,1
DA:133,1
DA:134,1
DA:135,1
DA:136,1
DA:137,1
DA:138,1
DA:139,1
DA:140,1
DA:141,1
DA:142,1
DA:143,1
DA:144,1
DA:145,1
DA:146,20
DA:147,20
DA:148,20
DA:149,2
DA:150,2
DA:151,2
DA:152,17
DA:153,17
DA:154,1
DA:155,1
DA:156,1
DA:157,1
DA:158,1
DA:159,1
DA:160,1
DA:161,1
DA:162,1
DA:163,1
DA:164,1
DA:165,1
DA:166,1
DA:167,1
DA:168,2
DA:169,2
DA:170,1
DA:171,2
DA:172,2
DA:173,1
DA:174,1
DA:175,1
DA:176,1
DA:177,1
DA:178,1
DA:179,1
DA:180,1
DA:181,1
DA:182,1
DA:183,1
DA:184,1
DA:185,1
DA:186,1
DA:187,1
DA:188,1
DA:189,1
DA:190,1
DA:191,1
DA:192,1
DA:193,1
DA:194,1
DA:195,1
DA:196,1
DA:197,1
DA:198,1
DA:199,1
DA:200,1
DA:201,1
DA:202,2
DA:203,2
DA:204,2
DA:205,1
DA:206,1
DA:207,1
DA:208,1
DA:209,1
DA:210,1
DA:211,1
DA:212,1
DA:213,1
DA:214,1
DA:215,1
DA:216,1
DA:217,1
DA:218,1
DA:219,1
DA:220,1
DA:221,1
DA:222,1
DA:223,1
DA:224,1
DA:225,1
DA:226,1
DA:227,1
DA:228,1
DA:229,1
DA:230,1
DA:231,1
DA:232,1
DA:233,1
DA:234,1
DA:235,1
DA:236,1
DA:237,1
DA:238,1
DA:239,1
DA:240,1
DA:241,1
LF:241
LH:241
BRDA:146,0,0,20
BRDA:147,1,0,19
BRDA:148,2,0,2
BRDA:151,3,0,17
BRDA:149,4,0,1
BRDA:159,5,0,1
BRDA:163,6,0,2
BRDA:167,7,0,2
BRDA:170,8,0,1
BRDA:171,9,0,1
BRDA:174,10,0,1
BRDA:178,11,0,1
BRDA:179,12,0,2
BRDA:187,13,0,2
BRDA:188,14,0,1
BRDA:189,15,0,1
BRDA:195,16,0,1
BRDA:197,17,0,1
BRDA:199,18,0,1
BRDA:201,19,0,2
BRDA:202,20,0,2
BRDA:203,21,0,1
BRDA:208,22,0,1
BRDA:218,23,0,1
BRDA:221,24,0,1
BRDA:225,25,0,1
BRDA:229,26,0,1
BRDA:233,27,0,1
BRDA:237,28,0,22
BRDA:238,29,0,1
BRF:30
BRH:30
end_of_record
TN:
SF:src/components/SearchResultList.tsx
FN:16,getMimeIcon
FN:51,SearchResultList
FN:140,onChange
FN:143,onClick
FNF:4
FNH:4
FNDA:8,getMimeIcon
FNDA:3,SearchResultList
FNDA:1,onChange
FNDA:1,onClick
DA:1,1
DA:2,1
DA:3,1
DA:4,1
DA:5,1
DA:6,1
DA:7,1
DA:8,1
DA:9,1
DA:10,1
DA:11,1
DA:12,1
DA:13,1
DA:14,1
DA:15,1
DA:16,8
DA:17,8
DA:18,7
DA:19,8
DA:20,6
DA:21,8
DA:22,5
DA:23,8
DA:24,4
DA:25,4
DA:26,8
DA:27,4
DA:28,8
DA:29,8
DA:30,8
DA:31,8
DA:32,2
DA:33,2
DA:34,8
DA:35,8
DA:36,1
DA:37,8
DA:38,8
DA:39,8
DA:40,8
DA:41,0
DA:42,0
DA:43,1
DA:44,1
DA:45,1
DA:46,1
DA:47,1
DA:48,1
DA:49,1
DA:50,1
DA:51,1
DA:52,3
DA:53,3
DA:54,3
DA:55,3
DA:56,3
DA:57,3
DA:58,3
DA:59,3
DA:60,1
DA:61,1
DA:62,1
DA:63,6
DA:64,1
DA:65,1
DA:66,1
DA:67,1
DA:68,2
DA:69,3
DA:70,1
DA:71,1
DA:72,1
DA:73,1
DA:74,1
DA:75,1
DA:76,1
DA:77,1
DA:78,1
DA:79,1
DA:80,1
DA:81,1
DA:82,1
DA:83,1
DA:84,1
DA:85,1
DA:86,1
DA:87,1
DA:88,1
DA:89,1
DA:90,1
DA:91,1
DA:92,1
DA:93,1
DA:94,1
DA:95,1
DA:96,1
DA:97,1
DA:98,1
DA:99,1
DA:100,1
DA:101,1
DA:102,1
DA:103,1
DA:104,1
DA:105,1
DA:106,1
DA:107,1
DA:108,1
DA:109,1
DA:110,1
DA:111,1
DA:112,1
DA:113,1
DA:114,1
DA:115,1
DA:116,1
DA:117,1
DA:118,1
DA:119,1
DA:120,1
DA:121,1
DA:122,1
DA:123,1
DA:124,1
DA:125,1
DA:126,1
DA:127,1
DA:128,8
DA:129,8
DA:130,8
DA:131,8
DA:132,8
DA:133,8
DA:134,8
DA:135,8
DA:136,8
DA:137,8
DA:138,8
DA:139,8
DA:140,8
DA:141,1
DA:142,8
DA:143,8
DA:144,8
DA:145,8
DA:146,8
DA:147,8
DA:148,8
DA:149,8
DA:150,8
DA:151,8
DA:152,8
DA:153,8
DA:154,8
DA:155,8
DA:156,8
DA:157,8
DA:158,8
DA:159,8
DA:160,8
DA:161,8
DA:162,8
DA:163,8
DA:164,8
DA:165,8
DA:166,8
DA:167,8
DA:168,8
DA:169,8
DA:170,8
DA:171,8
DA:172,8
DA:173,8
DA:174,8
DA:175,8
DA:176,8
DA:177,8
DA:178,8
DA:179,8
DA:180,8
DA:181,8
DA:182,8
DA:183,8
DA:184,8
DA:185,8
DA:186,8
DA:187,8
DA:188,8
DA:189,8
DA:190,8
DA:191,8
DA:192,8
DA:193,1
DA:194,1
DA:195,1
DA:196,1
LF:196
LH:194
BRDA:16,0,0,8
BRDA:17,1,0,1
BRDA:17,2,0,7
BRDA:19,3,0,1
BRDA:19,4,0,6
BRDA:21,5,0,1
BRDA:21,6,0,5
BRDA:23,7,0,1
BRDA:23,8,0,4
BRDA:26,9,0,4
BRDA:29,10,0,1
BRDA:29,11,0,3
BRDA:31,12,0,1
BRDA:31,13,0,2
BRDA:33,14,0,1
BRDA:34,15,0,1
BRDA:35,16,0,1
BRDA:38,17,0,1
BRDA:39,18,0,0
BRDA:40,19,0,1
BRDA:40,20,0,0
BRDA:51,21,0,3
BRDA:59,22,0,1
BRDA:67,23,0,2
BRDA:69,24,0,1
BRDA:62,25,0,6
BRDA:127,26,0,8
BRDA:173,27,0,1
BRDA:190,28,0,7
BRDA:190,29,0,1
BRDA:140,30,0,1
BRDA:143,31,0,1
BRF:32
BRH:30
end_of_record
TN:
SF:src/components/StatusBadge.tsx
FN:35,JobStatusBadge
FN:50,FileStatusBadge
FN:75,MigrationStatusBadge
FNF:3
FNH:3
FNDA:34,JobStatusBadge
FNDA:42,FileStatusBadge
FNDA:43,MigrationStatusBadge
DA:1,1
DA:2,1
DA:3,1
DA:4,1
DA:5,1
DA:6,1
DA:7,1
DA:8,1
DA:9,1
DA:10,1
DA:11,1
DA:12,1
DA:13,1
DA:14,1
DA:15,1
DA:16,1
DA:17,1
DA:18,1
DA:19,1
DA:20,1
DA:21,1
DA:22,1
DA:23,1
DA:24,1
DA:25,1
DA:26,1
DA:27,1
DA:28,1
DA:29,1
DA:30,1
DA:31,1
DA:32,1
DA:33,1
DA:34,1
DA:35,1
DA:36,34
DA:37,34
DA:38,34
DA:39,34
DA:40,34
DA:41,34
DA:42,34
DA:43,1
DA:44,1
DA:45,1
DA:46,1
DA:47,1
DA:48,1
DA:49,1
DA:50,1
DA:51,42
DA:52,42
DA:53,4
DA:54,4
DA:55,4
DA:56,4
DA:57,4
DA:58,4
DA:59,4
DA:60,4
DA:61,4
DA:62,38
DA:63,38
DA:64,38
DA:65,38
DA:66,38
DA:67,38
DA:68,1
DA:69,1
DA:70,1
DA:71,1
DA:72,1
DA:73,1
DA:74,1
DA:75,1
DA:76,43
DA:77,43
DA:78,3
DA:79,3
DA:80,3
DA:81,3
DA:82,3
DA:83,3
DA:84,3
DA:85,3
DA:86,3
DA:87,40
DA:88,40
DA:89,40
DA:90,40
DA:91,40
DA:92,40
LF:92
LH:92
BRDA:35,0,0,34
BRDA:38,1,0,0
BRDA:50,2,0,42
BRDA:52,3,0,8
BRDA:52,4,0,4
BRDA:61,5,0,38
BRDA:75,6,0,43
BRDA:77,7,0,5
BRDA:77,8,0,3
BRDA:86,9,0,40
BRF:10
BRH:9
end_of_record
TN:
SF:src/hooks/useBrowse.ts
FN:4,useBrowse
FN:7,queryFn
FN:13,useSearch
FN:16,queryFn
FNF:4
FNH:4
FNDA:3,useBrowse
FNDA:1,queryFn
FNDA:3,useSearch
FNDA:1,queryFn
DA:1,1
DA:2,1
DA:3,1
DA:4,1
DA:5,3
DA:6,3
DA:7,3
DA:8,3
DA:9,3
DA:10,3
DA:11,3
DA:12,1
DA:13,1
DA:14,3
DA:15,3
DA:16,3
DA:17,3
DA:18,3
DA:19,3
DA:20,3
LF:20
LH:20
BRDA:4,0,0,3
BRDA:7,1,0,1
BRDA:13,2,0,3
BRDA:16,3,0,1
BRF:4
BRH:4
end_of_record
TN:
SF:src/hooks/useJobs.ts
FN:4,useJobs
FN:12,useJob
FN:15,queryFn
FN:16,refetchInterval
FN:27,useCreateJob
FN:30,mutationFn
FN:31,onSuccess
FN:35,useDeleteJob
FN:38,mutationFn
FN:39,onSuccess
FN:43,useJobAction
FN:45,invalidate
FN:50,mutationFn
FN:54,mutationFn
FN:58,mutationFn
FN:64,useJobFiles
FN:73,queryFn
FN:84,useMigration
FN:87,queryFn
FN:91,refetchInterval
FN:101,useMigrationActions
FN:103,invalidate
FN:109,mutationFn
FN:113,mutationFn
FN:117,mutationFn
FN:121,mutationFn
FNF:26
FNH:26
FNDA:2,useJobs
FNDA:2,useJob
FNDA:1,queryFn
FNDA:6,refetchInterval
FNDA:1,useCreateJob
FNDA:1,mutationFn
FNDA:1,onSuccess
FNDA:1,useDeleteJob
FNDA:1,mutationFn
FNDA:1,onSuccess
FNDA:2,useJobAction
FNDA:3,invalidate
FNDA:1,mutationFn
FNDA:1,mutationFn
FNDA:1,mutationFn
FNDA:2,useJobFiles
FNDA:1,queryFn
FNDA:3,useMigration
FNDA:1,queryFn
FNDA:9,refetchInterval
FNDA:1,useMigrationActions
FNDA:4,invalidate
FNDA:1,mutationFn
FNDA:1,mutationFn
FNDA:1,mutationFn
FNDA:1,mutationFn
DA:1,1
DA:2,1
DA:3,1
DA:4,1
DA:5,2
DA:6,2
DA:7,2
DA:8,2
DA:9,2
DA:10,2
DA:11,1
DA:12,1
DA:13,2
DA:14,2
DA:15,2
DA:16,2
DA:17,6
DA:18,6
DA:19,6
DA:20,4
DA:21,2
DA:22,6
DA:23,6
DA:24,2
DA:25,2
DA:26,1
DA:27,1
DA:28,1
DA:29,1
DA:30,1
DA:31,1
DA:32,1
DA:33,1
DA:34,1
DA:35,1
DA:36,1
DA:37,1
DA:38,1
DA:39,1
DA:40,1
DA:41,1
DA:42,1
DA:43,1
DA:44,2
DA:45,2
DA:46,3
DA:47,3
DA:48,2
DA:49,2
DA:50,2
DA:51,2
DA:52,2
DA:53,2
DA:54,2
DA:55,2
DA:56,2
DA:57,2
DA:58,2
DA:59,2
DA:60,2
DA:61,2
DA:62,2
DA:63,1
DA:64,1
DA:65,2
DA:66,2
DA:67,2
DA:68,2
DA:69,2
DA:70,2
DA:71,2
DA:72,2
DA:73,2
DA:74,1
DA:75,1
DA:76,1
DA:77,1
DA:78,2
DA:79,2
DA:80,2
DA:81,2
DA:82,2
DA:83,1
DA:84,1
DA:85,3
DA:86,3
DA:87,3
DA:88,3
DA:89,3
DA:90,3
DA:91,3
DA:92,9
DA:93,9
DA:94,9
DA:95,9
DA:96,9
DA:97,9
DA:98,3
DA:99,3
DA:100,1
DA:101,1
DA:102,1
DA:103,1
DA:104,4
DA:105,4
DA:106,4
DA:107,1
DA:108,1
DA:109,1
DA:110,1
DA:111,1
DA:112,1
DA:113,1
DA:114,1
DA:115,1
DA:116,1
DA:117,1
DA:118,1
DA:119,1
DA:120,1
DA:121,1
DA:122,1
DA:123,1
DA:124,1
DA:125,1
LF:125
LH:125
BRDA:4,0,0,2
BRDA:12,1,0,2
BRDA:15,2,0,1
BRDA:16,3,0,6
BRDA:17,4,0,2
BRDA:18,5,0,4
BRDA:19,6,0,4
BRDA:21,7,0,2
BRDA:22,8,0,4
BRDA:27,9,0,1
BRDA:30,10,0,1
BRDA:31,11,0,1
BRDA:35,12,0,1
BRDA:38,13,0,1
BRDA:39,14,0,1
BRDA:43,15,0,2
BRDA:45,16,0,3
BRDA:50,17,0,1
BRDA:54,18,0,1
BRDA:58,19,0,1
BRDA:64,20,0,2
BRDA:80,21,0,0
BRDA:80,22,0,0
BRDA:73,23,0,1
BRDA:84,24,0,3
BRDA:87,25,0,1
BRDA:91,26,0,9
BRDA:95,27,0,2
BRDA:96,28,0,2
BRDA:96,29,0,7
BRDA:101,30,0,1
BRDA:103,31,0,4
BRDA:109,32,0,1
BRDA:113,33,0,1
BRDA:117,34,0,1
BRDA:121,35,0,1
BRF:36
BRH:34
end_of_record
TN:
SF:src/hooks/useSites.ts
FN:4,useSites
FNF:1
FNH:1
FNDA:2,useSites
DA:1,1
DA:2,1
DA:3,1
DA:4,1
DA:5,2
DA:6,2
DA:7,2
DA:8,2
DA:9,2
DA:10,2
LF:10
LH:10
BRDA:4,0,0,2
BRF:1
BRH:1
end_of_record
TN:
SF:src/i18n/index.ts
FNF:0
FNH:0
DA:1,1
DA:2,1
DA:3,1
DA:4,1
DA:5,1
DA:6,1
DA:7,1
DA:8,1
DA:9,1
DA:10,1
DA:11,1
DA:12,1
DA:13,1
DA:14,1
DA:15,1
DA:16,1
DA:17,1
DA:18,1
DA:19,1
DA:20,1
DA:21,1
DA:22,1
DA:23,1
DA:24,1
DA:25,1
LF:25
LH:25
BRF:0
BRH:0
end_of_record
